#
# A fatal error has been detected by the Java Runtime Environment:
#
#  SIGSEGV (0xb) at pc=0x00007f8765b96f48, pid=11294, tid=140218056029952
#
# JRE version: Java(TM) SE Runtime Environment (8.0_51-b16) (build 1.8.0_51-b16)
# Java VM: Java HotSpot(TM) 64-Bit Server VM (25.51-b03 mixed mode linux-amd64 compressed oops)
# Problematic frame:
# V  [libjvm.so+0x6c3f48]  jni_invoke_nonstatic(JNIEnv_*, JavaValue*, _jobject*, JNICallType, _jmethodID*, JNI_ArgumentPusher*, Thread*)+0x38
#
# Failed to write core dump. Core dumps have been disabled. To enable core dumping, try "ulimit -c unlimited" before starting Java again
#
# If you would like to submit a bug report, please visit:
#   http://bugreport.java.com/bugreport/crash.jsp
#

---------------  T H R E A D  ---------------

Current thread (0x00007f8760237000):  JavaThread "JavaFX Application Thread" [_thread_in_vm, id=11314, stack(0x00007f870f5bb000,0x00007f870f6bc000)]

siginfo: si_signo: 11 (SIGSEGV), si_code: 1 (SEGV_MAPERR), si_addr: 0xffffffffffffffff

Registers:
RAX=0x00007f870f6ba330, RBX=0x00007f870f6ba240, RCX=0x0000000000000001, RDX=0xffffffffffffffff
RSP=0x00007f870f6ba090, RBP=0x00007f870f6ba210, RSI=0x00007f870f6ba2a0, RDI=0x00007f87602371f8
R8 =0x00007f87601ef878, R9 =0x00007f870f6ba240, R10=0x0000000000000006, R11=0x00007f875163c3c0
R12=0x00007f8760237000, R13=0x00007f87601ef878, R14=0x0000000000000001, R15=0x00007f87602371f8
RIP=0x00007f8765b96f48, EFLAGS=0x0000000000010286, CSGSFS=0x002b000000000033, ERR=0x0000000000000005
  TRAPNO=0x000000000000000e

Top of Stack: (sp=0x00007f870f6ba090)
0x00007f870f6ba090:   00007f870f6ba740 00007f8751013768
0x00007f870f6ba0a0:   00007f870f6ba0f0 00007f870f6ba170
0x00007f870f6ba0b0:   00007f870f6ba240 00007f870f6ba2a0
0x00007f870f6ba0c0:   00007f87602371f8 00007f8765bb67e0
0x00007f870f6ba0d0:   00007f8730055380 00007f8730055390
0x00007f870f6ba0e0:   00007f8730055768 00000000000003d8
0x00007f870f6ba0f0:   00007f8750836720 00000000efe0e620
0x00007f870f6ba100:   00007f870000006f 000000000000000a
0x00007f870f6ba110:   00000000eee8d690 00007f8700000000
0x00007f870f6ba120:   00007f87508d8030 00007f8760237000
0x00007f870f6ba130:   000000000000000f 0000000100000100
0x00007f870f6ba140:   00007f8750836720 00007f870f6ba0f8
0x00007f870f6ba150:   00007f870f6ba139 0000000800000005
0x00007f870f6ba160:   00007f8750836700 00007f8760237000
0x00007f870f6ba170:   00007f8766413530 00007f8766edb470
0x00007f870f6ba180:   00000000efe0e660 00007f8750836720
0x00007f870f6ba190:   0000000000000000 00007f8760237000
0x00007f870f6ba1a0:   00007f8750840680 00007f8760237000
0x00007f870f6ba1b0:   00007f8750840680 00007f8760237000
0x00007f870f6ba1c0:   00007f870f6ba210 00007f8750840680
0x00007f870f6ba1d0:   00007f8750840680 00007f8750840680
0x00007f870f6ba1e0:   00007f87602371f8 00007f870f6ba240
0x00007f870f6ba1f0:   00007f8760237000 00007f870f6ba280
0x00007f870f6ba200:   00007f87601ef878 00007f87602371f8
0x00007f870f6ba210:   00007f870f6ba300 00007f8765b9b6ef
0x00007f870f6ba220:   00007f8760237000 00000000000000e8
0x00007f870f6ba230:   00007f870f6ba310 ffffffffffffffff
0x00007f870f6ba240:   00007f8766414190 00007f8766edb470
0x00007f870f6ba250:   0000000000000006 00007f8700000063
0x00007f870f6ba260:   0000000000000000 0000003000000018
0x00007f870f6ba270:   00007f870f6ba3f0 00007f870f6ba330
0x00007f870f6ba280:   00007f8760237000 0000000000000000 

Instructions: (pc=0x00007f8765b96f48)
0x00007f8765b96f28:   00 00 48 85 d2 48 89 bd b0 fe ff ff 48 89 b5 a8
0x00007f8765b96f38:   fe ff ff 4c 89 8d a0 fe ff ff 0f 84 10 09 00 00
0x00007f8765b96f48:   4c 8b 22 4d 85 e4 0f 84 04 09 00 00 48 8b 45 10
0x00007f8765b96f58:   48 8b 98 38 01 00 00 48 83 7b 18 f7 0f 87 06 06 

Register to memory mapping:

RAX=0x00007f870f6ba330 is pointing into the stack for thread: 0x00007f8760237000
RBX=0x00007f870f6ba240 is pointing into the stack for thread: 0x00007f8760237000
RCX=0x0000000000000001 is an unknown value
RDX=0xffffffffffffffff is an unknown value
RSP=0x00007f870f6ba090 is pointing into the stack for thread: 0x00007f8760237000
RBP=0x00007f870f6ba210 is pointing into the stack for thread: 0x00007f8760237000
RSI=0x00007f870f6ba2a0 is pointing into the stack for thread: 0x00007f8760237000
RDI=0x00007f87602371f8 is an unknown value
R8 =0x00007f87601ef878 is an unknown value
R9 =0x00007f870f6ba240 is pointing into the stack for thread: 0x00007f8760237000
R10=0x0000000000000006 is an unknown value
R11=0x00007f875163c3c0 is at entry_point+32 in (nmethod*)0x00007f875163c250
R12=0x00007f8760237000 is a thread
R13=0x00007f87601ef878 is an unknown value
R14=0x0000000000000001 is an unknown value
R15=0x00007f87602371f8 is an unknown value


Stack: [0x00007f870f5bb000,0x00007f870f6bc000],  sp=0x00007f870f6ba090,  free space=1020k
Native frames: (J=compiled Java code, j=interpreted, Vv=VM code, C=native code)
V  [libjvm.so+0x6c3f48]  jni_invoke_nonstatic(JNIEnv_*, JavaValue*, _jobject*, JNICallType, _jmethodID*, JNI_ArgumentPusher*, Thread*)+0x38
V  [libjvm.so+0x6c86ef]  jni_CallVoidMethodV+0x10f
C  [libglass.so+0x1b798]  JNIEnv_::CallVoidMethod(_jobject*, _jmethodID*, ...)+0x98
C  [libglass.so+0x19355]  WindowContextBase::process_key(_GdkEventKey*)+0x225
C  [libglass.so+0x22bf0]  WindowContextBase::im_filter_keypress(_GdkEventKey*)+0x1f0
C  [libglass.so+0x254d4]  process_events(_GdkEvent*, void*)+0x204
C  [libgdk-x11-2.0.so.0+0x5b2cc]

Java frames: (J=compiled Java code, j=interpreted, Vv=VM code)
j  com.sun.glass.ui.gtk.GtkApplication._runLoop(Ljava/lang/Runnable;Z)V+0
j  com.sun.glass.ui.gtk.GtkApplication.lambda$null$48(Ljava/lang/Runnable;Z)V+7
j  com.sun.glass.ui.gtk.GtkApplication$$Lambda$41.run()V+12
j  java.lang.Thread.run()V+11
v  ~StubRoutines::call_stub

---------------  P R O C E S S  ---------------

Java Threads: ( => current thread )
  0x00007f87004af000 JavaThread "Prism Font Disposer" daemon [_thread_blocked, id=11317, stack(0x00007f870d9d0000,0x00007f870dad1000)]
  0x00007f870021e000 JavaThread "Abandoned connection cleanup thread" daemon [_thread_blocked, id=11316, stack(0x00007f870eece000,0x00007f870efcf000)]
  0x00007f876023b000 JavaThread "JavaFX-Launcher" [_thread_blocked, id=11315, stack(0x00007f870f4ba000,0x00007f870f5bb000)]
=>0x00007f8760237000 JavaThread "JavaFX Application Thread" [_thread_in_vm, id=11314, stack(0x00007f870f5bb000,0x00007f870f6bc000)]
  0x00007f8760233000 JavaThread "Thread-1" daemon [_thread_blocked, id=11313, stack(0x00007f8748043000,0x00007f8748144000)]
  0x00007f87601da800 JavaThread "QuantumRenderer-0" daemon [_thread_blocked, id=11311, stack(0x00007f8748ec9000,0x00007f8748fca000)]
  0x00007f87600bd000 JavaThread "Service Thread" daemon [_thread_blocked, id=11309, stack(0x00007f8749160000,0x00007f8749261000)]
  0x00007f87600b8800 JavaThread "C1 CompilerThread1" daemon [_thread_blocked, id=11308, stack(0x00007f8749261000,0x00007f8749362000)]
  0x00007f87600b5800 JavaThread "C2 CompilerThread0" daemon [_thread_in_native, id=11307, stack(0x00007f8749362000,0x00007f8749463000)]
  0x00007f87600b4000 JavaThread "Signal Dispatcher" daemon [_thread_blocked, id=11306, stack(0x00007f8749463000,0x00007f8749564000)]
  0x00007f876007c000 JavaThread "Finalizer" daemon [_thread_blocked, id=11305, stack(0x00007f87496f2000,0x00007f87497f3000)]
  0x00007f876007a000 JavaThread "Reference Handler" daemon [_thread_blocked, id=11304, stack(0x00007f87497f3000,0x00007f87498f4000)]
  0x00007f8760009800 JavaThread "main" [_thread_blocked, id=11296, stack(0x00007f8766f58000,0x00007f8767059000)]

Other Threads:
  0x00007f8760075000 VMThread [stack: 0x00007f87498f4000,0x00007f87499f5000] [id=11303]
  0x00007f87600bf800 WatcherThread [stack: 0x00007f874905f000,0x00007f8749160000] [id=11310]

VM state:not at safepoint (normal execution)

VM Mutex/Monitor currently owned by a thread: None

Heap:
 PSYoungGen      total 30720K, used 4144K [0x00000000ee000000, 0x00000000f1280000, 0x0000000100000000)
  eden space 28672K, 7% used [0x00000000ee000000,0x00000000ee210158,0x00000000efc00000)
  from space 2048K, 99% used [0x00000000efe00000,0x00000000efffc050,0x00000000f0000000)
  to   space 2048K, 0% used [0x00000000efc00000,0x00000000efc00000,0x00000000efe00000)
 ParOldGen       total 28672K, used 9421K [0x00000000ca000000, 0x00000000cbc00000, 0x00000000ee000000)
  object space 28672K, 32% used [0x00000000ca000000,0x00000000ca933420,0x00000000cbc00000)
 Metaspace       used 24434K, capacity 25980K, committed 26032K, reserved 1071104K
  class space    used 3439K, capacity 3723K, committed 3760K, reserved 1048576K

Card table byte_map: [0x00007f87641f4000,0x00007f87643a5000] byte_map_base: 0x00007f8763ba4000

Marking Bits: (ParMarkBitMap*) 0x00007f8766471660
 Begin Bits: [0x00007f874a500000, 0x00007f874b280000)
 End Bits:   [0x00007f874b280000, 0x00007f874c000000)

Polling page: 0x00007f8767096000

CodeCache: size=245760Kb used=9148Kb max_used=9148Kb free=236611Kb
 bounds [0x00007f8751000000, 0x00007f8751900000, 0x00007f8760000000]
 total_blobs=3743 nmethods=3007 adapters=649
 compilation: enabled

Compilation events (10 events):
Event: 14.471 Thread 0x00007f87600b8800 nmethod 3031 0x00007f87518ec650 code [0x00007f87518ec860, 0x00007f87518ecd98]
Event: 14.471 Thread 0x00007f87600b8800 3032       2       javafx.scene.Node$1::invalidated (236 bytes)
Event: 14.475 Thread 0x00007f87600b8800 nmethod 3032 0x00007f87518ed350 code [0x00007f87518ed660, 0x00007f87518ee778]
Event: 14.475 Thread 0x00007f87600b8800 3040       2       javafx.scene.layout.Region::resize (67 bytes)
Event: 14.476 Thread 0x00007f87600b8800 nmethod 3040 0x00007f87518ef710 code [0x00007f87518ef940, 0x00007f87518efef8]
Event: 14.476 Thread 0x00007f87600b8800 3039       1       javafx.scene.layout.Region::isResizable (2 bytes)
Event: 14.476 Thread 0x00007f87600b8800 nmethod 3039 0x00007f87518f0450 code [0x00007f87518f05a0, 0x00007f87518f06b0]
Event: 14.476 Thread 0x00007f87600b8800 3033       2       javafx.scene.Node::access$500 (5 bytes)
Event: 14.476 Thread 0x00007f87600b8800 nmethod 3033 0x00007f87518f0710 code [0x00007f87518f0880, 0x00007f87518f09c8]
Event: 14.476 Thread 0x00007f87600b8800 3034       2       javafx.scene.Node::updateDisabled (73 bytes)

GC Heap History (10 events):
Event: 0.752 GC heap before
{Heap before GC invocations=1 (full 0):
 PSYoungGen      total 16384K, used 14333K [0x00000000ee000000, 0x00000000ef200000, 0x0000000100000000)
  eden space 14336K, 99% used [0x00000000ee000000,0x00000000eedff7a8,0x00000000eee00000)
  from space 2048K, 0% used [0x00000000ef000000,0x00000000ef000000,0x00000000ef200000)
  to   space 2048K, 0% used [0x00000000eee00000,0x00000000eee00000,0x00000000ef000000)
 ParOldGen       total 36864K, used 0K [0x00000000ca000000, 0x00000000cc400000, 0x00000000ee000000)
  object space 36864K, 0% used [0x00000000ca000000,0x00000000ca000000,0x00000000cc400000)
 Metaspace       used 9280K, capacity 9636K, committed 9984K, reserved 1058816K
  class space    used 1114K, capacity 1234K, committed 1280K, reserved 1048576K
Event: 0.760 GC heap after
Heap after GC invocations=1 (full 0):
 PSYoungGen      total 16384K, used 2026K [0x00000000ee000000, 0x00000000f0000000, 0x0000000100000000)
  eden space 14336K, 0% used [0x00000000ee000000,0x00000000ee000000,0x00000000eee00000)
  from space 2048K, 98% used [0x00000000eee00000,0x00000000eeffa9c0,0x00000000ef000000)
  to   space 2048K, 0% used [0x00000000efe00000,0x00000000efe00000,0x00000000f0000000)
 ParOldGen       total 36864K, used 713K [0x00000000ca000000, 0x00000000cc400000, 0x00000000ee000000)
  object space 36864K, 1% used [0x00000000ca000000,0x00000000ca0b2400,0x00000000cc400000)
 Metaspace       used 9280K, capacity 9636K, committed 9984K, reserved 1058816K
  class space    used 1114K, capacity 1234K, committed 1280K, reserved 1048576K
}
Event: 1.428 GC heap before
{Heap before GC invocations=2 (full 0):
 PSYoungGen      total 16384K, used 16362K [0x00000000ee000000, 0x00000000f0000000, 0x0000000100000000)
  eden space 14336K, 100% used [0x00000000ee000000,0x00000000eee00000,0x00000000eee00000)
  from space 2048K, 98% used [0x00000000eee00000,0x00000000eeffa9c0,0x00000000ef000000)
  to   space 2048K, 0% used [0x00000000efe00000,0x00000000efe00000,0x00000000f0000000)
 ParOldGen       total 36864K, used 713K [0x00000000ca000000, 0x00000000cc400000, 0x00000000ee000000)
  object space 36864K, 1% used [0x00000000ca000000,0x00000000ca0b2400,0x00000000cc400000)
 Metaspace       used 14738K, capacity 15260K, committed 15488K, reserved 1062912K
  class space    used 1939K, capacity 2111K, committed 2176K, reserved 1048576K
Event: 1.438 GC heap after
Heap after GC invocations=2 (full 0):
 PSYoungGen      total 30720K, used 2034K [0x00000000ee000000, 0x00000000f0000000, 0x0000000100000000)
  eden space 28672K, 0% used [0x00000000ee000000,0x00000000ee000000,0x00000000efc00000)
  from space 2048K, 99% used [0x00000000efe00000,0x00000000efffcac0,0x00000000f0000000)
  to   space 2048K, 0% used [0x00000000efc00000,0x00000000efc00000,0x00000000efe00000)
 ParOldGen       total 36864K, used 2991K [0x00000000ca000000, 0x00000000cc400000, 0x00000000ee000000)
  object space 36864K, 8% used [0x00000000ca000000,0x00000000ca2ebd08,0x00000000cc400000)
 Metaspace       used 14738K, capacity 15260K, committed 15488K, reserved 1062912K
  class space    used 1939K, capacity 2111K, committed 2176K, reserved 1048576K
}
Event: 11.734 GC heap before
{Heap before GC invocations=3 (full 0):
 PSYoungGen      total 30720K, used 18964K [0x00000000ee000000, 0x00000000f0000000, 0x0000000100000000)
  eden space 28672K, 59% used [0x00000000ee000000,0x00000000ef088738,0x00000000efc00000)
  from space 2048K, 99% used [0x00000000efe00000,0x00000000efffcac0,0x00000000f0000000)
  to   space 2048K, 0% used [0x00000000efc00000,0x00000000efc00000,0x00000000efe00000)
 ParOldGen       total 36864K, used 2991K [0x00000000ca000000, 0x00000000cc400000, 0x00000000ee000000)
  object space 36864K, 8% used [0x00000000ca000000,0x00000000ca2ebd08,0x00000000cc400000)
 Metaspace       used 20203K, capacity 21244K, committed 21296K, reserved 1067008K
  class space    used 2877K, capacity 3083K, committed 3120K, reserved 1048576K
Event: 11.744 GC heap after
Heap after GC invocations=3 (full 0):
 PSYoungGen      total 30720K, used 2032K [0x00000000ee000000, 0x00000000f0000000, 0x0000000100000000)
  eden space 28672K, 0% used [0x00000000ee000000,0x00000000ee000000,0x00000000efc00000)
  from space 2048K, 99% used [0x00000000efc00000,0x00000000efdfc048,0x00000000efe00000)
  to   space 2048K, 0% used [0x00000000efe00000,0x00000000efe00000,0x00000000f0000000)
 ParOldGen       total 36864K, used 5012K [0x00000000ca000000, 0x00000000cc400000, 0x00000000ee000000)
  object space 36864K, 13% used [0x00000000ca000000,0x00000000ca4e52a8,0x00000000cc400000)
 Metaspace       used 20203K, capacity 21244K, committed 21296K, reserved 1067008K
  class space    used 2877K, capacity 3083K, committed 3120K, reserved 1048576K
}
Event: 11.744 GC heap before
{Heap before GC invocations=4 (full 1):
 PSYoungGen      total 30720K, used 2032K [0x00000000ee000000, 0x00000000f0000000, 0x0000000100000000)
  eden space 28672K, 0% used [0x00000000ee000000,0x00000000ee000000,0x00000000efc00000)
  from space 2048K, 99% used [0x00000000efc00000,0x00000000efdfc048,0x00000000efe00000)
  to   space 2048K, 0% used [0x00000000efe00000,0x00000000efe00000,0x00000000f0000000)
 ParOldGen       total 36864K, used 5012K [0x00000000ca000000, 0x00000000cc400000, 0x00000000ee000000)
  object space 36864K, 13% used [0x00000000ca000000,0x00000000ca4e52a8,0x00000000cc400000)
 Metaspace       used 20203K, capacity 21244K, committed 21296K, reserved 1067008K
  class space    used 2877K, capacity 3083K, committed 3120K, reserved 1048576K
Event: 11.795 GC heap after
Heap after GC invocations=4 (full 1):
 PSYoungGen      total 30720K, used 0K [0x00000000ee000000, 0x00000000f0000000, 0x0000000100000000)
  eden space 28672K, 0% used [0x00000000ee000000,0x00000000ee000000,0x00000000efc00000)
  from space 2048K, 0% used [0x00000000efc00000,0x00000000efc00000,0x00000000efe00000)
  to   space 2048K, 0% used [0x00000000efe00000,0x00000000efe00000,0x00000000f0000000)
 ParOldGen       total 28672K, used 6193K [0x00000000ca000000, 0x00000000cbc00000, 0x00000000ee000000)
  object space 28672K, 21% used [0x00000000ca000000,0x00000000ca60c620,0x00000000cbc00000)
 Metaspace       used 20203K, capacity 21244K, committed 21296K, reserved 1067008K
  class space    used 2877K, capacity 3083K, committed 3120K, reserved 1048576K
}
Event: 14.331 GC heap before
{Heap before GC invocations=5 (full 1):
 PSYoungGen      total 30720K, used 28672K [0x00000000ee000000, 0x00000000f0000000, 0x0000000100000000)
  eden space 28672K, 100% used [0x00000000ee000000,0x00000000efc00000,0x00000000efc00000)
  from space 2048K, 0% used [0x00000000efc00000,0x00000000efc00000,0x00000000efe00000)
  to   space 2048K, 0% used [0x00000000efe00000,0x00000000efe00000,0x00000000f0000000)
 ParOldGen       total 28672K, used 6193K [0x00000000ca000000, 0x00000000cbc00000, 0x00000000ee000000)
  object space 28672K, 21% used [0x00000000ca000000,0x00000000ca60c620,0x00000000cbc00000)
 Metaspace       used 24223K, capacity 25678K, committed 25776K, reserved 1071104K
  class space    used 3401K, capacity 3694K, committed 3760K, reserved 1048576K
Event: 14.347 GC heap after
Heap after GC invocations=5 (full 1):
 PSYoungGen      total 30720K, used 2032K [0x00000000ee000000, 0x00000000f1280000, 0x0000000100000000)
  eden space 28672K, 0% used [0x00000000ee000000,0x00000000ee000000,0x00000000efc00000)
  from space 2048K, 99% used [0x00000000efe00000,0x00000000efffc050,0x00000000f0000000)
  to   space 2048K, 0% used [0x00000000efc00000,0x00000000efc00000,0x00000000efe00000)
 ParOldGen       total 28672K, used 9421K [0x00000000ca000000, 0x00000000cbc00000, 0x00000000ee000000)
  object space 28672K, 32% used [0x00000000ca000000,0x00000000ca933420,0x00000000cbc00000)
 Metaspace       used 24223K, capacity 25678K, committed 25776K, reserved 1071104K
  class space    used 3401K, capacity 3694K, committed 3760K, reserved 1048576K
}

Deoptimization events (10 events):
Event: 7.468 Thread 0x00007f8760237000 Uncommon trap: reason=unstable_if action=reinterpret pc=0x00007f8751551934 method=java.util.HashMap.removeNode(ILjava/lang/Object;Ljava/lang/Object;ZZ)Ljava/util/HashMap$Node; @ 46
Event: 7.475 Thread 0x00007f8760237000 Uncommon trap: reason=unstable_if action=reinterpret pc=0x00007f87514e5788 method=java.lang.StrictMath.floorOrCeil(DDDD)D @ 38
Event: 12.117 Thread 0x00007f8760237000 Uncommon trap: reason=predicate action=maybe_recompile pc=0x00007f8751335898 method=sun.net.www.ParseUtil.encodePath(Ljava/lang/String;Z)Ljava/lang/String; @ 36
Event: 13.617 Thread 0x00007f8760237000 Uncommon trap: reason=range_check action=make_not_entrant pc=0x00007f875170c040 method=sun.reflect.generics.parser.SignatureParser.current()C @ 34
Event: 13.762 Thread 0x00007f8760237000 Uncommon trap: reason=bimorphic action=maybe_recompile pc=0x00007f87513a0eb4 method=java.util.HashMap.putVal(ILjava/lang/Object;Ljava/lang/Object;ZZ)Ljava/lang/Object; @ 203
Event: 13.939 Thread 0x00007f8760237000 Uncommon trap: reason=unstable_if action=reinterpret pc=0x00007f87516bbd9c method=java.util.Properties$LineReader.readLine()I @ 377
Event: 14.166 Thread 0x00007f8760237000 Uncommon trap: reason=array_check action=maybe_recompile pc=0x00007f8751850890 method=com.sun.javafx.css.CompoundSelector.applies(Ljavafx/css/Styleable;[Ljava/util/Set;I)Z @ 128
Event: 14.166 Thread 0x00007f8760237000 Uncommon trap: reason=array_check action=maybe_recompile pc=0x00007f8751850890 method=com.sun.javafx.css.CompoundSelector.applies(Ljavafx/css/Styleable;[Ljava/util/Set;I)Z @ 128
Event: 14.166 Thread 0x00007f8760237000 Uncommon trap: reason=array_check action=maybe_recompile pc=0x00007f8751850890 method=com.sun.javafx.css.CompoundSelector.applies(Ljavafx/css/Styleable;[Ljava/util/Set;I)Z @ 128
Event: 14.166 Thread 0x00007f8760237000 Uncommon trap: reason=array_check action=maybe_recompile pc=0x00007f8751850890 method=com.sun.javafx.css.CompoundSelector.applies(Ljavafx/css/Styleable;[Ljava/util/Set;I)Z @ 128

Internal exceptions (10 events):
Event: 1.361 Thread 0x00007f8760237000 Implicit null exception at 0x00007f8751344e35 to 0x00007f875134505d
Event: 1.362 Thread 0x00007f8760237000 Implicit null exception at 0x00007f875131a42f to 0x00007f875131a499
Event: 5.643 Thread 0x00007f8760237000 Implicit null exception at 0x00007f87514e709f to 0x00007f87514e772d
Event: 13.437 Thread 0x00007f8760237000 Exception <a 'java/lang/ArrayIndexOutOfBoundsException'> (0x00000000ee6efd08) thrown at [/HUDSON/workspace/8-2-build-linux-amd64/jdk8u51/3951/hotspot/src/share/vm/runtime/sharedRuntime.cpp, line 605]
Event: 13.456 Thread 0x00007f8760237000 Exception <a 'java/lang/ArrayIndexOutOfBoundsException'> (0x00000000ee785610) thrown at [/HUDSON/workspace/8-2-build-linux-amd64/jdk8u51/3951/hotspot/src/share/vm/runtime/sharedRuntime.cpp, line 605]
Event: 13.545 Thread 0x00007f8760237000 Exception <a 'java/lang/ArrayIndexOutOfBoundsException'> (0x00000000eea701e8) thrown at [/HUDSON/workspace/8-2-build-linux-amd64/jdk8u51/3951/hotspot/src/share/vm/runtime/sharedRuntime.cpp, line 605]
Event: 13.546 Thread 0x00007f8760237000 Exception <a 'java/lang/ArrayIndexOutOfBoundsException'> (0x00000000eea71138) thrown at [/HUDSON/workspace/8-2-build-linux-amd64/jdk8u51/3951/hotspot/src/share/vm/runtime/sharedRuntime.cpp, line 605]
Event: 13.546 Thread 0x00007f8760237000 Exception <a 'java/lang/ArrayIndexOutOfBoundsException'> (0x00000000eea72a88) thrown at [/HUDSON/workspace/8-2-build-linux-amd64/jdk8u51/3951/hotspot/src/share/vm/runtime/sharedRuntime.cpp, line 605]
Event: 13.576 Thread 0x00007f8760237000 Exception <a 'java/lang/ArrayIndexOutOfBoundsException'> (0x00000000eec1ae58) thrown at [/HUDSON/workspace/8-2-build-linux-amd64/jdk8u51/3951/hotspot/src/share/vm/runtime/sharedRuntime.cpp, line 605]
Event: 13.617 Thread 0x00007f8760237000 Exception <a 'java/lang/ArrayIndexOutOfBoundsException': 65> (0x00000000eedec078) thrown at [/HUDSON/workspace/8-2-build-linux-amd64/jdk8u51/3951/hotspot/src/share/vm/interpreter/interpreterRuntime.cpp, line 366]

Events (10 events):
Event: 14.393 Thread 0x00007f8760237000 DEOPT PACKING pc=0x00007f87514badae sp=0x00007f870f6b7540
Event: 14.393 Thread 0x00007f8760237000 DEOPT UNPACKING pc=0x00007f8751047233 sp=0x00007f870f6b72c0 mode 0
Event: 14.395 loading class javafx/scene/Node$NodeTransformation$10
Event: 14.395 loading class javafx/scene/Node$NodeTransformation$10 done
Event: 14.396 loading class com/sun/javafx/scene/control/skin/TabPaneSkin$3
Event: 14.396 loading class com/sun/javafx/scene/control/skin/TabPaneSkin$3 done
Event: 14.397 loading class javafx/scene/input/MouseEvent
Event: 14.397 loading class javafx/scene/input/MouseEvent done
Event: 14.397 loading class javafx/event/EventHandler
Event: 14.397 loading class javafx/event/EventHandler done


Dynamic libraries:
00400000-00401000 r-xp 00000000 08:01 1595747                            /usr/lib/jvm/java-8-jdk/jre/bin/java
00600000-00601000 rw-p 00000000 08:01 1595747                            /usr/lib/jvm/java-8-jdk/jre/bin/java
00920000-00941000 rw-p 00000000 00:00 0                                  [heap]
ca000000-cbc00000 rw-p 00000000 00:00 0 
cbc00000-ee000000 ---p 00000000 00:00 0 
ee000000-f1280000 rw-p 00000000 00:00 0 
f1280000-100000000 ---p 00000000 00:00 0 
100000000-1003ac000 rw-p 00000000 00:00 0 
1003ac000-140000000 ---p 00000000 00:00 0 
7f86f8000000-7f86f8021000 rw-p 00000000 00:00 0 
7f86f8021000-7f86fc000000 ---p 00000000 00:00 0 
7f86fc000000-7f86fc021000 rw-p 00000000 00:00 0 
7f86fc021000-7f8700000000 ---p 00000000 00:00 0 
7f8700000000-7f8700a26000 rw-p 00000000 00:00 0 
7f8700a26000-7f8704000000 ---p 00000000 00:00 0 
7f8704000000-7f8704021000 rw-p 00000000 00:00 0 
7f8704021000-7f8708000000 ---p 00000000 00:00 0 
7f8708000000-7f8708021000 rw-p 00000000 00:00 0 
7f8708021000-7f870c000000 ---p 00000000 00:00 0 
7f870ce81000-7f870cf2b000 r--p 00000000 08:01 1351202                    /usr/share/fonts/TTF/DejaVuSans-Bold.ttf
7f870cf2b000-7f870d0eb000 rw-p 00000000 00:00 0 
7f870d0eb000-7f870d12b000 ---p 00000000 00:00 0 
7f870d12b000-7f870d32b000 rw-p 00000000 00:00 0 
7f870d32b000-7f870d32c000 rw-s 149630000 00:06 9757                      /dev/dri/card0
7f870d32c000-7f870d32d000 rw-s 14962f000 00:06 9757                      /dev/dri/card0
7f870d32d000-7f870d33d000 rw-s 14961f000 00:06 9757                      /dev/dri/card0
7f870d33d000-7f870d33e000 rw-s 1494c0000 00:06 9757                      /dev/dri/card0
7f870d33e000-7f870d33f000 rw-s 1494bf000 00:06 9757                      /dev/dri/card0
7f870d348000-7f870d349000 rw-s 1494b5000 00:06 9757                      /dev/dri/card0
7f870d349000-7f870d34a000 rw-s 1494b4000 00:06 9757                      /dev/dri/card0
7f870d34b000-7f870d34c000 rw-s 14925a000 00:06 9757                      /dev/dri/card0
7f870d34c000-7f870d34d000 rw-s 149259000 00:06 9757                      /dev/dri/card0
7f870d34d000-7f870d34e000 rw-s 149258000 00:06 9757                      /dev/dri/card0
7f870d34e000-7f870d34f000 rw-s 149257000 00:06 9757                      /dev/dri/card0
7f870d38f000-7f870d392000 rw-p 00000000 00:00 0 
7f870d392000-7f870d397000 r--s 002f8000 08:01 1586777                    /usr/lib/jvm/java-8-jdk/jre/lib/charsets.jar
7f870d397000-7f870d398000 rw-s 149635000 00:06 9757                      /dev/dri/card0
7f870d398000-7f870d399000 rw-s 1466a8000 00:06 9757                      /dev/dri/card0
7f870d399000-7f870d39a000 rw-s 147982000 00:06 9757                      /dev/dri/card0
7f870d39a000-7f870d39b000 rw-s 147987000 00:06 9757                      /dev/dri/card0
7f870d39b000-7f870d39c000 rw-s 149634000 00:06 9757                      /dev/dri/card0
7f870d39c000-7f870d39d000 rw-s 147986000 00:06 9757                      /dev/dri/card0
7f870d39d000-7f870d39e000 rw-s 14798a000 00:06 9757                      /dev/dri/card0
7f870d39e000-7f870d39f000 rw-s 14916f000 00:06 9757                      /dev/dri/card0
7f870d39f000-7f870d3a0000 rw-s 14916e000 00:06 9757                      /dev/dri/card0
7f870d3a0000-7f870d3a2000 rw-s 147988000 00:06 9757                      /dev/dri/card0
7f870d3a2000-7f870d3a3000 rw-s 147985000 00:06 9757                      /dev/dri/card0
7f870d3a3000-7f870d3a4000 rw-s 147984000 00:06 9757                      /dev/dri/card0
7f870d3a4000-7f870d3a5000 rw-s 149103000 00:06 9757                      /dev/dri/card0
7f870d3a5000-7f870d3a6000 rw-s 149102000 00:06 9757                      /dev/dri/card0
7f870d3a6000-7f870d3a7000 rw-s 149101000 00:06 9757                      /dev/dri/card0
7f870d3a7000-7f870d3b7000 rw-s 1490f1000 00:06 9757                      /dev/dri/card0
7f870d3b7000-7f870d3b8000 rw-s 1466a7000 00:06 9757                      /dev/dri/card0
7f870d3b8000-7f870d3b9000 rw-s 147983000 00:06 9757                      /dev/dri/card0
7f870d3b9000-7f870d5b9000 rw-p 00000000 00:00 0 
7f870d5b9000-7f870d5ba000 rw-s 148f2f000 00:06 9757                      /dev/dri/card0
7f870d5ba000-7f870d5bb000 rw-s 148f1e000 00:06 9757                      /dev/dri/card0
7f870d5bb000-7f870d6bb000 rw-s 148e1e000 00:06 9757                      /dev/dri/card0
7f870d6bb000-7f870d6bc000 rw-s 147981000 00:06 9757                      /dev/dri/card0
7f870d6bc000-7f870d6bd000 rw-s 1470a8000 00:06 9757                      /dev/dri/card0
7f870d6bd000-7f870d7bd000 rw-s 146fa7000 00:06 9757                      /dev/dri/card0
7f870d7bd000-7f870d7d0000 r--s 00344000 08:01 1586764                    /usr/lib/jvm/java-8-jdk/jre/lib/resources.jar
7f870d7d0000-7f870d9d0000 rw-p 00000000 00:00 0 
7f870d9d0000-7f870d9d3000 ---p 00000000 00:00 0 
7f870d9d3000-7f870dad1000 rw-p 00000000 00:00 0                          [stack:11317]
7f870dad1000-7f870db87000 r--p 00000000 08:01 1351207                    /usr/share/fonts/TTF/DejaVuSans.ttf
7f870db87000-7f870dc32000 r--p 00000000 08:01 1586820                    /usr/lib/jvm/java-8-jdk/jre/lib/fonts/LucidaSansRegular.ttf
7f870dc32000-7f870dc80000 r--p 00000000 08:01 1586817                    /usr/lib/jvm/java-8-jdk/jre/lib/fonts/LucidaSansDemiBold.ttf
7f870dc80000-7f870dcba000 r--p 00000000 08:01 1586821                    /usr/lib/jvm/java-8-jdk/jre/lib/fonts/LucidaTypewriterBold.ttf
7f870dcba000-7f870dccd000 r--p 00000000 08:01 1586819                    /usr/lib/jvm/java-8-jdk/jre/lib/fonts/LucidaBrightDemiItalic.ttf
7f870dccd000-7f870dce0000 r--p 00000000 08:01 1586818                    /usr/lib/jvm/java-8-jdk/jre/lib/fonts/LucidaBrightDemiBold.ttf
7f870dce0000-7f870dd1c000 r--p 00000000 08:01 1586824                    /usr/lib/jvm/java-8-jdk/jre/lib/fonts/LucidaTypewriterRegular.ttf
7f870dd1c000-7f870dd30000 r--p 00000000 08:01 1586823                    /usr/lib/jvm/java-8-jdk/jre/lib/fonts/LucidaBrightItalic.ttf
7f870dd30000-7f870dd85000 r--p 00000000 08:01 1586822                    /usr/lib/jvm/java-8-jdk/jre/lib/fonts/LucidaBrightRegular.ttf
7f870dd85000-7f870dd89000 r-xp 00000000 08:01 919479                     /usr/lib/jvm/java-8-jdk/jre/lib/amd64/libjavafx_font_pango.so
7f870dd89000-7f870df88000 ---p 00004000 08:01 919479                     /usr/lib/jvm/java-8-jdk/jre/lib/amd64/libjavafx_font_pango.so
7f870df88000-7f870df89000 r--p 00003000 08:01 919479                     /usr/lib/jvm/java-8-jdk/jre/lib/amd64/libjavafx_font_pango.so
7f870df89000-7f870df8a000 rw-p 00004000 08:01 919479                     /usr/lib/jvm/java-8-jdk/jre/lib/amd64/libjavafx_font_pango.so
7f870df8a000-7f870df8f000 r--s 00083000 08:01 1586770                    /usr/lib/jvm/java-8-jdk/jre/lib/jfr.jar
7f870df8f000-7f870df9b000 r-xp 00000000 08:01 1361463                    /usr/lib/gtk-2.0/2.10.0/engines/libxfce.so
7f870df9b000-7f870e19a000 ---p 0000c000 08:01 1361463                    /usr/lib/gtk-2.0/2.10.0/engines/libxfce.so
7f870e19a000-7f870e19b000 r--p 0000b000 08:01 1361463                    /usr/lib/gtk-2.0/2.10.0/engines/libxfce.so
7f870e19b000-7f870e19c000 rw-p 0000c000 08:01 1361463                    /usr/lib/gtk-2.0/2.10.0/engines/libxfce.so
7f870e19c000-7f870e1b5000 r--s 00000000 08:01 1840225                    /var/cache/fontconfig/8d4af663993b81a124ee82e610bb31f9-le64.cache-4
7f870e1b5000-7f870e1bf000 r--s 00000000 08:01 1855466                    /var/cache/fontconfig/d62e99ef547d1d24cdb1bd22ec1a2976-le64.cache-4
7f870e1bf000-7f870e1d3000 r--s 00000000 08:01 1854812                    /var/cache/fontconfig/f6b893a7224233d96cb72fd88691c0b4-le64.cache-4
7f870e1d3000-7f870e1dc000 r--s 00000000 08:01 1844600                    /var/cache/fontconfig/f349e9996a5320f6dd491cedd2b1f964-le64.cache-4
7f870e1dc000-7f870e1e1000 r-xp 00000000 08:01 919551                     /usr/lib/jvm/java-8-jdk/jre/lib/amd64/libjavafx_font_freetype.so
7f870e1e1000-7f870e3e0000 ---p 00005000 08:01 919551                     /usr/lib/jvm/java-8-jdk/jre/lib/amd64/libjavafx_font_freetype.so
7f870e3e0000-7f870e3e1000 r--p 00004000 08:01 919551                     /usr/lib/jvm/java-8-jdk/jre/lib/amd64/libjavafx_font_freetype.so
7f870e3e1000-7f870e3e2000 rw-p 00005000 08:01 919551                     /usr/lib/jvm/java-8-jdk/jre/lib/amd64/libjavafx_font_freetype.so
7f870e3e2000-7f870e3e5000 r-xp 00000000 08:01 919547                     /usr/lib/jvm/java-8-jdk/jre/lib/amd64/libjavafx_font.so
7f870e3e5000-7f870e5e4000 ---p 00003000 08:01 919547                     /usr/lib/jvm/java-8-jdk/jre/lib/amd64/libjavafx_font.so
7f870e5e4000-7f870e5e5000 r--p 00002000 08:01 919547                     /usr/lib/jvm/java-8-jdk/jre/lib/amd64/libjavafx_font.so
7f870e5e5000-7f870e5e6000 rw-p 00003000 08:01 919547                     /usr/lib/jvm/java-8-jdk/jre/lib/amd64/libjavafx_font.so
7f870e5e6000-7f870e7e6000 rw-p 00000000 00:00 0 
7f870e7e6000-7f870e9e6000 rw-p 00000000 00:00 0 
7f870e9e6000-7f870ebe6000 rw-p 00000000 00:00 0 
7f870ebe6000-7f870ec9f000 r-xp 00000000 00:20 303486                     /tmp/sqlite-3.8.11.1-742555b5-fda1-4266-a903-1d1b52ed4f5a-libsqlitejdbc.so
7f870ec9f000-7f870ee9f000 ---p 000b9000 00:20 303486                     /tmp/sqlite-3.8.11.1-742555b5-fda1-4266-a903-1d1b52ed4f5a-libsqlitejdbc.so
7f870ee9f000-7f870eea4000 rw-p 000b9000 00:20 303486                     /tmp/sqlite-3.8.11.1-742555b5-fda1-4266-a903-1d1b52ed4f5a-libsqlitejdbc.so
7f870eea4000-7f870eea8000 r--s 00095000 08:01 1586768                    /usr/lib/jvm/java-8-jdk/jre/lib/jsse.jar
7f870eea8000-7f870eec4000 r--s 00393000 08:01 1721261                    /usr/lib/jvm/java-8-jdk/jre/lib/ext/cldrdata.jar
7f870eec4000-7f870eece000 r--s 00116000 08:01 1721273                    /usr/lib/jvm/java-8-jdk/jre/lib/ext/localedata.jar
7f870eece000-7f870eed1000 ---p 00000000 00:00 0 
7f870eed1000-7f870efcf000 rw-p 00000000 00:00 0                          [stack:11316]
7f870efcf000-7f870efe5000 r-xp 00000000 08:01 919507                     /usr/lib/jvm/java-8-jdk/jre/lib/amd64/libnet.so
7f870efe5000-7f870f1e5000 ---p 00016000 08:01 919507                     /usr/lib/jvm/java-8-jdk/jre/lib/amd64/libnet.so
7f870f1e5000-7f870f1e6000 rw-p 00016000 08:01 919507                     /usr/lib/jvm/java-8-jdk/jre/lib/amd64/libnet.so
7f870f1e6000-7f870f1f7000 r-xp 00000000 08:01 919474                     /usr/lib/jvm/java-8-jdk/jre/lib/amd64/libnio.so
7f870f1f7000-7f870f3f6000 ---p 00011000 08:01 919474                     /usr/lib/jvm/java-8-jdk/jre/lib/amd64/libnio.so
7f870f3f6000-7f870f3f7000 rw-p 00010000 08:01 919474                     /usr/lib/jvm/java-8-jdk/jre/lib/amd64/libnio.so
7f870f3f7000-7f870f3fc000 r--s 004ef000 08:04 7085425                    /home/morrisseymarr/.m2/repository/org/xerial/sqlite-jdbc/3.8.11.1/sqlite-jdbc-3.8.11.1.jar
7f870f3fc000-7f870f41a000 r--s 00110000 08:04 18352124                   /home/morrisseymarr/.m2/repository/org/mockito/mockito-all/1.10.19/mockito-all-1.10.19.jar
7f870f41a000-7f870f424000 r--s 000e4000 08:04 18351496                   /home/morrisseymarr/.m2/repository/mysql/mysql-connector-java/5.1.36/mysql-connector-java-5.1.36.jar
7f870f424000-7f870f426000 r--s 00009000 08:04 6422650                    /home/morrisseymarr/.m2/repository/org/hamcrest/hamcrest-core/1.3/hamcrest-core-1.3.jar
7f870f426000-7f870f42e000 r--s 00045000 08:04 7342260                    /home/morrisseymarr/.m2/repository/junit/junit/4.12/junit-4.12.jar
7f870f42e000-7f870f430000 r--s 0000d000 08:04 7211995                    /home/morrisseymarr/.m2/repository/org/javalite/javalite-common/1.4.11/javalite-common-1.4.11.jar
7f870f430000-7f870f434000 r--s 00027000 08:04 6688900                    /home/morrisseymarr/.m2/repository/org/javalite/activejdbc/1.4.11/activejdbc-1.4.11.jar
7f870f434000-7f870f439000 r--s 0003a000 08:04 10617489                   /home/morrisseymarr/.m2/repository/net/sf/barcode4j/barcode4j/2.0/barcode4j-2.0.jar
7f870f439000-7f870f43f000 r--s 00048000 08:04 13898749                   /home/morrisseymarr/.m2/repository/org/apache/commons/commons-lang3/3.1/commons-lang3-3.1.jar
7f870f43f000-7f870f450000 r--s 000d2000 08:04 18219302                   /home/morrisseymarr/.m2/repository/com/fasterxml/jackson/core/jackson-databind/2.1.4/jackson-databind-2.1.4.jar
7f870f450000-7f870f45f000 r--s 001b0000 08:04 13893687                   /home/morrisseymarr/.m2/repository/org/eclipse/jdt/core/compiler/ecj/4.3.1/ecj-4.3.1.jar
7f870f45f000-7f870f4ba000 r--s 0049b000 08:04 10617487                   /home/morrisseymarr/.m2/repository/net/sf/jasperreports/jasperreports/6.1.0/jasperreports-6.1.0.jar
7f870f4ba000-7f870f4bd000 ---p 00000000 00:00 0 
7f870f4bd000-7f870f5bb000 rw-p 00000000 00:00 0                          [stack:11315]
7f870f5bb000-7f870f5be000 ---p 00000000 00:00 0 
7f870f5be000-7f870f6bc000 rw-p 00000000 00:00 0                          [stack:11314]
7f870f6bc000-7f870f6e7000 r-xp 00000000 08:01 919542                     /usr/lib/jvm/java-8-jdk/jre/lib/amd64/libglass.so
7f870f6e7000-7f870f8e6000 ---p 0002b000 08:01 919542                     /usr/lib/jvm/java-8-jdk/jre/lib/amd64/libglass.so
7f870f8e6000-7f870f8e8000 r--p 0002a000 08:01 919542                     /usr/lib/jvm/java-8-jdk/jre/lib/amd64/libglass.so
7f870f8e8000-7f870f8e9000 rw-p 0002c000 08:01 919542                     /usr/lib/jvm/java-8-jdk/jre/lib/amd64/libglass.so
7f870f8e9000-7f870f8ea000 rw-p 00000000 00:00 0 
7f870f8ea000-7f870f8ee000 r-xp 00000000 08:01 1355554                    /usr/lib/libtxc_dxtn.so
7f870f8ee000-7f870faed000 ---p 00004000 08:01 1355554                    /usr/lib/libtxc_dxtn.so
7f870faed000-7f870faee000 r--p 00003000 08:01 1355554                    /usr/lib/libtxc_dxtn.so
7f870faee000-7f870faef000 rw-p 00004000 08:01 1355554                    /usr/lib/libtxc_dxtn.so
7f870faef000-7f870faf0000 ---p 00000000 00:00 0 
7f870faf0000-7f87102f0000 rw-p 00000000 00:00 0                          [stack:11312]
7f87102f0000-7f871034f000 r-xp 00000000 08:01 1314308                    /usr/lib/libncursesw.so.5.9
7f871034f000-7f871054f000 ---p 0005f000 08:01 1314308                    /usr/lib/libncursesw.so.5.9
7f871054f000-7f8710553000 r--p 0005f000 08:01 1314308                    /usr/lib/libncursesw.so.5.9
7f8710553000-7f8710555000 rw-p 00063000 08:01 1314308                    /usr/lib/libncursesw.so.5.9
7f8710555000-7f871058b000 r-xp 00000000 08:01 1361817                    /usr/lib/libedit.so.0.0.53
7f871058b000-7f871078b000 ---p 00036000 08:01 1361817                    /usr/lib/libedit.so.0.0.53
7f871078b000-7f871078d000 r--p 00036000 08:01 1361817                    /usr/lib/libedit.so.0.0.53
7f871078d000-7f871078e000 rw-p 00038000 08:01 1361817                    /usr/lib/libedit.so.0.0.53
7f871078e000-7f8710792000 rw-p 00000000 00:00 0 
7f8710792000-7f87124d5000 r-xp 00000000 08:01 1364220                    /usr/lib/libLLVM-3.6.so
7f87124d5000-7f87126d4000 ---p 01d43000 08:01 1364220                    /usr/lib/libLLVM-3.6.so
7f87126d4000-7f87128e9000 r--p 01d42000 08:01 1364220                    /usr/lib/libLLVM-3.6.so
7f87128e9000-7f8712903000 rw-p 01f57000 08:01 1364220                    /usr/lib/libLLVM-3.6.so
7f8712903000-7f8712918000 rw-p 00000000 00:00 0 
7f8712918000-7f871292d000 r-xp 00000000 08:01 1337298                    /usr/lib/libelf-0.163.so
7f871292d000-7f8712b2c000 ---p 00015000 08:01 1337298                    /usr/lib/libelf-0.163.so
7f8712b2c000-7f8712b2d000 r--p 00014000 08:01 1337298                    /usr/lib/libelf-0.163.so
7f8712b2d000-7f8712b2e000 rw-p 00015000 08:01 1337298                    /usr/lib/libelf-0.163.so
7f8712b2e000-7f8712b39000 r-xp 00000000 08:01 1332403                    /usr/lib/libdrm_radeon.so.1.0.1
7f8712b39000-7f8712d38000 ---p 0000b000 08:01 1332403                    /usr/lib/libdrm_radeon.so.1.0.1
7f8712d38000-7f8712d39000 r--p 0000a000 08:01 1332403                    /usr/lib/libdrm_radeon.so.1.0.1
7f8712d39000-7f8712d3a000 rw-p 0000b000 08:01 1332403                    /usr/lib/libdrm_radeon.so.1.0.1
7f8712d3a000-7f8712d40000 r-xp 00000000 08:01 1332352                    /usr/lib/libdrm_nouveau.so.2.0.0
7f8712d40000-7f8712f3f000 ---p 00006000 08:01 1332352                    /usr/lib/libdrm_nouveau.so.2.0.0
7f8712f3f000-7f8712f40000 r--p 00005000 08:01 1332352                    /usr/lib/libdrm_nouveau.so.2.0.0
7f8712f40000-7f8712f41000 rw-p 00006000 08:01 1332352                    /usr/lib/libdrm_nouveau.so.2.0.0
7f8712f41000-7f87136dc000 r-xp 00000000 08:01 1357542                    /usr/lib/xorg/modules/dri/r600_dri.so
7f87136dc000-7f87138dc000 ---p 0079b000 08:01 1357542                    /usr/lib/xorg/modules/dri/r600_dri.so
7f87138dc000-7f8713932000 r--p 0079b000 08:01 1357542                    /usr/lib/xorg/modules/dri/r600_dri.so
7f8713932000-7f871393b000 rw-p 007f1000 08:01 1357542                    /usr/lib/xorg/modules/dri/r600_dri.so
7f871393b000-7f8713b20000 rw-p 00000000 00:00 0 
7f8713b20000-7f8713b24000 r-xp 00000000 08:01 1321200                    /usr/lib/libattr.so.1.1.0
7f8713b24000-7f8713d23000 ---p 00004000 08:01 1321200                    /usr/lib/libattr.so.1.1.0
7f8713d23000-7f8713d24000 r--p 00003000 08:01 1321200                    /usr/lib/libattr.so.1.1.0
7f8713d24000-7f8713d25000 rw-p 00004000 08:01 1321200                    /usr/lib/libattr.so.1.1.0
7f8713d25000-7f8713d29000 r-xp 00000000 08:01 1321329                    /usr/lib/libcap.so.2.24
7f8713d29000-7f8713f28000 ---p 00004000 08:01 1321329                    /usr/lib/libcap.so.2.24
7f8713f28000-7f8713f29000 rw-p 00003000 08:01 1321329                    /usr/lib/libcap.so.2.24
7f8713f29000-7f8713f2e000 r-xp 00000000 08:01 1332345                    /usr/lib/libXdmcp.so.6.0.0
7f8713f2e000-7f871412d000 ---p 00005000 08:01 1332345                    /usr/lib/libXdmcp.so.6.0.0
7f871412d000-7f871412e000 r--p 00004000 08:01 1332345                    /usr/lib/libXdmcp.so.6.0.0
7f871412e000-7f871412f000 rw-p 00005000 08:01 1332345                    /usr/lib/libXdmcp.so.6.0.0
7f871412f000-7f8714131000 r-xp 00000000 08:01 1332459                    /usr/lib/libXau.so.6.0.0
7f8714131000-7f8714331000 ---p 00002000 08:01 1332459                    /usr/lib/libXau.so.6.0.0
7f8714331000-7f8714332000 r--p 00002000 08:01 1332459                    /usr/lib/libXau.so.6.0.0
7f8714332000-7f8714333000 rw-p 00003000 08:01 1332459                    /usr/lib/libXau.so.6.0.0
7f8714333000-7f8714342000 r-xp 00000000 08:01 1337169                    /usr/lib/libwayland-server.so.0.1.0
7f8714342000-7f8714542000 ---p 0000f000 08:01 1337169                    /usr/lib/libwayland-server.so.0.1.0
7f8714542000-7f8714544000 r--p 0000f000 08:01 1337169                    /usr/lib/libwayland-server.so.0.1.0
7f8714544000-7f8714545000 rw-p 00011000 08:01 1337169                    /usr/lib/libwayland-server.so.0.1.0
7f8714545000-7f8714551000 r-xp 00000000 08:01 1337170                    /usr/lib/libwayland-client.so.0.3.0
7f8714551000-7f8714750000 ---p 0000c000 08:01 1337170                    /usr/lib/libwayland-client.so.0.3.0
7f8714750000-7f8714752000 r--p 0000b000 08:01 1337170                    /usr/lib/libwayland-client.so.0.3.0
7f8714752000-7f8714753000 rw-p 0000d000 08:01 1337170                    /usr/lib/libwayland-client.so.0.3.0
7f8714753000-7f871475f000 r-xp 00000000 08:01 1337363                    /usr/lib/libgbm.so.1.0.0
7f871475f000-7f871495f000 ---p 0000c000 08:01 1337363                    /usr/lib/libgbm.so.1.0.0
7f871495f000-7f8714960000 r--p 0000c000 08:01 1337363                    /usr/lib/libgbm.so.1.0.0
7f8714960000-7f8714961000 rw-p 0000d000 08:01 1337363                    /usr/lib/libgbm.so.1.0.0
7f8714961000-7f871498c000 r-xp 00000000 08:01 1332369                    /usr/lib/libgraphite2.so.3.0.1
7f871498c000-7f8714b8c000 ---p 0002b000 08:01 1332369                    /usr/lib/libgraphite2.so.3.0.1
7f8714b8c000-7f8714b8e000 r--p 0002b000 08:01 1332369                    /usr/lib/libgraphite2.so.3.0.1
7f8714b8e000-7f8714b8f000 rw-p 0002d000 08:01 1332369                    /usr/lib/libgraphite2.so.3.0.1
7f8714b8f000-7f8714b9c000 r-xp 00000000 08:01 1330964                    /usr/lib/libdrm.so.2.4.0
7f8714b9c000-7f8714d9b000 ---p 0000d000 08:01 1330964                    /usr/lib/libdrm.so.2.4.0
7f8714d9b000-7f8714d9c000 r--p 0000c000 08:01 1330964                    /usr/lib/libdrm.so.2.4.0
7f8714d9c000-7f8714d9d000 rw-p 0000d000 08:01 1330964                    /usr/lib/libdrm.so.2.4.0
7f8714d9d000-7f8714d9e000 r-xp 00000000 08:01 1336456                    /usr/lib/libxshmfence.so.1.0.0
7f8714d9e000-7f8714f9e000 ---p 00001000 08:01 1336456                    /usr/lib/libxshmfence.so.1.0.0
7f8714f9e000-7f8714f9f000 r--p 00001000 08:01 1336456                    /usr/lib/libxshmfence.so.1.0.0
7f8714f9f000-7f8714fa0000 rw-p 00002000 08:01 1336456                    /usr/lib/libxshmfence.so.1.0.0
7f8714fa0000-7f8714fa5000 r-xp 00000000 08:01 1334847                    /usr/lib/libxcb-sync.so.1.0.0
7f8714fa5000-7f87151a5000 ---p 00005000 08:01 1334847                    /usr/lib/libxcb-sync.so.1.0.0
7f87151a5000-7f87151a6000 r--p 00005000 08:01 1334847                    /usr/lib/libxcb-sync.so.1.0.0
7f87151a6000-7f87151a7000 rw-p 00006000 08:01 1334847                    /usr/lib/libxcb-sync.so.1.0.0
7f87151a7000-7f87151aa000 r-xp 00000000 08:01 1334816                    /usr/lib/libxcb-shape.so.0.0.0
7f87151aa000-7f87153a9000 ---p 00003000 08:01 1334816                    /usr/lib/libxcb-shape.so.0.0.0
7f87153a9000-7f87153aa000 r--p 00002000 08:01 1334816                    /usr/lib/libxcb-shape.so.0.0.0
7f87153aa000-7f87153ab000 rw-p 00003000 08:01 1334816                    /usr/lib/libxcb-shape.so.0.0.0
7f87153ab000-7f87153b1000 r-xp 00000000 08:01 1334798                    /usr/lib/libxcb-xfixes.so.0.0.0
7f87153b1000-7f87155b1000 ---p 00006000 08:01 1334798                    /usr/lib/libxcb-xfixes.so.0.0.0
7f87155b1000-7f87155b2000 r--p 00006000 08:01 1334798                    /usr/lib/libxcb-xfixes.so.0.0.0
7f87155b2000-7f87155b3000 rw-p 00007000 08:01 1334798                    /usr/lib/libxcb-xfixes.so.0.0.0
7f87155b3000-7f87155c0000 r-xp 00000000 08:01 1334855                    /usr/lib/libxcb-randr.so.0.1.0
7f87155c0000-7f87157bf000 ---p 0000d000 08:01 1334855                    /usr/lib/libxcb-randr.so.0.1.0
7f87157bf000-7f87157c0000 r--p 0000c000 08:01 1334855                    /usr/lib/libxcb-randr.so.0.1.0
7f87157c0000-7f87157c1000 rw-p 0000d000 08:01 1334855                    /usr/lib/libxcb-randr.so.0.1.0
7f87157c1000-7f87157c3000 r-xp 00000000 08:01 1334834                    /usr/lib/libxcb-present.so.0.0.0
7f87157c3000-7f87159c2000 ---p 00002000 08:01 1334834                    /usr/lib/libxcb-present.so.0.0.0
7f87159c2000-7f87159c3000 r--p 00001000 08:01 1334834                    /usr/lib/libxcb-present.so.0.0.0
7f87159c3000-7f87159c4000 rw-p 00002000 08:01 1334834                    /usr/lib/libxcb-present.so.0.0.0
7f87159c4000-7f87159c6000 r-xp 00000000 08:01 1334806                    /usr/lib/libxcb-dri3.so.0.0.0
7f87159c6000-7f8715bc5000 ---p 00002000 08:01 1334806                    /usr/lib/libxcb-dri3.so.0.0.0
7f8715bc5000-7f8715bc6000 r--p 00001000 08:01 1334806                    /usr/lib/libxcb-dri3.so.0.0.0
7f8715bc6000-7f8715bc7000 rw-p 00002000 08:01 1334806                    /usr/lib/libxcb-dri3.so.0.0.0
7f8715bc7000-7f8715bcb000 r-xp 00000000 08:01 1334831                    /usr/lib/libxcb-dri2.so.0.0.0
7f8715bcb000-7f8715dca000 ---p 00004000 08:01 1334831                    /usr/lib/libxcb-dri2.so.0.0.0
7f8715dca000-7f8715dcb000 r--p 00003000 08:01 1334831                    /usr/lib/libxcb-dri2.so.0.0.0
7f8715dcb000-7f8715dcc000 rw-p 00004000 08:01 1334831                    /usr/lib/libxcb-dri2.so.0.0.0
7f8715dcc000-7f8715de3000 r-xp 00000000 08:01 1334805                    /usr/lib/libxcb-glx.so.0.0.0
7f8715de3000-7f8715fe3000 ---p 00017000 08:01 1334805                    /usr/lib/libxcb-glx.so.0.0.0
7f8715fe3000-7f8715fe5000 r--p 00017000 08:01 1334805                    /usr/lib/libxcb-glx.so.0.0.0
7f8715fe5000-7f8715fe6000 rw-p 00019000 08:01 1334805                    /usr/lib/libxcb-glx.so.0.0.0
7f8715fe6000-7f8715fe7000 r-xp 00000000 08:01 1334901                    /usr/lib/libX11-xcb.so.1.0.0
7f8715fe7000-7f87161e6000 ---p 00001000 08:01 1334901                    /usr/lib/libX11-xcb.so.1.0.0
7f87161e6000-7f87161e7000 r--p 00000000 08:01 1334901                    /usr/lib/libX11-xcb.so.1.0.0
7f87161e7000-7f87161e8000 rw-p 00001000 08:01 1334901                    /usr/lib/libX11-xcb.so.1.0.0
7f87161e8000-7f8716210000 r-xp 00000000 08:01 1337396                    /usr/lib/libglapi.so.0.0.0
7f8716210000-7f8716410000 ---p 00028000 08:01 1337396                    /usr/lib/libglapi.so.0.0.0
7f8716410000-7f8716414000 r--p 00028000 08:01 1337396                    /usr/lib/libglapi.so.0.0.0
7f8716414000-7f8716415000 rw-p 0002c000 08:01 1337396                    /usr/lib/libglapi.so.0.0.0
7f8716415000-7f8716416000 rw-p 00000000 00:00 0 
7f8716416000-7f871643d000 r-xp 00000000 08:01 1321596                    /usr/lib/libexpat.so.1.6.0
7f871643d000-7f871663c000 ---p 00027000 08:01 1321596                    /usr/lib/libexpat.so.1.6.0
7f871663c000-7f871663f000 r--p 00026000 08:01 1321596                    /usr/lib/libexpat.so.1.6.0
7f871663f000-7f8716640000 rw-p 00029000 08:01 1321596                    /usr/lib/libexpat.so.1.6.0
7f8716640000-7f871664f000 r-xp 00000000 08:01 1316978                    /usr/lib/libbz2.so.1.0.6
7f871664f000-7f871684e000 ---p 0000f000 08:01 1316978                    /usr/lib/libbz2.so.1.0.6
7f871684e000-7f8716850000 rw-p 0000e000 08:01 1316978                    /usr/lib/libbz2.so.1.0.6
7f8716850000-7f8716871000 r-xp 00000000 08:01 1334819                    /usr/lib/libxcb.so.1.1.0
7f8716871000-7f8716a70000 ---p 00021000 08:01 1334819                    /usr/lib/libxcb.so.1.1.0
7f8716a70000-7f8716a71000 r--p 00020000 08:01 1334819                    /usr/lib/libxcb.so.1.1.0
7f8716a71000-7f8716a72000 rw-p 00021000 08:01 1334819                    /usr/lib/libxcb.so.1.1.0
7f8716a72000-7f8716a7b000 r-xp 00000000 08:01 1334801                    /usr/lib/libxcb-render.so.0.0.0
7f8716a7b000-7f8716c7a000 ---p 00009000 08:01 1334801                    /usr/lib/libxcb-render.so.0.0.0
7f8716c7a000-7f8716c7b000 r--p 00008000 08:01 1334801                    /usr/lib/libxcb-render.so.0.0.0
7f8716c7b000-7f8716c7c000 rw-p 00009000 08:01 1334801                    /usr/lib/libxcb-render.so.0.0.0
7f8716c7c000-7f8716c7e000 r-xp 00000000 08:01 1334828                    /usr/lib/libxcb-shm.so.0.0.0
7f8716c7e000-7f8716e7e000 ---p 00002000 08:01 1334828                    /usr/lib/libxcb-shm.so.0.0.0
7f8716e7e000-7f8716e7f000 r--p 00002000 08:01 1334828                    /usr/lib/libxcb-shm.so.0.0.0
7f8716e7f000-7f8716e80000 rw-p 00003000 08:01 1334828                    /usr/lib/libxcb-shm.so.0.0.0
7f8716e80000-7f8716ea6000 r-xp 00000000 08:01 1444774                    /usr/lib/mesa/libEGL.so.1.0.0
7f8716ea6000-7f87170a5000 ---p 00026000 08:01 1444774                    /usr/lib/mesa/libEGL.so.1.0.0
7f87170a5000-7f87170a6000 r--p 00025000 08:01 1444774                    /usr/lib/mesa/libEGL.so.1.0.0
7f87170a6000-7f87170a7000 rw-p 00026000 08:01 1444774                    /usr/lib/mesa/libEGL.so.1.0.0
7f87170a7000-7f871714c000 r-xp 00000000 08:01 1332456                    /usr/lib/libpixman-1.so.0.32.6
7f871714c000-7f871734b000 ---p 000a5000 08:01 1332456                    /usr/lib/libpixman-1.so.0.32.6
7f871734b000-7f8717353000 r--p 000a4000 08:01 1332456                    /usr/lib/libpixman-1.so.0.32.6
7f8717353000-7f8717354000 rw-p 000ac000 08:01 1332456                    /usr/lib/libpixman-1.so.0.32.6
7f8717354000-7f8717388000 r-xp 00000000 08:01 1332355                    /usr/lib/libpng16.so.16.18.0
7f8717388000-7f8717587000 ---p 00034000 08:01 1332355                    /usr/lib/libpng16.so.16.18.0
7f8717587000-7f8717588000 r--p 00033000 08:01 1332355                    /usr/lib/libpng16.so.16.18.0
7f8717588000-7f8717589000 rw-p 00034000 08:01 1332355                    /usr/lib/libpng16.so.16.18.0
7f8717589000-7f87175e6000 r-xp 00000000 08:01 1349414                    /usr/lib/libharfbuzz.so.0.10000.1
7f87175e6000-7f87177e6000 ---p 0005d000 08:01 1349414                    /usr/lib/libharfbuzz.so.0.10000.1
7f87177e6000-7f87177e7000 r--p 0005d000 08:01 1349414                    /usr/lib/libharfbuzz.so.0.10000.1
7f87177e7000-7f87177e8000 rw-p 0005e000 08:01 1349414                    /usr/lib/libharfbuzz.so.0.10000.1
7f87177e8000-7f87177fc000 r-xp 00000000 08:01 1313475                    /usr/lib/libresolv-2.22.so
7f87177fc000-7f87179fb000 ---p 00014000 08:01 1313475                    /usr/lib/libresolv-2.22.so
7f87179fb000-7f87179fc000 r--p 00013000 08:01 1313475                    /usr/lib/libresolv-2.22.so
7f87179fc000-7f87179fd000 rw-p 00014000 08:01 1313475                    /usr/lib/libresolv-2.22.so
7f87179fd000-7f87179ff000 rw-p 00000000 00:00 0 
7f87179ff000-7f8717a14000 r-xp 00000000 08:01 1316982                    /usr/lib/libz.so.1.2.8
7f8717a14000-7f8717c13000 ---p 00015000 08:01 1316982                    /usr/lib/libz.so.1.2.8
7f8717c13000-7f8717c14000 r--p 00014000 08:01 1316982                    /usr/lib/libz.so.1.2.8
7f8717c14000-7f8717c15000 rw-p 00015000 08:01 1316982                    /usr/lib/libz.so.1.2.8
7f8717c15000-7f8717c84000 r-xp 00000000 08:01 1321636                    /usr/lib/libpcre.so.1.2.5
7f8717c84000-7f8717e83000 ---p 0006f000 08:01 1321636                    /usr/lib/libpcre.so.1.2.5
7f8717e83000-7f8717e84000 r--p 0006e000 08:01 1321636                    /usr/lib/libpcre.so.1.2.5
7f8717e84000-7f8717e85000 rw-p 0006f000 08:01 1321636                    /usr/lib/libpcre.so.1.2.5
7f8717e85000-7f8717e8d000 r-xp 00000000 08:01 1330339                    /usr/lib/libffi.so.6.0.4
7f8717e8d000-7f871808c000 ---p 00008000 08:01 1330339                    /usr/lib/libffi.so.6.0.4
7f871808c000-7f871808d000 r--p 00007000 08:01 1330339                    /usr/lib/libffi.so.6.0.4
7f871808d000-7f871808e000 rw-p 00008000 08:01 1330339                    /usr/lib/libffi.so.6.0.4
7f871808e000-7f871809f000 r-xp 00000000 08:01 1336564                    /usr/lib/libXext.so.6.4.0
7f871809f000-7f871829e000 ---p 00011000 08:01 1336564                    /usr/lib/libXext.so.6.4.0
7f871829e000-7f871829f000 r--p 00010000 08:01 1336564                    /usr/lib/libXext.so.6.4.0
7f871829f000-7f87182a0000 rw-p 00011000 08:01 1336564                    /usr/lib/libXext.so.6.4.0
7f87182a0000-7f87182a2000 r-xp 00000000 08:01 1337282                    /usr/lib/libXdamage.so.1.1.0
7f87182a2000-7f87184a1000 ---p 00002000 08:01 1337282                    /usr/lib/libXdamage.so.1.1.0
7f87184a1000-7f87184a2000 r--p 00001000 08:01 1337282                    /usr/lib/libXdamage.so.1.1.0
7f87184a2000-7f87184a3000 rw-p 00002000 08:01 1337282                    /usr/lib/libXdamage.so.1.1.0
7f87184a3000-7f87184a5000 r-xp 00000000 08:01 1337140                    /usr/lib/libXcomposite.so.1.0.0
7f87184a5000-7f87186a4000 ---p 00002000 08:01 1337140                    /usr/lib/libXcomposite.so.1.0.0
7f87186a4000-7f87186a5000 r--p 00001000 08:01 1337140                    /usr/lib/libXcomposite.so.1.0.0
7f87186a5000-7f87186a6000 rw-p 00002000 08:01 1337140                    /usr/lib/libXcomposite.so.1.0.0
7f87186a6000-7f87186b0000 r-xp 00000000 08:01 1337057                    /usr/lib/libXcursor.so.1.0.2
7f87186b0000-7f87188af000 ---p 0000a000 08:01 1337057                    /usr/lib/libXcursor.so.1.0.2
7f87188af000-7f87188b0000 r--p 00009000 08:01 1337057                    /usr/lib/libXcursor.so.1.0.2
7f87188b0000-7f87188b1000 rw-p 0000a000 08:01 1337057                    /usr/lib/libXcursor.so.1.0.2
7f87188b1000-7f87188bb000 r-xp 00000000 08:01 1336984                    /usr/lib/libXrandr.so.2.2.0
7f87188bb000-7f8718aba000 ---p 0000a000 08:01 1336984                    /usr/lib/libXrandr.so.2.2.0
7f8718aba000-7f8718abb000 r--p 00009000 08:01 1336984                    /usr/lib/libXrandr.so.2.2.0
7f8718abb000-7f8718abc000 rw-p 0000a000 08:01 1336984                    /usr/lib/libXrandr.so.2.2.0
7f8718abc000-7f8718acb000 r-xp 00000000 08:01 1336958                    /usr/lib/libXi.so.6.1.0
7f8718acb000-7f8718ccb000 ---p 0000f000 08:01 1336958                    /usr/lib/libXi.so.6.1.0
7f8718ccb000-7f8718ccc000 r--p 0000f000 08:01 1336958                    /usr/lib/libXi.so.6.1.0
7f8718ccc000-7f8718ccd000 rw-p 00010000 08:01 1336958                    /usr/lib/libXi.so.6.1.0
7f8718ccd000-7f8718ccf000 r-xp 00000000 08:01 1336988                    /usr/lib/libXinerama.so.1.0.0
7f8718ccf000-7f8718ece000 ---p 00002000 08:01 1336988                    /usr/lib/libXinerama.so.1.0.0
7f8718ece000-7f8718ecf000 r--p 00001000 08:01 1336988                    /usr/lib/libXinerama.so.1.0.0
7f8718ecf000-7f8718ed0000 rw-p 00002000 08:01 1336988                    /usr/lib/libXinerama.so.1.0.0
7f8718ed0000-7f8718ed9000 r-xp 00000000 08:01 1336962                    /usr/lib/libXrender.so.1.3.0
7f8718ed9000-7f87190d8000 ---p 00009000 08:01 1336962                    /usr/lib/libXrender.so.1.3.0
7f87190d8000-7f87190d9000 r--p 00008000 08:01 1336962                    /usr/lib/libXrender.so.1.3.0
7f87190d9000-7f87190da000 rw-p 00009000 08:01 1336962                    /usr/lib/libXrender.so.1.3.0
7f87190da000-7f87190df000 r-xp 00000000 08:01 1337017                    /usr/lib/libXfixes.so.3.1.0
7f87190df000-7f87192de000 ---p 00005000 08:01 1337017                    /usr/lib/libXfixes.so.3.1.0
7f87192de000-7f87192df000 r--p 00004000 08:01 1337017                    /usr/lib/libXfixes.so.3.1.0
7f87192df000-7f87192e0000 rw-p 00005000 08:01 1337017                    /usr/lib/libXfixes.so.3.1.0
7f87192e0000-7f87192f6000 r-xp 00000000 08:01 1317226                    /usr/lib/libgcc_s.so.1
7f87192f6000-7f87194f5000 ---p 00016000 08:01 1317226                    /usr/lib/libgcc_s.so.1
7f87194f5000-7f87194f6000 rw-p 00015000 08:01 1317226                    /usr/lib/libgcc_s.so.1
7f87194f6000-7f8719668000 r-xp 00000000 08:01 1339391                    /usr/lib/libstdc++.so.6.0.21
7f8719668000-7f8719868000 ---p 00172000 08:01 1339391                    /usr/lib/libstdc++.so.6.0.21
7f8719868000-7f8719872000 r--p 00172000 08:01 1339391                    /usr/lib/libstdc++.so.6.0.21
7f8719872000-7f8719874000 rw-p 0017c000 08:01 1339391                    /usr/lib/libstdc++.so.6.0.21
7f8719874000-7f8719878000 rw-p 00000000 00:00 0 
7f8719878000-7f871990c000 r-xp 00000000 08:01 1444761                    /usr/lib/mesa/libGL.so.1.2.0
7f871990c000-7f8719b0b000 ---p 00094000 08:01 1444761                    /usr/lib/mesa/libGL.so.1.2.0
7f8719b0b000-7f8719b0e000 r--p 00093000 08:01 1444761                    /usr/lib/mesa/libGL.so.1.2.0
7f8719b0e000-7f8719b0f000 rw-p 00096000 08:01 1444761                    /usr/lib/mesa/libGL.so.1.2.0
7f8719b0f000-7f8719b10000 rw-p 00000000 00:00 0 
7f8719b10000-7f8719b15000 r-xp 00000000 08:01 1359639                    /usr/lib/libXxf86vm.so.1.0.0
7f8719b15000-7f8719d14000 ---p 00005000 08:01 1359639                    /usr/lib/libXxf86vm.so.1.0.0
7f8719d14000-7f8719d15000 r--p 00004000 08:01 1359639                    /usr/lib/libXxf86vm.so.1.0.0
7f8719d15000-7f8719d16000 rw-p 00005000 08:01 1359639                    /usr/lib/libXxf86vm.so.1.0.0
7f8719d16000-7f8719e51000 r-xp 00000000 08:01 1334900                    /usr/lib/libX11.so.6.3.0
7f8719e51000-7f871a050000 ---p 0013b000 08:01 1334900                    /usr/lib/libX11.so.6.3.0
7f871a050000-7f871a052000 r--p 0013a000 08:01 1334900                    /usr/lib/libX11.so.6.3.0
7f871a052000-7f871a057000 rw-p 0013c000 08:01 1334900                    /usr/lib/libX11.so.6.3.0
7f871a057000-7f871a058000 rw-p 00000000 00:00 0 
7f871a058000-7f871a05d000 r-xp 00000000 08:01 1337099                    /usr/lib/libXtst.so.6.1.0
7f871a05d000-7f871a25c000 ---p 00005000 08:01 1337099                    /usr/lib/libXtst.so.6.1.0
7f871a25c000-7f871a25d000 r--p 00004000 08:01 1337099                    /usr/lib/libXtst.so.6.1.0
7f871a25d000-7f871a25e000 rw-p 00005000 08:01 1337099                    /usr/lib/libXtst.so.6.1.0
7f871a25e000-7f871a36a000 r-xp 00000000 08:01 1321859                    /usr/lib/libglib-2.0.so.0.4400.1
7f871a36a000-7f871a569000 ---p 0010c000 08:01 1321859                    /usr/lib/libglib-2.0.so.0.4400.1
7f871a569000-7f871a56a000 r--p 0010b000 08:01 1321859                    /usr/lib/libglib-2.0.so.0.4400.1
7f871a56a000-7f871a56b000 rw-p 0010c000 08:01 1321859                    /usr/lib/libglib-2.0.so.0.4400.1
7f871a56b000-7f871a56c000 rw-p 00000000 00:00 0 
7f871a56c000-7f871a56d000 r-xp 00000000 08:01 1321861                    /usr/lib/libgthread-2.0.so.0.4400.1
7f871a56d000-7f871a76c000 ---p 00001000 08:01 1321861                    /usr/lib/libgthread-2.0.so.0.4400.1
7f871a76c000-7f871a76d000 r--p 00000000 08:01 1321861                    /usr/lib/libgthread-2.0.so.0.4400.1
7f871a76d000-7f871a76e000 rw-p 00001000 08:01 1321861                    /usr/lib/libgthread-2.0.so.0.4400.1
7f871a76e000-7f871a771000 r-xp 00000000 08:01 1321860                    /usr/lib/libgmodule-2.0.so.0.4400.1
7f871a771000-7f871a970000 ---p 00003000 08:01 1321860                    /usr/lib/libgmodule-2.0.so.0.4400.1
7f871a970000-7f871a971000 r--p 00002000 08:01 1321860                    /usr/lib/libgmodule-2.0.so.0.4400.1
7f871a971000-7f871a972000 rw-p 00003000 08:01 1321860                    /usr/lib/libgmodule-2.0.so.0.4400.1
7f871a972000-7f871a9c1000 r-xp 00000000 08:01 1321862                    /usr/lib/libgobject-2.0.so.0.4400.1
7f871a9c1000-7f871abc1000 ---p 0004f000 08:01 1321862                    /usr/lib/libgobject-2.0.so.0.4400.1
7f871abc1000-7f871abc2000 r--p 0004f000 08:01 1321862                    /usr/lib/libgobject-2.0.so.0.4400.1
7f871abc2000-7f871abc3000 rw-p 00050000 08:01 1321862                    /usr/lib/libgobject-2.0.so.0.4400.1
7f871abc3000-7f871ac00000 r-xp 00000000 08:01 1336006                    /usr/lib/libfontconfig.so.1.8.0
7f871ac00000-7f871adff000 ---p 0003d000 08:01 1336006                    /usr/lib/libfontconfig.so.1.8.0
7f871adff000-7f871ae01000 r--p 0003c000 08:01 1336006                    /usr/lib/libfontconfig.so.1.8.0
7f871ae01000-7f871ae02000 rw-p 0003e000 08:01 1336006                    /usr/lib/libfontconfig.so.1.8.0
7f871ae02000-7f871aeb7000 r-xp 00000000 08:01 1353413                    /usr/lib/libfreetype.so.6.12.0
7f871aeb7000-7f871b0b6000 ---p 000b5000 08:01 1353413                    /usr/lib/libfreetype.so.6.12.0
7f871b0b6000-7f871b0bc000 r--p 000b4000 08:01 1353413                    /usr/lib/libfreetype.so.6.12.0
7f871b0bc000-7f871b0bd000 rw-p 000ba000 08:01 1353413                    /usr/lib/libfreetype.so.6.12.0
7f871b0bd000-7f871b106000 r-xp 00000000 08:01 1337658                    /usr/lib/libpango-1.0.so.0.3600.8
7f871b106000-7f871b306000 ---p 00049000 08:01 1337658                    /usr/lib/libpango-1.0.so.0.3600.8
7f871b306000-7f871b308000 r--p 00049000 08:01 1337658                    /usr/lib/libpango-1.0.so.0.3600.8
7f871b308000-7f871b309000 rw-p 0004b000 08:01 1337658                    /usr/lib/libpango-1.0.so.0.3600.8
7f871b309000-7f871b433000 r-xp 00000000 08:01 1337614                    /usr/lib/libcairo.so.2.11400.2
7f871b433000-7f871b633000 ---p 0012a000 08:01 1337614                    /usr/lib/libcairo.so.2.11400.2
7f871b633000-7f871b636000 r--p 0012a000 08:01 1337614                    /usr/lib/libcairo.so.2.11400.2
7f871b636000-7f871b638000 rw-p 0012d000 08:01 1337614                    /usr/lib/libcairo.so.2.11400.2
7f871b638000-7f871b639000 rw-p 00000000 00:00 0 
7f871b639000-7f871b645000 r-xp 00000000 08:01 1337662                    /usr/lib/libpangocairo-1.0.so.0.3600.8
7f871b645000-7f871b844000 ---p 0000c000 08:01 1337662                    /usr/lib/libpangocairo-1.0.so.0.3600.8
7f871b844000-7f871b845000 r--p 0000b000 08:01 1337662                    /usr/lib/libpangocairo-1.0.so.0.3600.8
7f871b845000-7f871b846000 rw-p 0000c000 08:01 1337662                    /usr/lib/libpangocairo-1.0.so.0.3600.8
7f871b846000-7f871b86a000 r-xp 00000000 08:01 1338409                    /usr/lib/libgdk_pixbuf-2.0.so.0.3100.6
7f871b86a000-7f871ba6a000 ---p 00024000 08:01 1338409                    /usr/lib/libgdk_pixbuf-2.0.so.0.3100.6
7f871ba6a000-7f871ba6b000 r--p 00024000 08:01 1338409                    /usr/lib/libgdk_pixbuf-2.0.so.0.3100.6
7f871ba6b000-7f871ba6c000 rw-p 00025000 08:01 1338409                    /usr/lib/libgdk_pixbuf-2.0.so.0.3100.6
7f871ba6c000-7f871ba80000 r-xp 00000000 08:01 1337660                    /usr/lib/libpangoft2-1.0.so.0.3600.8
7f871ba80000-7f871bc80000 ---p 00014000 08:01 1337660                    /usr/lib/libpangoft2-1.0.so.0.3600.8
7f871bc80000-7f871bc81000 r--p 00014000 08:01 1337660                    /usr/lib/libpangoft2-1.0.so.0.3600.8
7f871bc81000-7f871bc82000 rw-p 00015000 08:01 1337660                    /usr/lib/libpangoft2-1.0.so.0.3600.8
7f871bc82000-7f871bdf8000 r-xp 00000000 08:01 1322067                    /usr/lib/libgio-2.0.so.0.4400.1
7f871bdf8000-7f871bff8000 ---p 00176000 08:01 1322067                    /usr/lib/libgio-2.0.so.0.4400.1
7f871bff8000-7f871bffc000 r--p 00176000 08:01 1322067                    /usr/lib/libgio-2.0.so.0.4400.1
7f871bffc000-7f871bffe000 rw-p 0017a000 08:01 1322067                    /usr/lib/libgio-2.0.so.0.4400.1
7f871bffe000-7f871c000000 rw-p 00000000 00:00 0 
7f871c000000-7f871c021000 rw-p 00000000 00:00 0 
7f871c021000-7f8720000000 ---p 00000000 00:00 0 
7f8720000000-7f872076d000 rw-p 00000000 00:00 0 
7f872076d000-7f8724000000 ---p 00000000 00:00 0 
7f8724000000-7f8724543000 rw-p 00000000 00:00 0 
7f8724543000-7f8728000000 ---p 00000000 00:00 0 
7f8728000000-7f8728021000 rw-p 00000000 00:00 0 
7f8728021000-7f872c000000 ---p 00000000 00:00 0 
7f872c000000-7f872c021000 rw-p 00000000 00:00 0 
7f872c021000-7f8730000000 ---p 00000000 00:00 0 
7f8730000000-7f873083f000 rw-p 00000000 00:00 0 
7f873083f000-7f8734000000 ---p 00000000 00:00 0 
7f8734000000-7f8734021000 rw-p 00000000 00:00 0 
7f8734021000-7f8738000000 ---p 00000000 00:00 0 
7f8738000000-7f8738021000 rw-p 00000000 00:00 0 
7f8738021000-7f873c000000 ---p 00000000 00:00 0 
7f873c000000-7f873c021000 rw-p 00000000 00:00 0 
7f873c021000-7f8740000000 ---p 00000000 00:00 0 
7f8740000000-7f8740021000 rw-p 00000000 00:00 0 
7f8740021000-7f8744000000 ---p 00000000 00:00 0 
7f8744000000-7f8744021000 rw-p 00000000 00:00 0 
7f8744021000-7f8748000000 ---p 00000000 00:00 0 
7f8748000000-7f8748002000 r--s 00005000 08:04 7343397                    /home/morrisseymarr/.m2/repository/org/slf4j/slf4j-api/1.7.5/slf4j-api-1.7.5.jar
7f8748002000-7f8748004000 r--s 0000d000 08:04 14681092                   /home/morrisseymarr/.m2/repository/avalon-framework/avalon-framework-impl/4.2.0/avalon-framework-impl-4.2.0.jar
7f8748004000-7f874800c000 r--s 00028000 08:04 11404585                   /home/morrisseymarr/.m2/repository/xml-apis/xml-apis/1.3.02/xml-apis-1.3.02.jar
7f874800c000-7f874801c000 r--s 0013f000 08:04 9569835                    /home/morrisseymarr/.m2/repository/jfree/jfreechart/1.0.12/jfreechart-1.0.12.jar
7f874801c000-7f8748022000 r--s 00046000 08:04 9569833                    /home/morrisseymarr/.m2/repository/jfree/jcommon/1.0.15/jcommon-1.0.15.jar
7f8748022000-7f8748043000 r--s 0015a000 08:04 9176272                    /home/morrisseymarr/.m2/repository/bouncycastle/bcprov-jdk14/138/bcprov-jdk14-138.jar
7f8748043000-7f8748046000 ---p 00000000 00:00 0 
7f8748046000-7f8748144000 rw-p 00000000 00:00 0                          [stack:11313]
7f8748144000-7f8748162000 r-xp 00000000 08:01 1361949                    /usr/lib/libudev.so.1.6.4
7f8748162000-7f8748163000 r--p 0001d000 08:01 1361949                    /usr/lib/libudev.so.1.6.4
7f8748163000-7f8748164000 rw-p 0001e000 08:01 1361949                    /usr/lib/libudev.so.1.6.4
7f8748164000-7f8748187000 r-xp 00000000 08:01 1339841                    /usr/lib/libatk-1.0.so.0.21609.1
7f8748187000-7f8748386000 ---p 00023000 08:01 1339841                    /usr/lib/libatk-1.0.so.0.21609.1
7f8748386000-7f8748389000 r--p 00022000 08:01 1339841                    /usr/lib/libatk-1.0.so.0.21609.1
7f8748389000-7f874838a000 rw-p 00025000 08:01 1339841                    /usr/lib/libatk-1.0.so.0.21609.1
7f874838a000-7f874843a000 r-xp 00000000 08:01 1338445                    /usr/lib/libgdk-x11-2.0.so.0.2400.28
7f874843a000-7f874863a000 ---p 000b0000 08:01 1338445                    /usr/lib/libgdk-x11-2.0.so.0.2400.28
7f874863a000-7f874863e000 r--p 000b0000 08:01 1338445                    /usr/lib/libgdk-x11-2.0.so.0.2400.28
7f874863e000-7f8748640000 rw-p 000b4000 08:01 1338445                    /usr/lib/libgdk-x11-2.0.so.0.2400.28
7f8748640000-7f8748a74000 r-xp 00000000 08:01 1338449                    /usr/lib/libgtk-x11-2.0.so.0.2400.28
7f8748a74000-7f8748c74000 ---p 00434000 08:01 1338449                    /usr/lib/libgtk-x11-2.0.so.0.2400.28
7f8748c74000-7f8748c7b000 r--p 00434000 08:01 1338449                    /usr/lib/libgtk-x11-2.0.so.0.2400.28
7f8748c7b000-7f8748c7f000 rw-p 0043b000 08:01 1338449                    /usr/lib/libgtk-x11-2.0.so.0.2400.28
7f8748c7f000-7f8748c82000 rw-p 00000000 00:00 0 
7f8748c82000-7f8748c8f000 r--s 00108000 08:04 9176275                    /home/morrisseymarr/.m2/repository/com/lowagie/itext/2.1.7.js2/itext-2.1.7.js2.jar
7f8748c8f000-7f8748c9d000 r--s 0007f000 08:04 13898654                   /home/morrisseymarr/.m2/repository/commons-collections/commons-collections/3.2.1/commons-collections-3.2.1.jar
7f8748c9d000-7f8748cbc000 r--s 00110000 08:04 10748449                   /home/morrisseymarr/.m2/repository/net/sourceforge/dynamicreports/dynamicreports-core/4.0.1/dynamicreports-core-4.0.1.jar
7f8748cbc000-7f8748cc8000 r-xp 00000000 08:01 919487                     /usr/lib/jvm/java-8-jdk/jre/lib/amd64/libprism_es2.so
7f8748cc8000-7f8748ec7000 ---p 0000c000 08:01 919487                     /usr/lib/jvm/java-8-jdk/jre/lib/amd64/libprism_es2.so
7f8748ec7000-7f8748ec8000 r--p 0000b000 08:01 919487                     /usr/lib/jvm/java-8-jdk/jre/lib/amd64/libprism_es2.so
7f8748ec8000-7f8748ec9000 rw-p 0000c000 08:01 919487                     /usr/lib/jvm/java-8-jdk/jre/lib/amd64/libprism_es2.so
7f8748ec9000-7f8748ecc000 ---p 00000000 00:00 0 
7f8748ecc000-7f8748fca000 rw-p 00000000 00:00 0                          [stack:11311]
7f8748fca000-7f874905f000 r--s 010fb000 08:01 1721262                    /usr/lib/jvm/java-8-jdk/jre/lib/ext/jfxrt.jar
7f874905f000-7f8749060000 ---p 00000000 00:00 0 
7f8749060000-7f8749160000 rw-p 00000000 00:00 0                          [stack:11310]
7f8749160000-7f8749163000 ---p 00000000 00:00 0 
7f8749163000-7f8749261000 rw-p 00000000 00:00 0                          [stack:11309]
7f8749261000-7f8749264000 ---p 00000000 00:00 0 
7f8749264000-7f8749362000 rw-p 00000000 00:00 0                          [stack:11308]
7f8749362000-7f8749365000 ---p 00000000 00:00 0 
7f8749365000-7f8749463000 rw-p 00000000 00:00 0                          [stack:11307]
7f8749463000-7f8749466000 ---p 00000000 00:00 0 
7f8749466000-7f8749564000 rw-p 00000000 00:00 0                          [stack:11306]
7f8749564000-7f87496f2000 r--p 00000000 08:01 1357453                    /usr/lib/locale/locale-archive
7f87496f2000-7f87496f5000 ---p 00000000 00:00 0 
7f87496f5000-7f87497f3000 rw-p 00000000 00:00 0                          [stack:11305]
7f87497f3000-7f87497f6000 ---p 00000000 00:00 0 
7f87497f6000-7f87498f4000 rw-p 00000000 00:00 0                          [stack:11304]
7f87498f4000-7f87498f5000 ---p 00000000 00:00 0 
7f87498f5000-7f874c000000 rw-p 00000000 00:00 0                          [stack:11303]
7f874c000000-7f874c021000 rw-p 00000000 00:00 0 
7f874c021000-7f8750000000 ---p 00000000 00:00 0 
7f8750000000-7f8750001000 rw-s 1470a7000 00:06 9757                      /dev/dri/card0
7f8750001000-7f8750011000 rw-s 1471ff000 00:06 9757                      /dev/dri/card0
7f8750011000-7f8750175000 rw-p 00000000 00:00 0 
7f8750175000-7f875034d000 r--s 03d0c000 08:01 1586771                    /usr/lib/jvm/java-8-jdk/jre/lib/rt.jar
7f875034d000-7f8750cfd000 rw-p 00000000 00:00 0 
7f8750cfd000-7f8750cfe000 ---p 00000000 00:00 0 
7f8750cfe000-7f8750dfe000 rw-p 00000000 00:00 0                          [stack:11302]
7f8750dfe000-7f8750dff000 ---p 00000000 00:00 0 
7f8750dff000-7f8750eff000 rw-p 00000000 00:00 0                          [stack:11301]
7f8750eff000-7f8750f00000 ---p 00000000 00:00 0 
7f8750f00000-7f8751000000 rw-p 00000000 00:00 0                          [stack:11300]
7f8751000000-7f8751900000 rwxp 00000000 00:00 0 
7f8751900000-7f8760000000 ---p 00000000 00:00 0 
7f8760000000-7f876042b000 rw-p 00000000 00:00 0 
7f876042b000-7f8764000000 ---p 00000000 00:00 0 
7f8764000000-7f8764001000 r--s 00000000 08:01 1854907                    /var/cache/fontconfig/7ef2298fde41cc6eeb7af42e48b7d293-le64.cache-4
7f8764001000-7f8764003000 r--s 00007000 08:04 18219304                   /home/morrisseymarr/.m2/repository/com/fasterxml/jackson/core/jackson-annotations/2.1.4/jackson-annotations-2.1.4.jar
7f8764003000-7f876400f000 rw-s 155765000 00:06 9757                      /dev/dri/card0
7f876400f000-7f87640e2000 rw-p 00000000 00:00 0 
7f87640e2000-7f87641f4000 ---p 00000000 00:00 0 
7f87641f4000-7f8764202000 rw-p 00000000 00:00 0 
7f8764202000-7f8764314000 ---p 00000000 00:00 0 
7f8764314000-7f876432e000 rw-p 00000000 00:00 0 
7f876432e000-7f87643a4000 ---p 00000000 00:00 0 
7f87643a4000-7f87643c9000 rw-p 00000000 00:00 0 
7f87643c9000-7f8764765000 ---p 00000000 00:00 0 
7f8764765000-7f876477f000 r-xp 00000000 08:01 919515                     /usr/lib/jvm/java-8-jdk/jre/lib/amd64/libzip.so
7f876477f000-7f876497f000 ---p 0001a000 08:01 919515                     /usr/lib/jvm/java-8-jdk/jre/lib/amd64/libzip.so
7f876497f000-7f8764980000 rw-p 0001a000 08:01 919515                     /usr/lib/jvm/java-8-jdk/jre/lib/amd64/libzip.so
7f8764980000-7f876498b000 r-xp 00000000 08:01 1313491                    /usr/lib/libnss_files-2.22.so
7f876498b000-7f8764b8a000 ---p 0000b000 08:01 1313491                    /usr/lib/libnss_files-2.22.so
7f8764b8a000-7f8764b8b000 r--p 0000a000 08:01 1313491                    /usr/lib/libnss_files-2.22.so
7f8764b8b000-7f8764b8c000 rw-p 0000b000 08:01 1313491                    /usr/lib/libnss_files-2.22.so
7f8764b8c000-7f8764b92000 rw-p 00000000 00:00 0 
7f8764b92000-7f8764bbc000 r-xp 00000000 08:01 919543                     /usr/lib/jvm/java-8-jdk/jre/lib/amd64/libjava.so
7f8764bbc000-7f8764dbc000 ---p 0002a000 08:01 919543                     /usr/lib/jvm/java-8-jdk/jre/lib/amd64/libjava.so
7f8764dbc000-7f8764dbe000 rw-p 0002a000 08:01 919543                     /usr/lib/jvm/java-8-jdk/jre/lib/amd64/libjava.so
7f8764dbe000-7f8764dcb000 r-xp 00000000 08:01 919526                     /usr/lib/jvm/java-8-jdk/jre/lib/amd64/libverify.so
7f8764dcb000-7f8764fcb000 ---p 0000d000 08:01 919526                     /usr/lib/jvm/java-8-jdk/jre/lib/amd64/libverify.so
7f8764fcb000-7f8764fcd000 rw-p 0000d000 08:01 919526                     /usr/lib/jvm/java-8-jdk/jre/lib/amd64/libverify.so
7f8764fcd000-7f8764fd4000 r-xp 00000000 08:01 1313473                    /usr/lib/librt-2.22.so
7f8764fd4000-7f87651d3000 ---p 00007000 08:01 1313473                    /usr/lib/librt-2.22.so
7f87651d3000-7f87651d4000 r--p 00006000 08:01 1313473                    /usr/lib/librt-2.22.so
7f87651d4000-7f87651d5000 rw-p 00007000 08:01 1313473                    /usr/lib/librt-2.22.so
7f87651d5000-7f87652d2000 r-xp 00000000 08:01 1313477                    /usr/lib/libm-2.22.so
7f87652d2000-7f87654d1000 ---p 000fd000 08:01 1313477                    /usr/lib/libm-2.22.so
7f87654d1000-7f87654d2000 r--p 000fc000 08:01 1313477                    /usr/lib/libm-2.22.so
7f87654d2000-7f87654d3000 rw-p 000fd000 08:01 1313477                    /usr/lib/libm-2.22.so
7f87654d3000-7f8766181000 r-xp 00000000 08:01 919554                     /usr/lib/jvm/java-8-jdk/jre/lib/amd64/server/libjvm.so
7f8766181000-7f8766381000 ---p 00cae000 08:01 919554                     /usr/lib/jvm/java-8-jdk/jre/lib/amd64/server/libjvm.so
7f8766381000-7f8766458000 rw-p 00cae000 08:01 919554                     /usr/lib/jvm/java-8-jdk/jre/lib/amd64/server/libjvm.so
7f8766458000-7f876649c000 rw-p 00000000 00:00 0 
7f876649c000-7f8766637000 r-xp 00000000 08:01 1313484                    /usr/lib/libc-2.22.so
7f8766637000-7f8766836000 ---p 0019b000 08:01 1313484                    /usr/lib/libc-2.22.so
7f8766836000-7f876683a000 r--p 0019a000 08:01 1313484                    /usr/lib/libc-2.22.so
7f876683a000-7f876683c000 rw-p 0019e000 08:01 1313484                    /usr/lib/libc-2.22.so
7f876683c000-7f8766840000 rw-p 00000000 00:00 0 
7f8766840000-7f8766843000 r-xp 00000000 08:01 1313454                    /usr/lib/libdl-2.22.so
7f8766843000-7f8766a42000 ---p 00003000 08:01 1313454                    /usr/lib/libdl-2.22.so
7f8766a42000-7f8766a43000 r--p 00002000 08:01 1313454                    /usr/lib/libdl-2.22.so
7f8766a43000-7f8766a44000 rw-p 00003000 08:01 1313454                    /usr/lib/libdl-2.22.so
7f8766a44000-7f8766a59000 r-xp 00000000 08:01 919553                     /usr/lib/jvm/java-8-jdk/jre/lib/amd64/jli/libjli.so
7f8766a59000-7f8766c59000 ---p 00015000 08:01 919553                     /usr/lib/jvm/java-8-jdk/jre/lib/amd64/jli/libjli.so
7f8766c59000-7f8766c5a000 rw-p 00015000 08:01 919553                     /usr/lib/jvm/java-8-jdk/jre/lib/amd64/jli/libjli.so
7f8766c5a000-7f8766c72000 r-xp 00000000 08:01 1313490                    /usr/lib/libpthread-2.22.so
7f8766c72000-7f8766e71000 ---p 00018000 08:01 1313490                    /usr/lib/libpthread-2.22.so
7f8766e71000-7f8766e72000 r--p 00017000 08:01 1313490                    /usr/lib/libpthread-2.22.so
7f8766e72000-7f8766e73000 rw-p 00018000 08:01 1313490                    /usr/lib/libpthread-2.22.so
7f8766e73000-7f8766e77000 rw-p 00000000 00:00 0 
7f8766e77000-7f8766e99000 r-xp 00000000 08:01 1313451                    /usr/lib/ld-2.22.so
7f8766e99000-7f8766e9a000 r--s 00000000 08:01 1854814                    /var/cache/fontconfig/6ba42ae0000f58711b5caaf10d690066-le64.cache-4
7f8766e9a000-7f8766e9e000 r--s 0002f000 08:04 18219300                   /home/morrisseymarr/.m2/repository/com/fasterxml/jackson/core/jackson-core/2.1.4/jackson-core-2.1.4.jar
7f8766e9e000-7f8766ea4000 r--s 0002b000 08:04 14681090                   /home/morrisseymarr/.m2/repository/commons-digester/commons-digester/2.1/commons-digester-2.1.jar
7f8766ea4000-7f8766eb4000 rw-s 1471d9000 00:06 9757                      /dev/dri/card0
7f8766eb4000-7f8766f58000 rw-p 00000000 00:00 0 
7f8766f58000-7f8766f5b000 ---p 00000000 00:00 0 
7f8766f5b000-7f876705d000 rw-p 00000000 00:00 0                          [stack:11296]
7f876705d000-7f876705f000 r--s 0000d000 08:04 8521386                    /home/morrisseymarr/.m2/repository/commons-logging/commons-logging/1.1.1/commons-logging-1.1.1.jar
7f876705f000-7f8767064000 r--s 00034000 08:04 14681088                   /home/morrisseymarr/.m2/repository/commons-beanutils/commons-beanutils/1.9.0/commons-beanutils-1.9.0.jar
7f8767064000-7f8767068000 r--s 0002a000 08:04 14552484                   /home/morrisseymarr/.m2/repository/commons-io/commons-io/2.4/commons-io-2.4.jar
7f8767068000-7f8767069000 rw-s 147211000 00:06 9757                      /dev/dri/card0
7f8767069000-7f876706a000 rw-s 147210000 00:06 9757                      /dev/dri/card0
7f876706a000-7f876706b000 rw-s 14720f000 00:06 9757                      /dev/dri/card0
7f876706b000-7f876706c000 rw-s 00000000 00:05 303591                     /memfd:xshmfence (deleted)
7f876706c000-7f876707c000 rw-s 1471c9000 00:06 9757                      /dev/dri/card0
7f876707c000-7f876708d000 rw-p 00000000 00:00 0 
7f876708d000-7f8767095000 rw-s 00000000 00:20 305332                     /tmp/hsperfdata_morrisseymarr/11294
7f8767095000-7f8767096000 rw-p 00000000 00:00 0 
7f8767096000-7f8767097000 r--p 00000000 00:00 0 
7f8767097000-7f8767098000 rw-p 00000000 00:00 0 
7f8767098000-7f8767099000 r--p 00021000 08:01 1313451                    /usr/lib/ld-2.22.so
7f8767099000-7f876709a000 rw-p 00022000 08:01 1313451                    /usr/lib/ld-2.22.so
7f876709a000-7f876709b000 rw-p 00000000 00:00 0 
7fff2e8d3000-7fff2e8f5000 rw-p 00000000 00:00 0                          [stack]
7fff2e915000-7fff2e917000 r--p 00000000 00:00 0                          [vvar]
7fff2e917000-7fff2e919000 r-xp 00000000 00:00 0                          [vdso]
ffffffffff600000-ffffffffff601000 r-xp 00000000 00:00 0                  [vsyscall]

VM Arguments:
jvm_args: -Dfile.encoding=UTF-8 
java_command: livinglikelarry.lapgas.Lapgas
java_class_path (initial): /home/morrisseymarr/workspace/lapgas/target/classes:/home/morrisseymarr/.m2/repository/commons-io/commons-io/2.4/commons-io-2.4.jar:/home/morrisseymarr/.m2/repository/net/sourceforge/dynamicreports/dynamicreports-core/4.0.1/dynamicreports-core-4.0.1.jar:/home/morrisseymarr/.m2/repository/net/sf/jasperreports/jasperreports/6.1.0/jasperreports-6.1.0.jar:/home/morrisseymarr/.m2/repository/commons-beanutils/commons-beanutils/1.9.0/commons-beanutils-1.9.0.jar:/home/morrisseymarr/.m2/repository/commons-collections/commons-collections/3.2.1/commons-collections-3.2.1.jar:/home/morrisseymarr/.m2/repository/commons-digester/commons-digester/2.1/commons-digester-2.1.jar:/home/morrisseymarr/.m2/repository/commons-logging/commons-logging/1.1.1/commons-logging-1.1.1.jar:/home/morrisseymarr/.m2/repository/com/lowagie/itext/2.1.7.js2/itext-2.1.7.js2.jar:/home/morrisseymarr/.m2/repository/bouncycastle/bcprov-jdk14/138/bcprov-jdk14-138.jar:/home/morrisseymarr/.m2/repository/jfree/jcommon/1.0.15/jcommon-1.0.15.jar:/home/morrisseymarr/.m2/repository/jfree/jfreechart/1.0.12/jfreechart-1.0.12.jar:/home/morrisseymarr/.m2/repository/xml-apis/xml-apis/1.3.02/xml-apis-1.3.02.jar:/home/morrisseymarr/.m2/repository/org/eclipse/jdt/core/compiler/ecj/4.3.1/ecj-4.3.1.jar:/home/morrisseymarr/.m2/repository/com/fasterxml/jackson/core/jackson-core/2.1.4/jackson-core-2.1.4.jar:/home/morrisseymarr/.m2/repository/com/fasterxml/jackson/core/jackson-databind/2.1.4/jackson-databind-2.1.4.jar:/home/morrisseymarr/.m2/repository/com/fasterxml/jackson/core/jackson-annotations/2.1.4/jackson-annotations-2.1.4.jar:/home/morrisseymarr/.m2/repository/org/apache/commons/commons-lang3/3.1/commons-lang3-3.1.jar:/home/morrisseymarr/.m2/repository/net/sf/barcode4j/barcode4j/2.0/barcode4j-2.0.jar:/home/morrisseymarr/.m2/repository/avalon-framework/avalon-framework-impl/4.2.0/avalon-framework-impl-4.2.0.jar:/home/morrisseymarr/.m2/repository/org/javalite/activejdbc/1.4.11/activejdbc-1.4.11.ja
Launcher Type: SUN_STANDARD

Environment Variables:
PATH=/usr/local/sbin:/usr/local/bin:/usr/bin:/usr/lib/jvm/default/bin:/usr/bin/site_perl:/usr/bin/vendor_perl:/usr/bin/core_perl:/opt/staruml/:/home/morrisseymarr/.composer/vendor/bin:/opt/lampp/bin:/home/morrisseymarr/.cabal/bin
SHELL=/bin/bash
DISPLAY=:0.0

Signal Handlers:
SIGSEGV: [libjvm.so+0xaad540], sa_mask[0]=11111111011111111101111111111110, sa_flags=SA_RESTART|SA_SIGINFO
SIGBUS: [libjvm.so+0xaad540], sa_mask[0]=11111111011111111101111111111110, sa_flags=SA_RESTART|SA_SIGINFO
SIGFPE: [libjvm.so+0x90b6b0], sa_mask[0]=11111111011111111101111111111110, sa_flags=SA_RESTART|SA_SIGINFO
SIGPIPE: SIG_IGN, sa_mask[0]=00000000000010000000000000000000, sa_flags=SA_RESTART
SIGXFSZ: [libjvm.so+0x90b6b0], sa_mask[0]=11111111011111111101111111111110, sa_flags=SA_RESTART|SA_SIGINFO
SIGILL: [libjvm.so+0x90b6b0], sa_mask[0]=11111111011111111101111111111110, sa_flags=SA_RESTART|SA_SIGINFO
SIGUSR1: SIG_DFL, sa_mask[0]=00000000000000000000000000000000, sa_flags=none
SIGUSR2: [libjvm.so+0x90ccf0], sa_mask[0]=00100000000000000000000000000000, sa_flags=SA_RESTART|SA_SIGINFO
SIGHUP: [libjvm.so+0x90e040], sa_mask[0]=11111111011111111101111111111110, sa_flags=SA_RESTART|SA_SIGINFO
SIGINT: [libjvm.so+0x90e040], sa_mask[0]=11111111011111111101111111111110, sa_flags=SA_RESTART|SA_SIGINFO
SIGTERM: [libjvm.so+0x90e040], sa_mask[0]=11111111011111111101111111111110, sa_flags=SA_RESTART|SA_SIGINFO
SIGQUIT: [libjvm.so+0x90e040], sa_mask[0]=11111111011111111101111111111110, sa_flags=SA_RESTART|SA_SIGINFO


---------------  S Y S T E M  ---------------

OS:NAME="Arch Linux"
ID=arch
PRETTY_NAME="Arch Linux"
ANSI_COLOR="0;36"
HOME_URL="https://www.archlinux.org/"
SUPPORT_URL="https://bbs.archlinux.org/"
BUG_REPORT_URL="https://bugs.archlinux.org/"


uname:Linux 4.1.6-1-ARCH #1 SMP PREEMPT Mon Aug 17 08:52:28 CEST 2015 x86_64
libc:glibc 2.22 NPTL 2.22 
rlimit: STACK 8192k, CORE 0k, NPROC 13527, NOFILE 4096, AS infinity
load average:1.29 0.77 0.72

/proc/meminfo:
MemTotal:        3534552 kB
MemFree:           41656 kB
MemAvailable:     904160 kB
Buffers:           58140 kB
Cached:           835964 kB
SwapCached:        19416 kB
Active:          2151696 kB
Inactive:        1162820 kB
Active(anon):    1714596 kB
Inactive(anon):   747740 kB
Active(file):     437100 kB
Inactive(file):   415080 kB
Unevictable:          36 kB
Mlocked:              36 kB
SwapTotal:       4194300 kB
SwapFree:        3990376 kB
Dirty:               412 kB
Writeback:             0 kB
AnonPages:       2411148 kB
Mapped:           255060 kB
Shmem:             41824 kB
Slab:              62944 kB
SReclaimable:      38080 kB
SUnreclaim:        24864 kB
KernelStack:        7280 kB
PageTables:        31868 kB
NFS_Unstable:          0 kB
Bounce:                0 kB
WritebackTmp:          0 kB
CommitLimit:     5961576 kB
Committed_AS:    5316404 kB
VmallocTotal:   34359738367 kB
VmallocUsed:      309860 kB
VmallocChunk:   34358947836 kB
HardwareCorrupted:     0 kB
AnonHugePages:    931840 kB
HugePages_Total:       0
HugePages_Free:        0
HugePages_Rsvd:        0
HugePages_Surp:        0
Hugepagesize:       2048 kB
DirectMap4k:      170880 kB
DirectMap2M:     3497984 kB
DirectMap1G:           0 kB


CPU:total 3 (3 cores per cpu, 1 threads per core) family 16 model 5 stepping 2, cmov, cx8, fxsr, mmx, sse, sse2, sse3, popcnt, mmxext, 3dnowpref, lzcnt, sse4a, tsc, tscinvbit, tscinv

/proc/cpuinfo:
processor	: 0
vendor_id	: AuthenticAMD
cpu family	: 16
model		: 5
model name	: AMD Athlon(tm) II X3 440 Processor
stepping	: 2
microcode	: 0x10000db
cpu MHz		: 2900.000
cache size	: 512 KB
physical id	: 0
siblings	: 3
core id		: 0
cpu cores	: 3
apicid		: 0
initial apicid	: 0
fpu		: yes
fpu_exception	: yes
cpuid level	: 5
wp		: yes
flags		: fpu vme de pse tsc msr pae mce cx8 apic sep mtrr pge mca cmov pat pse36 clflush mmx fxsr sse sse2 ht syscall nx mmxext fxsr_opt pdpe1gb rdtscp lm 3dnowext 3dnow constant_tsc rep_good nopl nonstop_tsc extd_apicid pni monitor cx16 popcnt lahf_lm cmp_legacy svm extapic cr8_legacy abm sse4a misalignsse 3dnowprefetch osvw ibs skinit wdt hw_pstate npt lbrv svm_lock nrip_save vmmcall
bugs		: tlb_mmatch fxsave_leak sysret_ss_attrs
bogomips	: 6092.32
TLB size	: 1024 4K pages
clflush size	: 64
cache_alignment	: 64
address sizes	: 48 bits physical, 48 bits virtual
power management: ts ttp tm stc 100mhzsteps hwpstate

processor	: 1
vendor_id	: AuthenticAMD
cpu family	: 16
model		: 5
model name	: AMD Athlon(tm) II X3 440 Processor
stepping	: 2
microcode	: 0x10000db
cpu MHz		: 2900.000
cache size	: 512 KB
physical id	: 0
siblings	: 3
core id		: 1
cpu cores	: 3
apicid		: 1
initial apicid	: 1
fpu		: yes
fpu_exception	: yes
cpuid level	: 5
wp		: yes
flags		: fpu vme de pse tsc msr pae mce cx8 apic sep mtrr pge mca cmov pat pse36 clflush mmx fxsr sse sse2 ht syscall nx mmxext fxsr_opt pdpe1gb rdtscp lm 3dnowext 3dnow constant_tsc rep_good nopl nonstop_tsc extd_apicid pni monitor cx16 popcnt lahf_lm cmp_legacy svm extapic cr8_legacy abm sse4a misalignsse 3dnowprefetch osvw ibs skinit wdt hw_pstate npt lbrv svm_lock nrip_save vmmcall
bugs		: tlb_mmatch fxsave_leak sysret_ss_attrs
bogomips	: 6092.32
TLB size	: 1024 4K pages
clflush size	: 64
cache_alignment	: 64
address sizes	: 48 bits physical, 48 bits virtual
power management: ts ttp tm stc 100mhzsteps hwpstate

processor	: 2
vendor_id	: AuthenticAMD
cpu family	: 16
model		: 5
model name	: AMD Athlon(tm) II X3 440 Processor
stepping	: 2
microcode	: 0x10000db
cpu MHz		: 2900.000
cache size	: 512 KB
physical id	: 0
siblings	: 3
core id		: 2
cpu cores	: 3
apicid		: 2
initial apicid	: 2
fpu		: yes
fpu_exception	: yes
cpuid level	: 5
wp		: yes
flags		: fpu vme de pse tsc msr pae mce cx8 apic sep mtrr pge mca cmov pat pse36 clflush mmx fxsr sse sse2 ht syscall nx mmxext fxsr_opt pdpe1gb rdtscp lm 3dnowext 3dnow constant_tsc rep_good nopl nonstop_tsc extd_apicid pni monitor cx16 popcnt lahf_lm cmp_legacy svm extapic cr8_legacy abm sse4a misalignsse 3dnowprefetch osvw ibs skinit wdt hw_pstate npt lbrv svm_lock nrip_save vmmcall
bugs		: tlb_mmatch fxsave_leak sysret_ss_attrs
bogomips	: 6092.32
TLB size	: 1024 4K pages
clflush size	: 64
cache_alignment	: 64
address sizes	: 48 bits physical, 48 bits virtual
power management: ts ttp tm stc 100mhzsteps hwpstate



Memory: 4k page, physical 3534552k(41656k free), swap 4194300k(3990376k free)

vm_info: Java HotSpot(TM) 64-Bit Server VM (25.51-b03) for linux-amd64 JRE (1.8.0_51-b16), built on Jun  8 2015 19:28:07 by "java_re" with gcc 4.3.0 20080428 (Red Hat 4.3.0-8)

time: Sun Sep 20 14:04:52 2015
elapsed time: 14 seconds (0d 0h 0m 14s)

