#
# A fatal error has been detected by the Java Runtime Environment:
#
#  SIGSEGV (0xb) at pc=0x00007f373237cf48, pid=3036, tid=139873593665280
#
# JRE version: Java(TM) SE Runtime Environment (8.0_51-b16) (build 1.8.0_51-b16)
# Java VM: Java HotSpot(TM) 64-Bit Server VM (25.51-b03 mixed mode linux-amd64 compressed oops)
# Problematic frame:
# V  [libjvm.so+0x6c3f48]  jni_invoke_nonstatic(JNIEnv_*, JavaValue*, _jobject*, JNICallType, _jmethodID*, JNI_ArgumentPusher*, Thread*)+0x38
#
# Failed to write core dump. Core dumps have been disabled. To enable core dumping, try "ulimit -c unlimited" before starting Java again
#
# If you would like to submit a bug report, please visit:
#   http://bugreport.java.com/bugreport/crash.jsp
#

---------------  T H R E A D  ---------------

Current thread (0x00007f372c245800):  JavaThread "JavaFX Application Thread" [_thread_in_vm, id=3057, stack(0x00007f36dbcd2000,0x00007f36dbdd3000)]

siginfo: si_signo: 11 (SIGSEGV), si_code: 1 (SEGV_MAPERR), si_addr: 0xffffffffffffffff

Registers:
RAX=0x00007f36dbdd1430, RBX=0x00007f36dbdd1340, RCX=0x0000000000000001, RDX=0xffffffffffffffff
RSP=0x00007f36dbdd1190, RBP=0x00007f36dbdd1310, RSI=0x00007f36dbdd13a0, RDI=0x00007f372c2459f8
R8 =0x00007f372c2021a8, R9 =0x00007f36dbdd1340, R10=0x0000000000000006, R11=0x00007f371d3d3c60
R12=0x00007f372c245800, R13=0x00007f372c2021a8, R14=0x0000000000000001, R15=0x00007f372c2459f8
RIP=0x00007f373237cf48, EFLAGS=0x0000000000010286, CSGSFS=0x002b000000000033, ERR=0x0000000000000005
  TRAPNO=0x000000000000000e

Top of Stack: (sp=0x00007f36dbdd1190)
0x00007f36dbdd1190:   00007f36dbdd1840 00007f371d013768
0x00007f36dbdd11a0:   00007f36dbdd11f0 00007f36dbdd1270
0x00007f36dbdd11b0:   00007f36dbdd1340 00007f36dbdd13a0
0x00007f36dbdd11c0:   00007f372c2459f8 00007f373239c7e0
0x00007f36dbdd11d0:   00007f36f804d780 00007f36f804d790
0x00007f36dbdd11e0:   00007f36f804db68 00000000000003d8
0x00007f36dbdd11f0:   00007f371cce4f08 00000000ef010a60
0x00007f36dbdd1200:   00007f370000006f 000000000000000a
0x00007f36dbdd1210:   00000000ee8b7e20 00007f3700000000
0x00007f36dbdd1220:   00007f371cd89a30 00007f372c245800
0x00007f36dbdd1230:   0000003300000000 0000000100000180
0x00007f36dbdd1240:   00007f371cce4f08 00007f36dbdd11f8
0x00007f36dbdd1250:   00007f36dbdd1239 0000000800000005
0x00007f36dbdd1260:   00007f371cce4f00 00007f372c245800
0x00007f36dbdd1270:   00007f3732bf9530 00007f37336c1470
0x00007f36dbdd1280:   00000000ef010ab0 00007f371cce4f08
0x00007f36dbdd1290:   0000000000000000 00007f372c245800
0x00007f36dbdd12a0:   00007f371cceee68 00007f372c245800
0x00007f36dbdd12b0:   00007f371cceee68 00007f372c245800
0x00007f36dbdd12c0:   00007f36dbdd1310 00007f371cceee68
0x00007f36dbdd12d0:   00007f371cceee68 00007f371cceee68
0x00007f36dbdd12e0:   00007f372c2459f8 00007f36dbdd1340
0x00007f36dbdd12f0:   00007f372c245800 00007f36dbdd1380
0x00007f36dbdd1300:   00007f372c2021a8 00007f372c2459f8
0x00007f36dbdd1310:   00007f36dbdd1400 00007f37323816ef
0x00007f36dbdd1320:   00007f372c245800 00000000000000e8
0x00007f36dbdd1330:   00007f36dbdd1410 ffffffffffffffff
0x00007f36dbdd1340:   00007f3732bfa190 00007f37336c1470
0x00007f36dbdd1350:   0000000000000006 00007f3700000063
0x00007f36dbdd1360:   0000000000000000 0000003000000018
0x00007f36dbdd1370:   00007f36dbdd14f0 00007f36dbdd1430
0x00007f36dbdd1380:   00007f372c245800 0000000000000000 

Instructions: (pc=0x00007f373237cf48)
0x00007f373237cf28:   00 00 48 85 d2 48 89 bd b0 fe ff ff 48 89 b5 a8
0x00007f373237cf38:   fe ff ff 4c 89 8d a0 fe ff ff 0f 84 10 09 00 00
0x00007f373237cf48:   4c 8b 22 4d 85 e4 0f 84 04 09 00 00 48 8b 45 10
0x00007f373237cf58:   48 8b 98 38 01 00 00 48 83 7b 18 f7 0f 87 06 06 

Register to memory mapping:

RAX=0x00007f36dbdd1430 is pointing into the stack for thread: 0x00007f372c245800
RBX=0x00007f36dbdd1340 is pointing into the stack for thread: 0x00007f372c245800
RCX=0x0000000000000001 is an unknown value
RDX=0xffffffffffffffff is an unknown value
RSP=0x00007f36dbdd1190 is pointing into the stack for thread: 0x00007f372c245800
RBP=0x00007f36dbdd1310 is pointing into the stack for thread: 0x00007f372c245800
RSI=0x00007f36dbdd13a0 is pointing into the stack for thread: 0x00007f372c245800
RDI=0x00007f372c2459f8 is an unknown value
R8 =0x00007f372c2021a8 is an unknown value
R9 =0x00007f36dbdd1340 is pointing into the stack for thread: 0x00007f372c245800
R10=0x0000000000000006 is an unknown value
R11=0x00007f371d3d3c60 is at entry_point+32 in (nmethod*)0x00007f371d3d3ad0
R12=0x00007f372c245800 is a thread
R13=0x00007f372c2021a8 is an unknown value
R14=0x0000000000000001 is an unknown value
R15=0x00007f372c2459f8 is an unknown value


Stack: [0x00007f36dbcd2000,0x00007f36dbdd3000],  sp=0x00007f36dbdd1190,  free space=1020k
Native frames: (J=compiled Java code, j=interpreted, Vv=VM code, C=native code)
V  [libjvm.so+0x6c3f48]  jni_invoke_nonstatic(JNIEnv_*, JavaValue*, _jobject*, JNICallType, _jmethodID*, JNI_ArgumentPusher*, Thread*)+0x38
V  [libjvm.so+0x6c86ef]  jni_CallVoidMethodV+0x10f
C  [libglass.so+0x1b798]  JNIEnv_::CallVoidMethod(_jobject*, _jmethodID*, ...)+0x98
C  [libglass.so+0x19355]  WindowContextBase::process_key(_GdkEventKey*)+0x225
C  [libglass.so+0x22bf0]  WindowContextBase::im_filter_keypress(_GdkEventKey*)+0x1f0
C  [libglass.so+0x254d4]  process_events(_GdkEvent*, void*)+0x204
C  [libgdk-x11-2.0.so.0+0x5b2cc]

Java frames: (J=compiled Java code, j=interpreted, Vv=VM code)
j  com.sun.glass.ui.gtk.GtkApplication._runLoop(Ljava/lang/Runnable;Z)V+0
j  com.sun.glass.ui.gtk.GtkApplication.lambda$null$48(Ljava/lang/Runnable;Z)V+7
j  com.sun.glass.ui.gtk.GtkApplication$$Lambda$41.run()V+12
j  java.lang.Thread.run()V+11
v  ~StubRoutines::call_stub

---------------  P R O C E S S  ---------------

Java Threads: ( => current thread )
  0x00007f36cc4ac000 JavaThread "Prism Font Disposer" daemon [_thread_blocked, id=3060, stack(0x00007f36da1b4000,0x00007f36da2b5000)]
  0x00007f36cc21e000 JavaThread "Abandoned connection cleanup thread" daemon [_thread_blocked, id=3059, stack(0x00007f36db6a8000,0x00007f36db7a9000)]
  0x00007f372c249000 JavaThread "JavaFX-Launcher" [_thread_blocked, id=3058, stack(0x00007f36dbbd1000,0x00007f36dbcd2000)]
=>0x00007f372c245800 JavaThread "JavaFX Application Thread" [_thread_in_vm, id=3057, stack(0x00007f36dbcd2000,0x00007f36dbdd3000)]
  0x00007f372c241800 JavaThread "Thread-1" daemon [_thread_blocked, id=3056, stack(0x00007f36dbdd3000,0x00007f36dbed4000)]
  0x00007f372c1e9000 JavaThread "QuantumRenderer-0" daemon [_thread_blocked, id=3054, stack(0x00007f3717165000,0x00007f3717266000)]
  0x00007f372c0bb000 JavaThread "Service Thread" daemon [_thread_blocked, id=3052, stack(0x00007f3717367000,0x00007f3717468000)]
  0x00007f372c0b6000 JavaThread "C1 CompilerThread1" daemon [_thread_in_vm, id=3051, stack(0x00007f3717468000,0x00007f3717569000)]
  0x00007f372c0b3800 JavaThread "C2 CompilerThread0" daemon [_thread_in_native, id=3050, stack(0x00007f3717569000,0x00007f371766a000)]
  0x00007f372c0b2000 JavaThread "Signal Dispatcher" daemon [_thread_blocked, id=3049, stack(0x00007f371766a000,0x00007f371776b000)]
  0x00007f372c07c000 JavaThread "Finalizer" daemon [_thread_blocked, id=3048, stack(0x00007f37178f9000,0x00007f37179fa000)]
  0x00007f372c07a000 JavaThread "Reference Handler" daemon [_thread_blocked, id=3047, stack(0x00007f37179fa000,0x00007f3717afb000)]
  0x00007f372c009800 JavaThread "main" [_thread_blocked, id=3042, stack(0x00007f373373e000,0x00007f373383f000)]

Other Threads:
  0x00007f372c075000 VMThread [stack: 0x00007f3717afb000,0x00007f3717bfc000] [id=3046]
  0x00007f372c0bd800 WatcherThread [stack: 0x00007f3717266000,0x00007f3717367000] [id=3053]

VM state:not at safepoint (normal execution)

VM Mutex/Monitor currently owned by a thread: None

Heap:
 PSYoungGen      total 30720K, used 5424K [0x00000000ee000000, 0x00000000f1e80000, 0x0000000100000000)
  eden space 28672K, 11% used [0x00000000ee000000,0x00000000ee3542b0,0x00000000efc00000)
  from space 2048K, 98% used [0x00000000efc00000,0x00000000efdf8010,0x00000000efe00000)
  to   space 6144K, 0% used [0x00000000f1880000,0x00000000f1880000,0x00000000f1e80000)
 ParOldGen       total 28672K, used 9464K [0x00000000ca000000, 0x00000000cbc00000, 0x00000000ee000000)
  object space 28672K, 33% used [0x00000000ca000000,0x00000000ca93e320,0x00000000cbc00000)
 Metaspace       used 24215K, capacity 25804K, committed 26112K, reserved 1071104K
  class space    used 3433K, capacity 3729K, committed 3840K, reserved 1048576K

Card table byte_map: [0x00007f37309da000,0x00007f3730b8b000] byte_map_base: 0x00007f373038a000

Marking Bits: (ParMarkBitMap*) 0x00007f3732c57660
 Begin Bits: [0x00007f3713500000, 0x00007f3714280000)
 End Bits:   [0x00007f3714280000, 0x00007f3715000000)

Polling page: 0x00007f373387c000

CodeCache: size=245760Kb used=8688Kb max_used=8688Kb free=237071Kb
 bounds [0x00007f371d000000, 0x00007f371d890000, 0x00007f372c000000]
 total_blobs=3632 nmethods=2896 adapters=650
 compilation: enabled

Compilation events (10 events):
Event: 9.695 Thread 0x00007f372c0b6000 2905       2       javafx.beans.binding.DoubleExpression::<init> (5 bytes)
Event: 9.695 Thread 0x00007f372c0b6000 nmethod 2905 0x00007f371d87ef50 code [0x00007f371d87f0a0, 0x00007f371d87f1f0]
Event: 9.695 Thread 0x00007f372c0b6000 2901       2       javafx.scene.control.Labeled::getText (20 bytes)
Event: 9.696 Thread 0x00007f372c0b6000 nmethod 2901 0x00007f371d87f290 code [0x00007f371d87f400, 0x00007f371d87f5e8]
Event: 9.696 Thread 0x00007f372c0b6000 2898       2       javafx.scene.layout.GridPane::getNodeColumnIndex (18 bytes)
Event: 9.696 Thread 0x00007f372c0b6000 nmethod 2898 0x00007f371d87f6d0 code [0x00007f371d87f860, 0x00007f371d87fbb8]
Event: 9.696 Thread 0x00007f372c0b6000 2903       1       javafx.scene.layout.Region::isResizable (2 bytes)
Event: 9.697 Thread 0x00007f372c0b6000 nmethod 2903 0x00007f371d87fe10 code [0x00007f371d87ff60, 0x00007f371d880070]
Event: 9.697 Thread 0x00007f372c0b6000 2904       1       javafx.scene.control.Control::isResizable (2 bytes)
Event: 9.697 Thread 0x00007f372c0b6000 nmethod 2904 0x00007f371d8800d0 code [0x00007f371d880220, 0x00007f371d880330]

GC Heap History (10 events):
Event: 1.996 GC heap before
{Heap before GC invocations=2 (full 0):
 PSYoungGen      total 16384K, used 16378K [0x00000000ee000000, 0x00000000ef200000, 0x0000000100000000)
  eden space 14336K, 100% used [0x00000000ee000000,0x00000000eee00000,0x00000000eee00000)
  from space 2048K, 99% used [0x00000000eee00000,0x00000000eeffe9d0,0x00000000ef000000)
  to   space 2048K, 0% used [0x00000000ef000000,0x00000000ef000000,0x00000000ef200000)
 ParOldGen       total 36864K, used 705K [0x00000000ca000000, 0x00000000cc400000, 0x00000000ee000000)
  object space 36864K, 1% used [0x00000000ca000000,0x00000000ca0b0400,0x00000000cc400000)
 Metaspace       used 15012K, capacity 15460K, committed 15744K, reserved 1062912K
  class space    used 1990K, capacity 2143K, committed 2176K, reserved 1048576K
Event: 2.032 GC heap after
Heap after GC invocations=2 (full 0):
 PSYoungGen      total 16384K, used 2018K [0x00000000ee000000, 0x00000000f0000000, 0x0000000100000000)
  eden space 14336K, 0% used [0x00000000ee000000,0x00000000ee000000,0x00000000eee00000)
  from space 2048K, 98% used [0x00000000ef000000,0x00000000ef1f8ab0,0x00000000ef200000)
  to   space 2048K, 0% used [0x00000000eee00000,0x00000000eee00000,0x00000000ef000000)
 ParOldGen       total 36864K, used 3047K [0x00000000ca000000, 0x00000000cc400000, 0x00000000ee000000)
  object space 36864K, 8% used [0x00000000ca000000,0x00000000ca2f9d18,0x00000000cc400000)
 Metaspace       used 15012K, capacity 15460K, committed 15744K, reserved 1062912K
  class space    used 1990K, capacity 2143K, committed 2176K, reserved 1048576K
}
Event: 8.438 GC heap before
{Heap before GC invocations=3 (full 0):
 PSYoungGen      total 16384K, used 16354K [0x00000000ee000000, 0x00000000f0000000, 0x0000000100000000)
  eden space 14336K, 100% used [0x00000000ee000000,0x00000000eee00000,0x00000000eee00000)
  from space 2048K, 98% used [0x00000000ef000000,0x00000000ef1f8ab0,0x00000000ef200000)
  to   space 2048K, 0% used [0x00000000eee00000,0x00000000eee00000,0x00000000ef000000)
 ParOldGen       total 36864K, used 3047K [0x00000000ca000000, 0x00000000cc400000, 0x00000000ee000000)
  object space 36864K, 8% used [0x00000000ca000000,0x00000000ca2f9d18,0x00000000cc400000)
 Metaspace       used 19926K, capacity 20642K, committed 20864K, reserved 1067008K
  class space    used 2752K, capacity 2942K, committed 2944K, reserved 1048576K
Event: 8.446 GC heap after
Heap after GC invocations=3 (full 0):
 PSYoungGen      total 16384K, used 2018K [0x00000000ee000000, 0x00000000f0000000, 0x0000000100000000)
  eden space 14336K, 0% used [0x00000000ee000000,0x00000000ee000000,0x00000000eee00000)
  from space 2048K, 98% used [0x00000000eee00000,0x00000000eeff8ab0,0x00000000ef000000)
  to   space 2048K, 0% used [0x00000000efe00000,0x00000000efe00000,0x00000000f0000000)
 ParOldGen       total 36864K, used 5835K [0x00000000ca000000, 0x00000000cc400000, 0x00000000ee000000)
  object space 36864K, 15% used [0x00000000ca000000,0x00000000ca5b2de0,0x00000000cc400000)
 Metaspace       used 19926K, capacity 20642K, committed 20864K, reserved 1067008K
  class space    used 2752K, capacity 2942K, committed 2944K, reserved 1048576K
}
Event: 8.618 GC heap before
{Heap before GC invocations=4 (full 0):
 PSYoungGen      total 16384K, used 3143K [0x00000000ee000000, 0x00000000f0000000, 0x0000000100000000)
  eden space 14336K, 7% used [0x00000000ee000000,0x00000000ee1193d8,0x00000000eee00000)
  from space 2048K, 98% used [0x00000000eee00000,0x00000000eeff8ab0,0x00000000ef000000)
  to   space 2048K, 0% used [0x00000000efe00000,0x00000000efe00000,0x00000000f0000000)
 ParOldGen       total 36864K, used 5835K [0x00000000ca000000, 0x00000000cc400000, 0x00000000ee000000)
  object space 36864K, 15% used [0x00000000ca000000,0x00000000ca5b2de0,0x00000000cc400000)
 Metaspace       used 20465K, capacity 21154K, committed 21248K, reserved 1067008K
  class space    used 2804K, capacity 3006K, committed 3072K, reserved 1048576K
Event: 8.627 GC heap after
Heap after GC invocations=4 (full 0):
 PSYoungGen      total 30720K, used 2018K [0x00000000ee000000, 0x00000000f0000000, 0x0000000100000000)
  eden space 28672K, 0% used [0x00000000ee000000,0x00000000ee000000,0x00000000efc00000)
  from space 2048K, 98% used [0x00000000efe00000,0x00000000efff8ab0,0x00000000f0000000)
  to   space 2048K, 0% used [0x00000000efc00000,0x00000000efc00000,0x00000000efe00000)
 ParOldGen       total 36864K, used 6125K [0x00000000ca000000, 0x00000000cc400000, 0x00000000ee000000)
  object space 36864K, 16% used [0x00000000ca000000,0x00000000ca5fb4d8,0x00000000cc400000)
 Metaspace       used 20465K, capacity 21154K, committed 21248K, reserved 1067008K
  class space    used 2804K, capacity 3006K, committed 3072K, reserved 1048576K
}
Event: 8.627 GC heap before
{Heap before GC invocations=5 (full 1):
 PSYoungGen      total 30720K, used 2018K [0x00000000ee000000, 0x00000000f0000000, 0x0000000100000000)
  eden space 28672K, 0% used [0x00000000ee000000,0x00000000ee000000,0x00000000efc00000)
  from space 2048K, 98% used [0x00000000efe00000,0x00000000efff8ab0,0x00000000f0000000)
  to   space 2048K, 0% used [0x00000000efc00000,0x00000000efc00000,0x00000000efe00000)
 ParOldGen       total 36864K, used 6125K [0x00000000ca000000, 0x00000000cc400000, 0x00000000ee000000)
  object space 36864K, 16% used [0x00000000ca000000,0x00000000ca5fb4d8,0x00000000cc400000)
 Metaspace       used 20465K, capacity 21154K, committed 21248K, reserved 1067008K
  class space    used 2804K, capacity 3006K, committed 3072K, reserved 1048576K
Event: 8.677 GC heap after
Heap after GC invocations=5 (full 1):
 PSYoungGen      total 30720K, used 0K [0x00000000ee000000, 0x00000000f0000000, 0x0000000100000000)
  eden space 28672K, 0% used [0x00000000ee000000,0x00000000ee000000,0x00000000efc00000)
  from space 2048K, 0% used [0x00000000efe00000,0x00000000efe00000,0x00000000f0000000)
  to   space 2048K, 0% used [0x00000000efc00000,0x00000000efc00000,0x00000000efe00000)
 ParOldGen       total 28672K, used 7322K [0x00000000ca000000, 0x00000000cbc00000, 0x00000000ee000000)
  object space 28672K, 25% used [0x00000000ca000000,0x00000000ca7269a0,0x00000000cbc00000)
 Metaspace       used 20465K, capacity 21154K, committed 21248K, reserved 1067008K
  class space    used 2804K, capacity 3006K, committed 3072K, reserved 1048576K
}
Event: 9.571 GC heap before
{Heap before GC invocations=6 (full 1):
 PSYoungGen      total 30720K, used 28672K [0x00000000ee000000, 0x00000000f0000000, 0x0000000100000000)
  eden space 28672K, 100% used [0x00000000ee000000,0x00000000efc00000,0x00000000efc00000)
  from space 2048K, 0% used [0x00000000efe00000,0x00000000efe00000,0x00000000f0000000)
  to   space 2048K, 0% used [0x00000000efc00000,0x00000000efc00000,0x00000000efe00000)
 ParOldGen       total 28672K, used 7322K [0x00000000ca000000, 0x00000000cbc00000, 0x00000000ee000000)
  object space 28672K, 25% used [0x00000000ca000000,0x00000000ca7269a0,0x00000000cbc00000)
 Metaspace       used 24108K, capacity 25676K, committed 25856K, reserved 1071104K
  class space    used 3433K, capacity 3729K, committed 3840K, reserved 1048576K
Event: 9.587 GC heap after
Heap after GC invocations=6 (full 1):
 PSYoungGen      total 30720K, used 2016K [0x00000000ee000000, 0x00000000f1e80000, 0x0000000100000000)
  eden space 28672K, 0% used [0x00000000ee000000,0x00000000ee000000,0x00000000efc00000)
  from space 2048K, 98% used [0x00000000efc00000,0x00000000efdf8010,0x00000000efe00000)
  to   space 6144K, 0% used [0x00000000f1880000,0x00000000f1880000,0x00000000f1e80000)
 ParOldGen       total 28672K, used 9464K [0x00000000ca000000, 0x00000000cbc00000, 0x00000000ee000000)
  object space 28672K, 33% used [0x00000000ca000000,0x00000000ca93e320,0x00000000cbc00000)
 Metaspace       used 24108K, capacity 25676K, committed 25856K, reserved 1071104K
  class space    used 3433K, capacity 3729K, committed 3840K, reserved 1048576K
}

Deoptimization events (10 events):
Event: 8.957 Thread 0x00007f372c245800 Uncommon trap: reason=bimorphic action=maybe_recompile pc=0x00007f371d3d2574 method=java.util.HashMap.putVal(ILjava/lang/Object;Ljava/lang/Object;ZZ)Ljava/lang/Object; @ 203
Event: 8.973 Thread 0x00007f372c245800 Uncommon trap: reason=unstable_if action=reinterpret pc=0x00007f371d3cf088 method=java.lang.String.regionMatches(ZILjava/lang/String;II)Z @ 123
Event: 9.082 Thread 0x00007f372c245800 Uncommon trap: reason=unstable_if action=reinterpret pc=0x00007f371d55941c method=java.util.Properties$LineReader.readLine()I @ 377
Event: 9.258 Thread 0x00007f372c245800 Uncommon trap: reason=unstable_if action=reinterpret pc=0x00007f371d6dcd18 method=jdk.internal.org.objectweb.asm.Item.isEqualTo(Ljdk/internal/org/objectweb/asm/Item;)Z @ 331
Event: 9.306 Thread 0x00007f372c245800 Uncommon trap: reason=unstable_if action=reinterpret pc=0x00007f371d6fcaa4 method=com.sun.javafx.css.BitSet.add(Ljava/lang/Object;)Z @ 91
Event: 9.334 Thread 0x00007f372c245800 Uncommon trap: reason=array_check action=maybe_recompile pc=0x00007f371d745674 method=com.sun.javafx.css.SimpleSelector.applies(Ljavafx/css/Styleable;[Ljava/util/Set;I)Z @ 37
Event: 9.334 Thread 0x00007f372c245800 Uncommon trap: reason=array_check action=maybe_recompile pc=0x00007f371d745674 method=com.sun.javafx.css.SimpleSelector.applies(Ljavafx/css/Styleable;[Ljava/util/Set;I)Z @ 37
Event: 9.334 Thread 0x00007f372c245800 Uncommon trap: reason=array_check action=maybe_recompile pc=0x00007f371d745674 method=com.sun.javafx.css.SimpleSelector.applies(Ljavafx/css/Styleable;[Ljava/util/Set;I)Z @ 37
Event: 9.334 Thread 0x00007f372c245800 Uncommon trap: reason=array_check action=maybe_recompile pc=0x00007f371d745674 method=com.sun.javafx.css.SimpleSelector.applies(Ljavafx/css/Styleable;[Ljava/util/Set;I)Z @ 37
Event: 9.544 Thread 0x00007f372c245800 Uncommon trap: reason=unstable_if action=reinterpret pc=0x00007f371d5b10a4 method=java.util.Date.normalize()Lsun/util/calendar/BaseCalendar$Date; @ 4

Internal exceptions (10 events):
Event: 8.721 Thread 0x00007f372c245800 Exception <a 'java/lang/ArrayIndexOutOfBoundsException'> (0x00000000ee2232b8) thrown at [/HUDSON/workspace/8-2-build-linux-amd64/jdk8u51/3951/hotspot/src/share/vm/runtime/sharedRuntime.cpp, line 605]
Event: 8.728 Thread 0x00007f372c245800 Exception <a 'java/lang/ArrayIndexOutOfBoundsException'> (0x00000000ee2b8c48) thrown at [/HUDSON/workspace/8-2-build-linux-amd64/jdk8u51/3951/hotspot/src/share/vm/runtime/sharedRuntime.cpp, line 605]
Event: 8.798 Thread 0x00007f372c245800 Exception <a 'java/lang/ArrayIndexOutOfBoundsException'> (0x00000000ee5e8710) thrown at [/HUDSON/workspace/8-2-build-linux-amd64/jdk8u51/3951/hotspot/src/share/vm/runtime/sharedRuntime.cpp, line 605]
Event: 8.798 Thread 0x00007f372c245800 Exception <a 'java/lang/ArrayIndexOutOfBoundsException'> (0x00000000ee5e9660) thrown at [/HUDSON/workspace/8-2-build-linux-amd64/jdk8u51/3951/hotspot/src/share/vm/runtime/sharedRuntime.cpp, line 605]
Event: 8.799 Thread 0x00007f372c245800 Exception <a 'java/lang/ArrayIndexOutOfBoundsException'> (0x00000000ee5eafb0) thrown at [/HUDSON/workspace/8-2-build-linux-amd64/jdk8u51/3951/hotspot/src/share/vm/runtime/sharedRuntime.cpp, line 605]
Event: 8.822 Thread 0x00007f372c245800 Exception <a 'java/lang/ArrayIndexOutOfBoundsException'> (0x00000000ee7a27f8) thrown at [/HUDSON/workspace/8-2-build-linux-amd64/jdk8u51/3951/hotspot/src/share/vm/runtime/sharedRuntime.cpp, line 605]
Event: 8.867 Thread 0x00007f372c245800 Exception <a 'java/lang/ArrayIndexOutOfBoundsException'> (0x00000000ee9b51d8) thrown at [/HUDSON/workspace/8-2-build-linux-amd64/jdk8u51/3951/hotspot/src/share/vm/runtime/sharedRuntime.cpp, line 605]
Event: 8.943 Thread 0x00007f372c245800 Exception <a 'java/lang/ArrayIndexOutOfBoundsException': 70> (0x00000000eed10d40) thrown at [/HUDSON/workspace/8-2-build-linux-amd64/jdk8u51/3951/hotspot/src/share/vm/interpreter/interpreterRuntime.cpp, line 366]
Event: 8.944 Thread 0x00007f372c245800 Exception <a 'java/lang/ArrayIndexOutOfBoundsException': 66> (0x00000000eed12cb8) thrown at [/HUDSON/workspace/8-2-build-linux-amd64/jdk8u51/3951/hotspot/src/share/vm/interpreter/interpreterRuntime.cpp, line 366]
Event: 9.544 Thread 0x00007f372c245800 Implicit null exception at 0x00007f371d5afd96 to 0x00007f371d5b1091

Events (10 events):
Event: 9.591 Executing VM operation: RevokeBias
Event: 9.591 Executing VM operation: RevokeBias done
Event: 9.591 Executing VM operation: RevokeBias
Event: 9.591 Executing VM operation: RevokeBias done
Event: 9.595 Thread 0x00007f372c245800 DEOPT PACKING pc=0x00007f371d6933ae sp=0x00007f36dbdce330
Event: 9.595 Thread 0x00007f372c245800 DEOPT UNPACKING pc=0x00007f371d047233 sp=0x00007f36dbdce0b0 mode 0
Event: 9.607 Thread 0x00007f372c245800 DEOPT PACKING pc=0x00007f371d6933ae sp=0x00007f36dbdce3e0
Event: 9.607 Thread 0x00007f372c245800 DEOPT UNPACKING pc=0x00007f371d047233 sp=0x00007f36dbdce160 mode 0
Event: 9.697 Thread 0x00007f372c245800 DEOPT PACKING pc=0x00007f371d46fe54 sp=0x00007f36dbdcfad0
Event: 9.697 Thread 0x00007f372c245800 DEOPT UNPACKING pc=0x00007f371d047233 sp=0x00007f36dbdcf858 mode 0


Dynamic libraries:
00400000-00401000 r-xp 00000000 08:01 1595747                            /usr/lib/jvm/java-8-jdk/jre/bin/java
00600000-00601000 rw-p 00000000 08:01 1595747                            /usr/lib/jvm/java-8-jdk/jre/bin/java
00688000-006a9000 rw-p 00000000 00:00 0                                  [heap]
ca000000-cbc00000 rw-p 00000000 00:00 0 
cbc00000-ee000000 ---p 00000000 00:00 0 
ee000000-f1e80000 rw-p 00000000 00:00 0 
f1e80000-100000000 ---p 00000000 00:00 0 
100000000-1003c0000 rw-p 00000000 00:00 0 
1003c0000-140000000 ---p 00000000 00:00 0 
7f36c4000000-7f36c4021000 rw-p 00000000 00:00 0 
7f36c4021000-7f36c8000000 ---p 00000000 00:00 0 
7f36c8000000-7f36c8021000 rw-p 00000000 00:00 0 
7f36c8021000-7f36cc000000 ---p 00000000 00:00 0 
7f36cc000000-7f36cc9ce000 rw-p 00000000 00:00 0 
7f36cc9ce000-7f36d0000000 ---p 00000000 00:00 0 
7f36d0000000-7f36d0021000 rw-p 00000000 00:00 0 
7f36d0021000-7f36d4000000 ---p 00000000 00:00 0 
7f36d4000000-7f36d4021000 rw-p 00000000 00:00 0 
7f36d4021000-7f36d8000000 ---p 00000000 00:00 0 
7f36d9670000-7f36d971a000 r--p 00000000 08:01 1351202                    /usr/share/fonts/TTF/DejaVuSans-Bold.ttf
7f36d971a000-7f36d98da000 rw-p 00000000 00:00 0 
7f36d98da000-7f36d991a000 ---p 00000000 00:00 0 
7f36d991a000-7f36d9b1a000 rw-p 00000000 00:00 0 
7f36d9b1a000-7f36d9d1a000 rw-p 00000000 00:00 0 
7f36d9d1a000-7f36d9d1b000 rw-s 1203c7000 00:06 9207                      /dev/dri/card0
7f36d9d1b000-7f36d9d1c000 rw-s 1169ee000 00:06 9207                      /dev/dri/card0
7f36d9d1c000-7f36d9d1d000 rw-s 1169ed000 00:06 9207                      /dev/dri/card0
7f36d9d1f000-7f36d9d20000 rw-s 1169ea000 00:06 9207                      /dev/dri/card0
7f36d9d20000-7f36d9d21000 rw-s 1169e9000 00:06 9207                      /dev/dri/card0
7f36d9d21000-7f36d9d22000 rw-s 12063d000 00:06 9207                      /dev/dri/card0
7f36d9d22000-7f36d9d23000 rw-s 12063c000 00:06 9207                      /dev/dri/card0
7f36d9d23000-7f36d9d33000 rw-s 12062c000 00:06 9207                      /dev/dri/card0
7f36d9d33000-7f36d9d34000 rw-s 120511000 00:06 9207                      /dev/dri/card0
7f36d9d34000-7f36d9d35000 rw-s 120510000 00:06 9207                      /dev/dri/card0
7f36d9d57000-7f36d9d58000 rw-s 1157cb000 00:06 9207                      /dev/dri/card0
7f36d9d58000-7f36d9d59000 rw-s 1157ca000 00:06 9207                      /dev/dri/card0
7f36d9d74000-7f36d9d77000 rw-p 00000000 00:00 0 
7f36d9d77000-7f36d9d7c000 r--s 002f8000 08:01 1586777                    /usr/lib/jvm/java-8-jdk/jre/lib/charsets.jar
7f36d9d7c000-7f36d9d7d000 rw-s 1204a5000 00:06 9207                      /dev/dri/card0
7f36d9d7d000-7f36d9d7e000 rw-s 11eb11000 00:06 9207                      /dev/dri/card0
7f36d9d7e000-7f36d9d7f000 rw-s 11eb10000 00:06 9207                      /dev/dri/card0
7f36d9d7f000-7f36d9d80000 rw-s 11eb0f000 00:06 9207                      /dev/dri/card0
7f36d9d80000-7f36d9d81000 rw-s 11eb0e000 00:06 9207                      /dev/dri/card0
7f36d9d81000-7f36d9d82000 rw-s 11eb0d000 00:06 9207                      /dev/dri/card0
7f36d9d82000-7f36d9d83000 rw-s 11eb0c000 00:06 9207                      /dev/dri/card0
7f36d9d83000-7f36d9d84000 rw-s 1204a4000 00:06 9207                      /dev/dri/card0
7f36d9d84000-7f36d9d85000 rw-s 120428000 00:06 9207                      /dev/dri/card0
7f36d9d85000-7f36d9d86000 rw-s 120427000 00:06 9207                      /dev/dri/card0
7f36d9d86000-7f36d9d87000 rw-s 1204a2000 00:06 9207                      /dev/dri/card0
7f36d9d87000-7f36d9d88000 rw-s 1204a3000 00:06 9207                      /dev/dri/card0
7f36d9d88000-7f36d9d8a000 rw-s 1203be000 00:06 9207                      /dev/dri/card0
7f36d9d8a000-7f36d9d8b000 rw-s 1203bc000 00:06 9207                      /dev/dri/card0
7f36d9d8b000-7f36d9d8c000 rw-s 1203bb000 00:06 9207                      /dev/dri/card0
7f36d9d8c000-7f36d9d8d000 rw-s 1203ba000 00:06 9207                      /dev/dri/card0
7f36d9d8d000-7f36d9d9d000 rw-s 1203aa000 00:06 9207                      /dev/dri/card0
7f36d9d9d000-7f36d9d9f000 rw-s 1203a8000 00:06 9207                      /dev/dri/card0
7f36d9d9f000-7f36d9da0000 rw-s 1203a6000 00:06 9207                      /dev/dri/card0
7f36d9da0000-7f36d9da1000 rw-s 1203a5000 00:06 9207                      /dev/dri/card0
7f36d9da1000-7f36d9ea1000 rw-s 1202a5000 00:06 9207                      /dev/dri/card0
7f36d9ea1000-7f36d9fa1000 rw-s 11dc77000 00:06 9207                      /dev/dri/card0
7f36d9fa1000-7f36d9fb4000 r--s 00344000 08:01 1586764                    /usr/lib/jvm/java-8-jdk/jre/lib/resources.jar
7f36d9fb4000-7f36da1b4000 rw-p 00000000 00:00 0 
7f36da1b4000-7f36da1b7000 ---p 00000000 00:00 0 
7f36da1b7000-7f36da2b5000 rw-p 00000000 00:00 0                          [stack:3060]
7f36da2b5000-7f36da36b000 r--p 00000000 08:01 1351207                    /usr/share/fonts/TTF/DejaVuSans.ttf
7f36da36b000-7f36da416000 r--p 00000000 08:01 1586820                    /usr/lib/jvm/java-8-jdk/jre/lib/fonts/LucidaSansRegular.ttf
7f36da416000-7f36da464000 r--p 00000000 08:01 1586817                    /usr/lib/jvm/java-8-jdk/jre/lib/fonts/LucidaSansDemiBold.ttf
7f36da464000-7f36da49e000 r--p 00000000 08:01 1586821                    /usr/lib/jvm/java-8-jdk/jre/lib/fonts/LucidaTypewriterBold.ttf
7f36da49e000-7f36da4b1000 r--p 00000000 08:01 1586819                    /usr/lib/jvm/java-8-jdk/jre/lib/fonts/LucidaBrightDemiItalic.ttf
7f36da4b1000-7f36da4c4000 r--p 00000000 08:01 1586818                    /usr/lib/jvm/java-8-jdk/jre/lib/fonts/LucidaBrightDemiBold.ttf
7f36da4c4000-7f36da500000 r--p 00000000 08:01 1586824                    /usr/lib/jvm/java-8-jdk/jre/lib/fonts/LucidaTypewriterRegular.ttf
7f36da500000-7f36da514000 r--p 00000000 08:01 1586823                    /usr/lib/jvm/java-8-jdk/jre/lib/fonts/LucidaBrightItalic.ttf
7f36da514000-7f36da569000 r--p 00000000 08:01 1586822                    /usr/lib/jvm/java-8-jdk/jre/lib/fonts/LucidaBrightRegular.ttf
7f36da569000-7f36da56d000 r-xp 00000000 08:01 919479                     /usr/lib/jvm/java-8-jdk/jre/lib/amd64/libjavafx_font_pango.so
7f36da56d000-7f36da76c000 ---p 00004000 08:01 919479                     /usr/lib/jvm/java-8-jdk/jre/lib/amd64/libjavafx_font_pango.so
7f36da76c000-7f36da76d000 r--p 00003000 08:01 919479                     /usr/lib/jvm/java-8-jdk/jre/lib/amd64/libjavafx_font_pango.so
7f36da76d000-7f36da76e000 rw-p 00004000 08:01 919479                     /usr/lib/jvm/java-8-jdk/jre/lib/amd64/libjavafx_font_pango.so
7f36da76e000-7f36da773000 r--s 00083000 08:01 1586770                    /usr/lib/jvm/java-8-jdk/jre/lib/jfr.jar
7f36da773000-7f36da77f000 r-xp 00000000 08:01 1361463                    /usr/lib/gtk-2.0/2.10.0/engines/libxfce.so
7f36da77f000-7f36da97e000 ---p 0000c000 08:01 1361463                    /usr/lib/gtk-2.0/2.10.0/engines/libxfce.so
7f36da97e000-7f36da97f000 r--p 0000b000 08:01 1361463                    /usr/lib/gtk-2.0/2.10.0/engines/libxfce.so
7f36da97f000-7f36da980000 rw-p 0000c000 08:01 1361463                    /usr/lib/gtk-2.0/2.10.0/engines/libxfce.so
7f36da980000-7f36dab80000 rw-p 00000000 00:00 0 
7f36dab80000-7f36dab99000 r--s 00000000 08:01 1840225                    /var/cache/fontconfig/8d4af663993b81a124ee82e610bb31f9-le64.cache-4
7f36dab99000-7f36daba3000 r--s 00000000 08:01 1855466                    /var/cache/fontconfig/d62e99ef547d1d24cdb1bd22ec1a2976-le64.cache-4
7f36daba3000-7f36dabb7000 r--s 00000000 08:01 1854812                    /var/cache/fontconfig/f6b893a7224233d96cb72fd88691c0b4-le64.cache-4
7f36dabb7000-7f36dabc0000 r--s 00000000 08:01 1844600                    /var/cache/fontconfig/f349e9996a5320f6dd491cedd2b1f964-le64.cache-4
7f36dabc0000-7f36dabc5000 r-xp 00000000 08:01 919551                     /usr/lib/jvm/java-8-jdk/jre/lib/amd64/libjavafx_font_freetype.so
7f36dabc5000-7f36dadc4000 ---p 00005000 08:01 919551                     /usr/lib/jvm/java-8-jdk/jre/lib/amd64/libjavafx_font_freetype.so
7f36dadc4000-7f36dadc5000 r--p 00004000 08:01 919551                     /usr/lib/jvm/java-8-jdk/jre/lib/amd64/libjavafx_font_freetype.so
7f36dadc5000-7f36dadc6000 rw-p 00005000 08:01 919551                     /usr/lib/jvm/java-8-jdk/jre/lib/amd64/libjavafx_font_freetype.so
7f36dadc6000-7f36dadc9000 r-xp 00000000 08:01 919547                     /usr/lib/jvm/java-8-jdk/jre/lib/amd64/libjavafx_font.so
7f36dadc9000-7f36dafc8000 ---p 00003000 08:01 919547                     /usr/lib/jvm/java-8-jdk/jre/lib/amd64/libjavafx_font.so
7f36dafc8000-7f36dafc9000 r--p 00002000 08:01 919547                     /usr/lib/jvm/java-8-jdk/jre/lib/amd64/libjavafx_font.so
7f36dafc9000-7f36dafca000 rw-p 00003000 08:01 919547                     /usr/lib/jvm/java-8-jdk/jre/lib/amd64/libjavafx_font.so
7f36dafca000-7f36db1ca000 rw-p 00000000 00:00 0 
7f36db1ca000-7f36db3ca000 rw-p 00000000 00:00 0 
7f36db3ca000-7f36db483000 r-xp 00000000 00:20 54435                      /tmp/sqlite-3.8.11.1-86b954d6-4a75-4320-8934-550734269550-libsqlitejdbc.so
7f36db483000-7f36db683000 ---p 000b9000 00:20 54435                      /tmp/sqlite-3.8.11.1-86b954d6-4a75-4320-8934-550734269550-libsqlitejdbc.so
7f36db683000-7f36db688000 rw-p 000b9000 00:20 54435                      /tmp/sqlite-3.8.11.1-86b954d6-4a75-4320-8934-550734269550-libsqlitejdbc.so
7f36db688000-7f36db68c000 r--s 00095000 08:01 1586768                    /usr/lib/jvm/java-8-jdk/jre/lib/jsse.jar
7f36db68c000-7f36db6a8000 r--s 00393000 08:01 1721261                    /usr/lib/jvm/java-8-jdk/jre/lib/ext/cldrdata.jar
7f36db6a8000-7f36db6ab000 ---p 00000000 00:00 0 
7f36db6ab000-7f36db7a9000 rw-p 00000000 00:00 0                          [stack:3059]
7f36db7a9000-7f36db7bf000 r-xp 00000000 08:01 919507                     /usr/lib/jvm/java-8-jdk/jre/lib/amd64/libnet.so
7f36db7bf000-7f36db9bf000 ---p 00016000 08:01 919507                     /usr/lib/jvm/java-8-jdk/jre/lib/amd64/libnet.so
7f36db9bf000-7f36db9c0000 rw-p 00016000 08:01 919507                     /usr/lib/jvm/java-8-jdk/jre/lib/amd64/libnet.so
7f36db9c0000-7f36db9d1000 r-xp 00000000 08:01 919474                     /usr/lib/jvm/java-8-jdk/jre/lib/amd64/libnio.so
7f36db9d1000-7f36dbbd0000 ---p 00011000 08:01 919474                     /usr/lib/jvm/java-8-jdk/jre/lib/amd64/libnio.so
7f36dbbd0000-7f36dbbd1000 rw-p 00010000 08:01 919474                     /usr/lib/jvm/java-8-jdk/jre/lib/amd64/libnio.so
7f36dbbd1000-7f36dbbd4000 ---p 00000000 00:00 0 
7f36dbbd4000-7f36dbcd2000 rw-p 00000000 00:00 0                          [stack:3058]
7f36dbcd2000-7f36dbcd5000 ---p 00000000 00:00 0 
7f36dbcd5000-7f36dbdd3000 rw-p 00000000 00:00 0                          [stack:3057]
7f36dbdd3000-7f36dbdd6000 ---p 00000000 00:00 0 
7f36dbdd6000-7f36dbed4000 rw-p 00000000 00:00 0                          [stack:3056]
7f36dbed4000-7f36dbeff000 r-xp 00000000 08:01 919542                     /usr/lib/jvm/java-8-jdk/jre/lib/amd64/libglass.so
7f36dbeff000-7f36dc0fe000 ---p 0002b000 08:01 919542                     /usr/lib/jvm/java-8-jdk/jre/lib/amd64/libglass.so
7f36dc0fe000-7f36dc100000 r--p 0002a000 08:01 919542                     /usr/lib/jvm/java-8-jdk/jre/lib/amd64/libglass.so
7f36dc100000-7f36dc101000 rw-p 0002c000 08:01 919542                     /usr/lib/jvm/java-8-jdk/jre/lib/amd64/libglass.so
7f36dc101000-7f36dc102000 rw-p 00000000 00:00 0 
7f36dc102000-7f36dc106000 r-xp 00000000 08:01 1355554                    /usr/lib/libtxc_dxtn.so
7f36dc106000-7f36dc305000 ---p 00004000 08:01 1355554                    /usr/lib/libtxc_dxtn.so
7f36dc305000-7f36dc306000 r--p 00003000 08:01 1355554                    /usr/lib/libtxc_dxtn.so
7f36dc306000-7f36dc307000 rw-p 00004000 08:01 1355554                    /usr/lib/libtxc_dxtn.so
7f36dc307000-7f36dc308000 ---p 00000000 00:00 0 
7f36dc308000-7f36dcb08000 rw-p 00000000 00:00 0                          [stack:3055]
7f36dcb08000-7f36dcb67000 r-xp 00000000 08:01 1314308                    /usr/lib/libncursesw.so.5.9
7f36dcb67000-7f36dcd67000 ---p 0005f000 08:01 1314308                    /usr/lib/libncursesw.so.5.9
7f36dcd67000-7f36dcd6b000 r--p 0005f000 08:01 1314308                    /usr/lib/libncursesw.so.5.9
7f36dcd6b000-7f36dcd6d000 rw-p 00063000 08:01 1314308                    /usr/lib/libncursesw.so.5.9
7f36dcd6d000-7f36dcda3000 r-xp 00000000 08:01 1361817                    /usr/lib/libedit.so.0.0.53
7f36dcda3000-7f36dcfa3000 ---p 00036000 08:01 1361817                    /usr/lib/libedit.so.0.0.53
7f36dcfa3000-7f36dcfa5000 r--p 00036000 08:01 1361817                    /usr/lib/libedit.so.0.0.53
7f36dcfa5000-7f36dcfa6000 rw-p 00038000 08:01 1361817                    /usr/lib/libedit.so.0.0.53
7f36dcfa6000-7f36dcfaa000 rw-p 00000000 00:00 0 
7f36dcfaa000-7f36deced000 r-xp 00000000 08:01 1364220                    /usr/lib/libLLVM-3.6.so
7f36deced000-7f36deeec000 ---p 01d43000 08:01 1364220                    /usr/lib/libLLVM-3.6.so
7f36deeec000-7f36df101000 r--p 01d42000 08:01 1364220                    /usr/lib/libLLVM-3.6.so
7f36df101000-7f36df11b000 rw-p 01f57000 08:01 1364220                    /usr/lib/libLLVM-3.6.so
7f36df11b000-7f36df130000 rw-p 00000000 00:00 0 
7f36df130000-7f36df145000 r-xp 00000000 08:01 1337298                    /usr/lib/libelf-0.163.so
7f36df145000-7f36df344000 ---p 00015000 08:01 1337298                    /usr/lib/libelf-0.163.so
7f36df344000-7f36df345000 r--p 00014000 08:01 1337298                    /usr/lib/libelf-0.163.so
7f36df345000-7f36df346000 rw-p 00015000 08:01 1337298                    /usr/lib/libelf-0.163.so
7f36df346000-7f36df351000 r-xp 00000000 08:01 1332403                    /usr/lib/libdrm_radeon.so.1.0.1
7f36df351000-7f36df550000 ---p 0000b000 08:01 1332403                    /usr/lib/libdrm_radeon.so.1.0.1
7f36df550000-7f36df551000 r--p 0000a000 08:01 1332403                    /usr/lib/libdrm_radeon.so.1.0.1
7f36df551000-7f36df552000 rw-p 0000b000 08:01 1332403                    /usr/lib/libdrm_radeon.so.1.0.1
7f36df552000-7f36df558000 r-xp 00000000 08:01 1332352                    /usr/lib/libdrm_nouveau.so.2.0.0
7f36df558000-7f36df757000 ---p 00006000 08:01 1332352                    /usr/lib/libdrm_nouveau.so.2.0.0
7f36df757000-7f36df758000 r--p 00005000 08:01 1332352                    /usr/lib/libdrm_nouveau.so.2.0.0
7f36df758000-7f36df759000 rw-p 00006000 08:01 1332352                    /usr/lib/libdrm_nouveau.so.2.0.0
7f36df759000-7f36dfef4000 r-xp 00000000 08:01 1357542                    /usr/lib/xorg/modules/dri/r600_dri.so
7f36dfef4000-7f36e00f4000 ---p 0079b000 08:01 1357542                    /usr/lib/xorg/modules/dri/r600_dri.so
7f36e00f4000-7f36e014a000 r--p 0079b000 08:01 1357542                    /usr/lib/xorg/modules/dri/r600_dri.so
7f36e014a000-7f36e0153000 rw-p 007f1000 08:01 1357542                    /usr/lib/xorg/modules/dri/r600_dri.so
7f36e0153000-7f36e0338000 rw-p 00000000 00:00 0 
7f36e0338000-7f36e033c000 r-xp 00000000 08:01 1321200                    /usr/lib/libattr.so.1.1.0
7f36e033c000-7f36e053b000 ---p 00004000 08:01 1321200                    /usr/lib/libattr.so.1.1.0
7f36e053b000-7f36e053c000 r--p 00003000 08:01 1321200                    /usr/lib/libattr.so.1.1.0
7f36e053c000-7f36e053d000 rw-p 00004000 08:01 1321200                    /usr/lib/libattr.so.1.1.0
7f36e053d000-7f36e0541000 r-xp 00000000 08:01 1321329                    /usr/lib/libcap.so.2.24
7f36e0541000-7f36e0740000 ---p 00004000 08:01 1321329                    /usr/lib/libcap.so.2.24
7f36e0740000-7f36e0741000 rw-p 00003000 08:01 1321329                    /usr/lib/libcap.so.2.24
7f36e0741000-7f36e0746000 r-xp 00000000 08:01 1332345                    /usr/lib/libXdmcp.so.6.0.0
7f36e0746000-7f36e0945000 ---p 00005000 08:01 1332345                    /usr/lib/libXdmcp.so.6.0.0
7f36e0945000-7f36e0946000 r--p 00004000 08:01 1332345                    /usr/lib/libXdmcp.so.6.0.0
7f36e0946000-7f36e0947000 rw-p 00005000 08:01 1332345                    /usr/lib/libXdmcp.so.6.0.0
7f36e0947000-7f36e0949000 r-xp 00000000 08:01 1332459                    /usr/lib/libXau.so.6.0.0
7f36e0949000-7f36e0b49000 ---p 00002000 08:01 1332459                    /usr/lib/libXau.so.6.0.0
7f36e0b49000-7f36e0b4a000 r--p 00002000 08:01 1332459                    /usr/lib/libXau.so.6.0.0
7f36e0b4a000-7f36e0b4b000 rw-p 00003000 08:01 1332459                    /usr/lib/libXau.so.6.0.0
7f36e0b4b000-7f36e0b5a000 r-xp 00000000 08:01 1337169                    /usr/lib/libwayland-server.so.0.1.0
7f36e0b5a000-7f36e0d5a000 ---p 0000f000 08:01 1337169                    /usr/lib/libwayland-server.so.0.1.0
7f36e0d5a000-7f36e0d5c000 r--p 0000f000 08:01 1337169                    /usr/lib/libwayland-server.so.0.1.0
7f36e0d5c000-7f36e0d5d000 rw-p 00011000 08:01 1337169                    /usr/lib/libwayland-server.so.0.1.0
7f36e0d5d000-7f36e0d69000 r-xp 00000000 08:01 1337170                    /usr/lib/libwayland-client.so.0.3.0
7f36e0d69000-7f36e0f68000 ---p 0000c000 08:01 1337170                    /usr/lib/libwayland-client.so.0.3.0
7f36e0f68000-7f36e0f6a000 r--p 0000b000 08:01 1337170                    /usr/lib/libwayland-client.so.0.3.0
7f36e0f6a000-7f36e0f6b000 rw-p 0000d000 08:01 1337170                    /usr/lib/libwayland-client.so.0.3.0
7f36e0f6b000-7f36e0f77000 r-xp 00000000 08:01 1337363                    /usr/lib/libgbm.so.1.0.0
7f36e0f77000-7f36e1177000 ---p 0000c000 08:01 1337363                    /usr/lib/libgbm.so.1.0.0
7f36e1177000-7f36e1178000 r--p 0000c000 08:01 1337363                    /usr/lib/libgbm.so.1.0.0
7f36e1178000-7f36e1179000 rw-p 0000d000 08:01 1337363                    /usr/lib/libgbm.so.1.0.0
7f36e1179000-7f36e11a4000 r-xp 00000000 08:01 1332369                    /usr/lib/libgraphite2.so.3.0.1
7f36e11a4000-7f36e13a4000 ---p 0002b000 08:01 1332369                    /usr/lib/libgraphite2.so.3.0.1
7f36e13a4000-7f36e13a6000 r--p 0002b000 08:01 1332369                    /usr/lib/libgraphite2.so.3.0.1
7f36e13a6000-7f36e13a7000 rw-p 0002d000 08:01 1332369                    /usr/lib/libgraphite2.so.3.0.1
7f36e13a7000-7f36e13b4000 r-xp 00000000 08:01 1330964                    /usr/lib/libdrm.so.2.4.0
7f36e13b4000-7f36e15b3000 ---p 0000d000 08:01 1330964                    /usr/lib/libdrm.so.2.4.0
7f36e15b3000-7f36e15b4000 r--p 0000c000 08:01 1330964                    /usr/lib/libdrm.so.2.4.0
7f36e15b4000-7f36e15b5000 rw-p 0000d000 08:01 1330964                    /usr/lib/libdrm.so.2.4.0
7f36e15b5000-7f36e15b6000 r-xp 00000000 08:01 1336456                    /usr/lib/libxshmfence.so.1.0.0
7f36e15b6000-7f36e17b6000 ---p 00001000 08:01 1336456                    /usr/lib/libxshmfence.so.1.0.0
7f36e17b6000-7f36e17b7000 r--p 00001000 08:01 1336456                    /usr/lib/libxshmfence.so.1.0.0
7f36e17b7000-7f36e17b8000 rw-p 00002000 08:01 1336456                    /usr/lib/libxshmfence.so.1.0.0
7f36e17b8000-7f36e17bd000 r-xp 00000000 08:01 1334847                    /usr/lib/libxcb-sync.so.1.0.0
7f36e17bd000-7f36e19bd000 ---p 00005000 08:01 1334847                    /usr/lib/libxcb-sync.so.1.0.0
7f36e19bd000-7f36e19be000 r--p 00005000 08:01 1334847                    /usr/lib/libxcb-sync.so.1.0.0
7f36e19be000-7f36e19bf000 rw-p 00006000 08:01 1334847                    /usr/lib/libxcb-sync.so.1.0.0
7f36e19bf000-7f36e19c2000 r-xp 00000000 08:01 1334816                    /usr/lib/libxcb-shape.so.0.0.0
7f36e19c2000-7f36e1bc1000 ---p 00003000 08:01 1334816                    /usr/lib/libxcb-shape.so.0.0.0
7f36e1bc1000-7f36e1bc2000 r--p 00002000 08:01 1334816                    /usr/lib/libxcb-shape.so.0.0.0
7f36e1bc2000-7f36e1bc3000 rw-p 00003000 08:01 1334816                    /usr/lib/libxcb-shape.so.0.0.0
7f36e1bc3000-7f36e1bc9000 r-xp 00000000 08:01 1334798                    /usr/lib/libxcb-xfixes.so.0.0.0
7f36e1bc9000-7f36e1dc9000 ---p 00006000 08:01 1334798                    /usr/lib/libxcb-xfixes.so.0.0.0
7f36e1dc9000-7f36e1dca000 r--p 00006000 08:01 1334798                    /usr/lib/libxcb-xfixes.so.0.0.0
7f36e1dca000-7f36e1dcb000 rw-p 00007000 08:01 1334798                    /usr/lib/libxcb-xfixes.so.0.0.0
7f36e1dcb000-7f36e1dd8000 r-xp 00000000 08:01 1334855                    /usr/lib/libxcb-randr.so.0.1.0
7f36e1dd8000-7f36e1fd7000 ---p 0000d000 08:01 1334855                    /usr/lib/libxcb-randr.so.0.1.0
7f36e1fd7000-7f36e1fd8000 r--p 0000c000 08:01 1334855                    /usr/lib/libxcb-randr.so.0.1.0
7f36e1fd8000-7f36e1fd9000 rw-p 0000d000 08:01 1334855                    /usr/lib/libxcb-randr.so.0.1.0
7f36e1fd9000-7f36e1fdb000 r-xp 00000000 08:01 1334834                    /usr/lib/libxcb-present.so.0.0.0
7f36e1fdb000-7f36e21da000 ---p 00002000 08:01 1334834                    /usr/lib/libxcb-present.so.0.0.0
7f36e21da000-7f36e21db000 r--p 00001000 08:01 1334834                    /usr/lib/libxcb-present.so.0.0.0
7f36e21db000-7f36e21dc000 rw-p 00002000 08:01 1334834                    /usr/lib/libxcb-present.so.0.0.0
7f36e21dc000-7f36e21de000 r-xp 00000000 08:01 1334806                    /usr/lib/libxcb-dri3.so.0.0.0
7f36e21de000-7f36e23dd000 ---p 00002000 08:01 1334806                    /usr/lib/libxcb-dri3.so.0.0.0
7f36e23dd000-7f36e23de000 r--p 00001000 08:01 1334806                    /usr/lib/libxcb-dri3.so.0.0.0
7f36e23de000-7f36e23df000 rw-p 00002000 08:01 1334806                    /usr/lib/libxcb-dri3.so.0.0.0
7f36e23df000-7f36e23e3000 r-xp 00000000 08:01 1334831                    /usr/lib/libxcb-dri2.so.0.0.0
7f36e23e3000-7f36e25e2000 ---p 00004000 08:01 1334831                    /usr/lib/libxcb-dri2.so.0.0.0
7f36e25e2000-7f36e25e3000 r--p 00003000 08:01 1334831                    /usr/lib/libxcb-dri2.so.0.0.0
7f36e25e3000-7f36e25e4000 rw-p 00004000 08:01 1334831                    /usr/lib/libxcb-dri2.so.0.0.0
7f36e25e4000-7f36e25fb000 r-xp 00000000 08:01 1334805                    /usr/lib/libxcb-glx.so.0.0.0
7f36e25fb000-7f36e27fb000 ---p 00017000 08:01 1334805                    /usr/lib/libxcb-glx.so.0.0.0
7f36e27fb000-7f36e27fd000 r--p 00017000 08:01 1334805                    /usr/lib/libxcb-glx.so.0.0.0
7f36e27fd000-7f36e27fe000 rw-p 00019000 08:01 1334805                    /usr/lib/libxcb-glx.so.0.0.0
7f36e27fe000-7f36e27ff000 r-xp 00000000 08:01 1334901                    /usr/lib/libX11-xcb.so.1.0.0
7f36e27ff000-7f36e29fe000 ---p 00001000 08:01 1334901                    /usr/lib/libX11-xcb.so.1.0.0
7f36e29fe000-7f36e29ff000 r--p 00000000 08:01 1334901                    /usr/lib/libX11-xcb.so.1.0.0
7f36e29ff000-7f36e2a00000 rw-p 00001000 08:01 1334901                    /usr/lib/libX11-xcb.so.1.0.0
7f36e2a00000-7f36e2a28000 r-xp 00000000 08:01 1337396                    /usr/lib/libglapi.so.0.0.0
7f36e2a28000-7f36e2c28000 ---p 00028000 08:01 1337396                    /usr/lib/libglapi.so.0.0.0
7f36e2c28000-7f36e2c2c000 r--p 00028000 08:01 1337396                    /usr/lib/libglapi.so.0.0.0
7f36e2c2c000-7f36e2c2d000 rw-p 0002c000 08:01 1337396                    /usr/lib/libglapi.so.0.0.0
7f36e2c2d000-7f36e2c2e000 rw-p 00000000 00:00 0 
7f36e2c2e000-7f36e2c55000 r-xp 00000000 08:01 1321596                    /usr/lib/libexpat.so.1.6.0
7f36e2c55000-7f36e2e54000 ---p 00027000 08:01 1321596                    /usr/lib/libexpat.so.1.6.0
7f36e2e54000-7f36e2e57000 r--p 00026000 08:01 1321596                    /usr/lib/libexpat.so.1.6.0
7f36e2e57000-7f36e2e58000 rw-p 00029000 08:01 1321596                    /usr/lib/libexpat.so.1.6.0
7f36e2e58000-7f36e2e67000 r-xp 00000000 08:01 1316978                    /usr/lib/libbz2.so.1.0.6
7f36e2e67000-7f36e3066000 ---p 0000f000 08:01 1316978                    /usr/lib/libbz2.so.1.0.6
7f36e3066000-7f36e3068000 rw-p 0000e000 08:01 1316978                    /usr/lib/libbz2.so.1.0.6
7f36e3068000-7f36e3089000 r-xp 00000000 08:01 1334819                    /usr/lib/libxcb.so.1.1.0
7f36e3089000-7f36e3288000 ---p 00021000 08:01 1334819                    /usr/lib/libxcb.so.1.1.0
7f36e3288000-7f36e3289000 r--p 00020000 08:01 1334819                    /usr/lib/libxcb.so.1.1.0
7f36e3289000-7f36e328a000 rw-p 00021000 08:01 1334819                    /usr/lib/libxcb.so.1.1.0
7f36e328a000-7f36e3293000 r-xp 00000000 08:01 1334801                    /usr/lib/libxcb-render.so.0.0.0
7f36e3293000-7f36e3492000 ---p 00009000 08:01 1334801                    /usr/lib/libxcb-render.so.0.0.0
7f36e3492000-7f36e3493000 r--p 00008000 08:01 1334801                    /usr/lib/libxcb-render.so.0.0.0
7f36e3493000-7f36e3494000 rw-p 00009000 08:01 1334801                    /usr/lib/libxcb-render.so.0.0.0
7f36e3494000-7f36e3496000 r-xp 00000000 08:01 1334828                    /usr/lib/libxcb-shm.so.0.0.0
7f36e3496000-7f36e3696000 ---p 00002000 08:01 1334828                    /usr/lib/libxcb-shm.so.0.0.0
7f36e3696000-7f36e3697000 r--p 00002000 08:01 1334828                    /usr/lib/libxcb-shm.so.0.0.0
7f36e3697000-7f36e3698000 rw-p 00003000 08:01 1334828                    /usr/lib/libxcb-shm.so.0.0.0
7f36e3698000-7f36e36be000 r-xp 00000000 08:01 1444774                    /usr/lib/mesa/libEGL.so.1.0.0
7f36e36be000-7f36e38bd000 ---p 00026000 08:01 1444774                    /usr/lib/mesa/libEGL.so.1.0.0
7f36e38bd000-7f36e38be000 r--p 00025000 08:01 1444774                    /usr/lib/mesa/libEGL.so.1.0.0
7f36e38be000-7f36e38bf000 rw-p 00026000 08:01 1444774                    /usr/lib/mesa/libEGL.so.1.0.0
7f36e38bf000-7f36e3964000 r-xp 00000000 08:01 1332456                    /usr/lib/libpixman-1.so.0.32.6
7f36e3964000-7f36e3b63000 ---p 000a5000 08:01 1332456                    /usr/lib/libpixman-1.so.0.32.6
7f36e3b63000-7f36e3b6b000 r--p 000a4000 08:01 1332456                    /usr/lib/libpixman-1.so.0.32.6
7f36e3b6b000-7f36e3b6c000 rw-p 000ac000 08:01 1332456                    /usr/lib/libpixman-1.so.0.32.6
7f36e3b6c000-7f36e3ba0000 r-xp 00000000 08:01 1332355                    /usr/lib/libpng16.so.16.18.0
7f36e3ba0000-7f36e3d9f000 ---p 00034000 08:01 1332355                    /usr/lib/libpng16.so.16.18.0
7f36e3d9f000-7f36e3da0000 r--p 00033000 08:01 1332355                    /usr/lib/libpng16.so.16.18.0
7f36e3da0000-7f36e3da1000 rw-p 00034000 08:01 1332355                    /usr/lib/libpng16.so.16.18.0
7f36e3da1000-7f36e3dfe000 r-xp 00000000 08:01 1349414                    /usr/lib/libharfbuzz.so.0.10000.1
7f36e3dfe000-7f36e3ffe000 ---p 0005d000 08:01 1349414                    /usr/lib/libharfbuzz.so.0.10000.1
7f36e3ffe000-7f36e3fff000 r--p 0005d000 08:01 1349414                    /usr/lib/libharfbuzz.so.0.10000.1
7f36e3fff000-7f36e4000000 rw-p 0005e000 08:01 1349414                    /usr/lib/libharfbuzz.so.0.10000.1
7f36e4000000-7f36e4021000 rw-p 00000000 00:00 0 
7f36e4021000-7f36e8000000 ---p 00000000 00:00 0 
7f36e8000000-7f36e878e000 rw-p 00000000 00:00 0 
7f36e878e000-7f36ec000000 ---p 00000000 00:00 0 
7f36ec000000-7f36ec4f5000 rw-p 00000000 00:00 0 
7f36ec4f5000-7f36f0000000 ---p 00000000 00:00 0 
7f36f0000000-7f36f0021000 rw-p 00000000 00:00 0 
7f36f0021000-7f36f4000000 ---p 00000000 00:00 0 
7f36f4000000-7f36f4021000 rw-p 00000000 00:00 0 
7f36f4021000-7f36f8000000 ---p 00000000 00:00 0 
7f36f8000000-7f36f866c000 rw-p 00000000 00:00 0 
7f36f866c000-7f36fc000000 ---p 00000000 00:00 0 
7f36fc000000-7f36fc021000 rw-p 00000000 00:00 0 
7f36fc021000-7f3700000000 ---p 00000000 00:00 0 
7f3700000000-7f3700021000 rw-p 00000000 00:00 0 
7f3700021000-7f3704000000 ---p 00000000 00:00 0 
7f3704000000-7f3704021000 rw-p 00000000 00:00 0 
7f3704021000-7f3708000000 ---p 00000000 00:00 0 
7f3708000000-7f3708021000 rw-p 00000000 00:00 0 
7f3708021000-7f370c000000 ---p 00000000 00:00 0 
7f370c000000-7f370c021000 rw-p 00000000 00:00 0 
7f370c021000-7f3710000000 ---p 00000000 00:00 0 
7f3710000000-7f3710001000 rw-s 1202a4000 00:06 9207                      /dev/dri/card0
7f3710001000-7f3710002000 rw-s 11dd92000 00:06 9207                      /dev/dri/card0
7f3710002000-7f371000c000 r--s 00116000 08:01 1721273                    /usr/lib/jvm/java-8-jdk/jre/lib/ext/localedata.jar
7f371000c000-7f3710011000 r--s 004ef000 08:04 7085425                    /home/morrisseymarr/.m2/repository/org/xerial/sqlite-jdbc/3.8.11.1/sqlite-jdbc-3.8.11.1.jar
7f3710011000-7f371002f000 r--s 00110000 08:04 18352124                   /home/morrisseymarr/.m2/repository/org/mockito/mockito-all/1.10.19/mockito-all-1.10.19.jar
7f371002f000-7f3710039000 r--s 000e4000 08:04 18351496                   /home/morrisseymarr/.m2/repository/mysql/mysql-connector-java/5.1.36/mysql-connector-java-5.1.36.jar
7f3710039000-7f371003b000 r--s 00009000 08:04 6422650                    /home/morrisseymarr/.m2/repository/org/hamcrest/hamcrest-core/1.3/hamcrest-core-1.3.jar
7f371003b000-7f3710043000 r--s 00045000 08:04 7342260                    /home/morrisseymarr/.m2/repository/junit/junit/4.12/junit-4.12.jar
7f3710043000-7f3710045000 r--s 0000d000 08:04 7211995                    /home/morrisseymarr/.m2/repository/org/javalite/javalite-common/1.4.11/javalite-common-1.4.11.jar
7f3710045000-7f3710049000 r--s 00027000 08:04 6688900                    /home/morrisseymarr/.m2/repository/org/javalite/activejdbc/1.4.11/activejdbc-1.4.11.jar
7f3710049000-7f371004e000 r--s 0003a000 08:04 10617489                   /home/morrisseymarr/.m2/repository/net/sf/barcode4j/barcode4j/2.0/barcode4j-2.0.jar
7f371004e000-7f371005f000 r--s 000d2000 08:04 18219302                   /home/morrisseymarr/.m2/repository/com/fasterxml/jackson/core/jackson-databind/2.1.4/jackson-databind-2.1.4.jar
7f371005f000-7f371006e000 r--s 001b0000 08:04 13893687                   /home/morrisseymarr/.m2/repository/org/eclipse/jdt/core/compiler/ecj/4.3.1/ecj-4.3.1.jar
7f371006e000-7f371008f000 r--s 0015a000 08:04 9176272                    /home/morrisseymarr/.m2/repository/bouncycastle/bcprov-jdk14/138/bcprov-jdk14-138.jar
7f371008f000-7f37100ea000 r--s 0049b000 08:04 10617487                   /home/morrisseymarr/.m2/repository/net/sf/jasperreports/jasperreports/6.1.0/jasperreports-6.1.0.jar
7f37100ea000-7f37100fe000 r-xp 00000000 08:01 1313475                    /usr/lib/libresolv-2.22.so
7f37100fe000-7f37102fd000 ---p 00014000 08:01 1313475                    /usr/lib/libresolv-2.22.so
7f37102fd000-7f37102fe000 r--p 00013000 08:01 1313475                    /usr/lib/libresolv-2.22.so
7f37102fe000-7f37102ff000 rw-p 00014000 08:01 1313475                    /usr/lib/libresolv-2.22.so
7f37102ff000-7f3710301000 rw-p 00000000 00:00 0 
7f3710301000-7f3710316000 r-xp 00000000 08:01 1316982                    /usr/lib/libz.so.1.2.8
7f3710316000-7f3710515000 ---p 00015000 08:01 1316982                    /usr/lib/libz.so.1.2.8
7f3710515000-7f3710516000 r--p 00014000 08:01 1316982                    /usr/lib/libz.so.1.2.8
7f3710516000-7f3710517000 rw-p 00015000 08:01 1316982                    /usr/lib/libz.so.1.2.8
7f3710517000-7f3710586000 r-xp 00000000 08:01 1321636                    /usr/lib/libpcre.so.1.2.5
7f3710586000-7f3710785000 ---p 0006f000 08:01 1321636                    /usr/lib/libpcre.so.1.2.5
7f3710785000-7f3710786000 r--p 0006e000 08:01 1321636                    /usr/lib/libpcre.so.1.2.5
7f3710786000-7f3710787000 rw-p 0006f000 08:01 1321636                    /usr/lib/libpcre.so.1.2.5
7f3710787000-7f371078f000 r-xp 00000000 08:01 1330339                    /usr/lib/libffi.so.6.0.4
7f371078f000-7f371098e000 ---p 00008000 08:01 1330339                    /usr/lib/libffi.so.6.0.4
7f371098e000-7f371098f000 r--p 00007000 08:01 1330339                    /usr/lib/libffi.so.6.0.4
7f371098f000-7f3710990000 rw-p 00008000 08:01 1330339                    /usr/lib/libffi.so.6.0.4
7f3710990000-7f37109a1000 r-xp 00000000 08:01 1336564                    /usr/lib/libXext.so.6.4.0
7f37109a1000-7f3710ba0000 ---p 00011000 08:01 1336564                    /usr/lib/libXext.so.6.4.0
7f3710ba0000-7f3710ba1000 r--p 00010000 08:01 1336564                    /usr/lib/libXext.so.6.4.0
7f3710ba1000-7f3710ba2000 rw-p 00011000 08:01 1336564                    /usr/lib/libXext.so.6.4.0
7f3710ba2000-7f3710ba4000 r-xp 00000000 08:01 1337282                    /usr/lib/libXdamage.so.1.1.0
7f3710ba4000-7f3710da3000 ---p 00002000 08:01 1337282                    /usr/lib/libXdamage.so.1.1.0
7f3710da3000-7f3710da4000 r--p 00001000 08:01 1337282                    /usr/lib/libXdamage.so.1.1.0
7f3710da4000-7f3710da5000 rw-p 00002000 08:01 1337282                    /usr/lib/libXdamage.so.1.1.0
7f3710da5000-7f3710da7000 r-xp 00000000 08:01 1337140                    /usr/lib/libXcomposite.so.1.0.0
7f3710da7000-7f3710fa6000 ---p 00002000 08:01 1337140                    /usr/lib/libXcomposite.so.1.0.0
7f3710fa6000-7f3710fa7000 r--p 00001000 08:01 1337140                    /usr/lib/libXcomposite.so.1.0.0
7f3710fa7000-7f3710fa8000 rw-p 00002000 08:01 1337140                    /usr/lib/libXcomposite.so.1.0.0
7f3710fa8000-7f3710fb2000 r-xp 00000000 08:01 1337057                    /usr/lib/libXcursor.so.1.0.2
7f3710fb2000-7f37111b1000 ---p 0000a000 08:01 1337057                    /usr/lib/libXcursor.so.1.0.2
7f37111b1000-7f37111b2000 r--p 00009000 08:01 1337057                    /usr/lib/libXcursor.so.1.0.2
7f37111b2000-7f37111b3000 rw-p 0000a000 08:01 1337057                    /usr/lib/libXcursor.so.1.0.2
7f37111b3000-7f37111bd000 r-xp 00000000 08:01 1336984                    /usr/lib/libXrandr.so.2.2.0
7f37111bd000-7f37113bc000 ---p 0000a000 08:01 1336984                    /usr/lib/libXrandr.so.2.2.0
7f37113bc000-7f37113bd000 r--p 00009000 08:01 1336984                    /usr/lib/libXrandr.so.2.2.0
7f37113bd000-7f37113be000 rw-p 0000a000 08:01 1336984                    /usr/lib/libXrandr.so.2.2.0
7f37113be000-7f37113cd000 r-xp 00000000 08:01 1336958                    /usr/lib/libXi.so.6.1.0
7f37113cd000-7f37115cd000 ---p 0000f000 08:01 1336958                    /usr/lib/libXi.so.6.1.0
7f37115cd000-7f37115ce000 r--p 0000f000 08:01 1336958                    /usr/lib/libXi.so.6.1.0
7f37115ce000-7f37115cf000 rw-p 00010000 08:01 1336958                    /usr/lib/libXi.so.6.1.0
7f37115cf000-7f37115d1000 r-xp 00000000 08:01 1336988                    /usr/lib/libXinerama.so.1.0.0
7f37115d1000-7f37117d0000 ---p 00002000 08:01 1336988                    /usr/lib/libXinerama.so.1.0.0
7f37117d0000-7f37117d1000 r--p 00001000 08:01 1336988                    /usr/lib/libXinerama.so.1.0.0
7f37117d1000-7f37117d2000 rw-p 00002000 08:01 1336988                    /usr/lib/libXinerama.so.1.0.0
7f37117d2000-7f37117db000 r-xp 00000000 08:01 1336962                    /usr/lib/libXrender.so.1.3.0
7f37117db000-7f37119da000 ---p 00009000 08:01 1336962                    /usr/lib/libXrender.so.1.3.0
7f37119da000-7f37119db000 r--p 00008000 08:01 1336962                    /usr/lib/libXrender.so.1.3.0
7f37119db000-7f37119dc000 rw-p 00009000 08:01 1336962                    /usr/lib/libXrender.so.1.3.0
7f37119dc000-7f37119e1000 r-xp 00000000 08:01 1337017                    /usr/lib/libXfixes.so.3.1.0
7f37119e1000-7f3711be0000 ---p 00005000 08:01 1337017                    /usr/lib/libXfixes.so.3.1.0
7f3711be0000-7f3711be1000 r--p 00004000 08:01 1337017                    /usr/lib/libXfixes.so.3.1.0
7f3711be1000-7f3711be2000 rw-p 00005000 08:01 1337017                    /usr/lib/libXfixes.so.3.1.0
7f3711be2000-7f3711bf8000 r-xp 00000000 08:01 1317226                    /usr/lib/libgcc_s.so.1
7f3711bf8000-7f3711df7000 ---p 00016000 08:01 1317226                    /usr/lib/libgcc_s.so.1
7f3711df7000-7f3711df8000 rw-p 00015000 08:01 1317226                    /usr/lib/libgcc_s.so.1
7f3711df8000-7f3711f6a000 r-xp 00000000 08:01 1339391                    /usr/lib/libstdc++.so.6.0.21
7f3711f6a000-7f371216a000 ---p 00172000 08:01 1339391                    /usr/lib/libstdc++.so.6.0.21
7f371216a000-7f3712174000 r--p 00172000 08:01 1339391                    /usr/lib/libstdc++.so.6.0.21
7f3712174000-7f3712176000 rw-p 0017c000 08:01 1339391                    /usr/lib/libstdc++.so.6.0.21
7f3712176000-7f371217a000 rw-p 00000000 00:00 0 
7f371217a000-7f371220e000 r-xp 00000000 08:01 1444761                    /usr/lib/mesa/libGL.so.1.2.0
7f371220e000-7f371240d000 ---p 00094000 08:01 1444761                    /usr/lib/mesa/libGL.so.1.2.0
7f371240d000-7f3712410000 r--p 00093000 08:01 1444761                    /usr/lib/mesa/libGL.so.1.2.0
7f3712410000-7f3712411000 rw-p 00096000 08:01 1444761                    /usr/lib/mesa/libGL.so.1.2.0
7f3712411000-7f3712412000 rw-p 00000000 00:00 0 
7f3712412000-7f3712417000 r-xp 00000000 08:01 1359639                    /usr/lib/libXxf86vm.so.1.0.0
7f3712417000-7f3712616000 ---p 00005000 08:01 1359639                    /usr/lib/libXxf86vm.so.1.0.0
7f3712616000-7f3712617000 r--p 00004000 08:01 1359639                    /usr/lib/libXxf86vm.so.1.0.0
7f3712617000-7f3712618000 rw-p 00005000 08:01 1359639                    /usr/lib/libXxf86vm.so.1.0.0
7f3712618000-7f3712753000 r-xp 00000000 08:01 1334900                    /usr/lib/libX11.so.6.3.0
7f3712753000-7f3712952000 ---p 0013b000 08:01 1334900                    /usr/lib/libX11.so.6.3.0
7f3712952000-7f3712954000 r--p 0013a000 08:01 1334900                    /usr/lib/libX11.so.6.3.0
7f3712954000-7f3712959000 rw-p 0013c000 08:01 1334900                    /usr/lib/libX11.so.6.3.0
7f3712959000-7f371295a000 rw-p 00000000 00:00 0 
7f371295a000-7f371295f000 r-xp 00000000 08:01 1337099                    /usr/lib/libXtst.so.6.1.0
7f371295f000-7f3712b5e000 ---p 00005000 08:01 1337099                    /usr/lib/libXtst.so.6.1.0
7f3712b5e000-7f3712b5f000 r--p 00004000 08:01 1337099                    /usr/lib/libXtst.so.6.1.0
7f3712b5f000-7f3712b60000 rw-p 00005000 08:01 1337099                    /usr/lib/libXtst.so.6.1.0
7f3712b60000-7f3712c6c000 r-xp 00000000 08:01 1321859                    /usr/lib/libglib-2.0.so.0.4400.1
7f3712c6c000-7f3712e6b000 ---p 0010c000 08:01 1321859                    /usr/lib/libglib-2.0.so.0.4400.1
7f3712e6b000-7f3712e6c000 r--p 0010b000 08:01 1321859                    /usr/lib/libglib-2.0.so.0.4400.1
7f3712e6c000-7f3712e6d000 rw-p 0010c000 08:01 1321859                    /usr/lib/libglib-2.0.so.0.4400.1
7f3712e6d000-7f3712e6e000 rw-p 00000000 00:00 0 
7f3712e6e000-7f3712e6f000 r-xp 00000000 08:01 1321861                    /usr/lib/libgthread-2.0.so.0.4400.1
7f3712e6f000-7f371306e000 ---p 00001000 08:01 1321861                    /usr/lib/libgthread-2.0.so.0.4400.1
7f371306e000-7f371306f000 r--p 00000000 08:01 1321861                    /usr/lib/libgthread-2.0.so.0.4400.1
7f371306f000-7f3713070000 rw-p 00001000 08:01 1321861                    /usr/lib/libgthread-2.0.so.0.4400.1
7f3713070000-7f37130bf000 r-xp 00000000 08:01 1321862                    /usr/lib/libgobject-2.0.so.0.4400.1
7f37130bf000-7f37132bf000 ---p 0004f000 08:01 1321862                    /usr/lib/libgobject-2.0.so.0.4400.1
7f37132bf000-7f37132c0000 r--p 0004f000 08:01 1321862                    /usr/lib/libgobject-2.0.so.0.4400.1
7f37132c0000-7f37132c1000 rw-p 00050000 08:01 1321862                    /usr/lib/libgobject-2.0.so.0.4400.1
7f37132c1000-7f37132fe000 r-xp 00000000 08:01 1336006                    /usr/lib/libfontconfig.so.1.8.0
7f37132fe000-7f37134fd000 ---p 0003d000 08:01 1336006                    /usr/lib/libfontconfig.so.1.8.0
7f37134fd000-7f37134ff000 r--p 0003c000 08:01 1336006                    /usr/lib/libfontconfig.so.1.8.0
7f37134ff000-7f3713500000 rw-p 0003e000 08:01 1336006                    /usr/lib/libfontconfig.so.1.8.0
7f3713500000-7f3715000000 rw-p 00000000 00:00 0 
7f3715000000-7f3715001000 rw-s 11dd87000 00:06 9207                      /dev/dri/card0
7f3715001000-7f3715003000 r--s 00005000 08:04 7343397                    /home/morrisseymarr/.m2/repository/org/slf4j/slf4j-api/1.7.5/slf4j-api-1.7.5.jar
7f3715003000-7f3715009000 r--s 00048000 08:04 13898749                   /home/morrisseymarr/.m2/repository/org/apache/commons/commons-lang3/3.1/commons-lang3-3.1.jar
7f3715009000-7f3715019000 r--s 0013f000 08:04 9569835                    /home/morrisseymarr/.m2/repository/jfree/jfreechart/1.0.12/jfreechart-1.0.12.jar
7f3715019000-7f3715038000 r--s 00110000 08:04 10748449                   /home/morrisseymarr/.m2/repository/net/sourceforge/dynamicreports/dynamicreports-core/4.0.1/dynamicreports-core-4.0.1.jar
7f3715038000-7f371503b000 r-xp 00000000 08:01 1321860                    /usr/lib/libgmodule-2.0.so.0.4400.1
7f371503b000-7f371523a000 ---p 00003000 08:01 1321860                    /usr/lib/libgmodule-2.0.so.0.4400.1
7f371523a000-7f371523b000 r--p 00002000 08:01 1321860                    /usr/lib/libgmodule-2.0.so.0.4400.1
7f371523b000-7f371523c000 rw-p 00003000 08:01 1321860                    /usr/lib/libgmodule-2.0.so.0.4400.1
7f371523c000-7f37152f1000 r-xp 00000000 08:01 1353413                    /usr/lib/libfreetype.so.6.12.0
7f37152f1000-7f37154f0000 ---p 000b5000 08:01 1353413                    /usr/lib/libfreetype.so.6.12.0
7f37154f0000-7f37154f6000 r--p 000b4000 08:01 1353413                    /usr/lib/libfreetype.so.6.12.0
7f37154f6000-7f37154f7000 rw-p 000ba000 08:01 1353413                    /usr/lib/libfreetype.so.6.12.0
7f37154f7000-7f3715540000 r-xp 00000000 08:01 1337658                    /usr/lib/libpango-1.0.so.0.3600.8
7f3715540000-7f3715740000 ---p 00049000 08:01 1337658                    /usr/lib/libpango-1.0.so.0.3600.8
7f3715740000-7f3715742000 r--p 00049000 08:01 1337658                    /usr/lib/libpango-1.0.so.0.3600.8
7f3715742000-7f3715743000 rw-p 0004b000 08:01 1337658                    /usr/lib/libpango-1.0.so.0.3600.8
7f3715743000-7f371586d000 r-xp 00000000 08:01 1337614                    /usr/lib/libcairo.so.2.11400.2
7f371586d000-7f3715a6d000 ---p 0012a000 08:01 1337614                    /usr/lib/libcairo.so.2.11400.2
7f3715a6d000-7f3715a70000 r--p 0012a000 08:01 1337614                    /usr/lib/libcairo.so.2.11400.2
7f3715a70000-7f3715a72000 rw-p 0012d000 08:01 1337614                    /usr/lib/libcairo.so.2.11400.2
7f3715a72000-7f3715a73000 rw-p 00000000 00:00 0 
7f3715a73000-7f3715a7f000 r-xp 00000000 08:01 1337662                    /usr/lib/libpangocairo-1.0.so.0.3600.8
7f3715a7f000-7f3715c7e000 ---p 0000c000 08:01 1337662                    /usr/lib/libpangocairo-1.0.so.0.3600.8
7f3715c7e000-7f3715c7f000 r--p 0000b000 08:01 1337662                    /usr/lib/libpangocairo-1.0.so.0.3600.8
7f3715c7f000-7f3715c80000 rw-p 0000c000 08:01 1337662                    /usr/lib/libpangocairo-1.0.so.0.3600.8
7f3715c80000-7f3715ca4000 r-xp 00000000 08:01 1338409                    /usr/lib/libgdk_pixbuf-2.0.so.0.3100.6
7f3715ca4000-7f3715ea4000 ---p 00024000 08:01 1338409                    /usr/lib/libgdk_pixbuf-2.0.so.0.3100.6
7f3715ea4000-7f3715ea5000 r--p 00024000 08:01 1338409                    /usr/lib/libgdk_pixbuf-2.0.so.0.3100.6
7f3715ea5000-7f3715ea6000 rw-p 00025000 08:01 1338409                    /usr/lib/libgdk_pixbuf-2.0.so.0.3100.6
7f3715ea6000-7f3715eba000 r-xp 00000000 08:01 1337660                    /usr/lib/libpangoft2-1.0.so.0.3600.8
7f3715eba000-7f37160ba000 ---p 00014000 08:01 1337660                    /usr/lib/libpangoft2-1.0.so.0.3600.8
7f37160ba000-7f37160bb000 r--p 00014000 08:01 1337660                    /usr/lib/libpangoft2-1.0.so.0.3600.8
7f37160bb000-7f37160bc000 rw-p 00015000 08:01 1337660                    /usr/lib/libpangoft2-1.0.so.0.3600.8
7f37160bc000-7f3716232000 r-xp 00000000 08:01 1322067                    /usr/lib/libgio-2.0.so.0.4400.1
7f3716232000-7f3716432000 ---p 00176000 08:01 1322067                    /usr/lib/libgio-2.0.so.0.4400.1
7f3716432000-7f3716436000 r--p 00176000 08:01 1322067                    /usr/lib/libgio-2.0.so.0.4400.1
7f3716436000-7f3716438000 rw-p 0017a000 08:01 1322067                    /usr/lib/libgio-2.0.so.0.4400.1
7f3716438000-7f371643a000 rw-p 00000000 00:00 0 
7f371643a000-7f371645d000 r-xp 00000000 08:01 1339841                    /usr/lib/libatk-1.0.so.0.21609.1
7f371645d000-7f371665c000 ---p 00023000 08:01 1339841                    /usr/lib/libatk-1.0.so.0.21609.1
7f371665c000-7f371665f000 r--p 00022000 08:01 1339841                    /usr/lib/libatk-1.0.so.0.21609.1
7f371665f000-7f3716660000 rw-p 00025000 08:01 1339841                    /usr/lib/libatk-1.0.so.0.21609.1
7f3716660000-7f3716710000 r-xp 00000000 08:01 1338445                    /usr/lib/libgdk-x11-2.0.so.0.2400.28
7f3716710000-7f3716910000 ---p 000b0000 08:01 1338445                    /usr/lib/libgdk-x11-2.0.so.0.2400.28
7f3716910000-7f3716914000 r--p 000b0000 08:01 1338445                    /usr/lib/libgdk-x11-2.0.so.0.2400.28
7f3716914000-7f3716916000 rw-p 000b4000 08:01 1338445                    /usr/lib/libgdk-x11-2.0.so.0.2400.28
7f3716916000-7f3716d4a000 r-xp 00000000 08:01 1338449                    /usr/lib/libgtk-x11-2.0.so.0.2400.28
7f3716d4a000-7f3716f4a000 ---p 00434000 08:01 1338449                    /usr/lib/libgtk-x11-2.0.so.0.2400.28
7f3716f4a000-7f3716f51000 r--p 00434000 08:01 1338449                    /usr/lib/libgtk-x11-2.0.so.0.2400.28
7f3716f51000-7f3716f55000 rw-p 0043b000 08:01 1338449                    /usr/lib/libgtk-x11-2.0.so.0.2400.28
7f3716f55000-7f3716f58000 rw-p 00000000 00:00 0 
7f3716f58000-7f3716f64000 r-xp 00000000 08:01 919487                     /usr/lib/jvm/java-8-jdk/jre/lib/amd64/libprism_es2.so
7f3716f64000-7f3717163000 ---p 0000c000 08:01 919487                     /usr/lib/jvm/java-8-jdk/jre/lib/amd64/libprism_es2.so
7f3717163000-7f3717164000 r--p 0000b000 08:01 919487                     /usr/lib/jvm/java-8-jdk/jre/lib/amd64/libprism_es2.so
7f3717164000-7f3717165000 rw-p 0000c000 08:01 919487                     /usr/lib/jvm/java-8-jdk/jre/lib/amd64/libprism_es2.so
7f3717165000-7f3717168000 ---p 00000000 00:00 0 
7f3717168000-7f3717266000 rw-p 00000000 00:00 0                          [stack:3054]
7f3717266000-7f3717267000 ---p 00000000 00:00 0 
7f3717267000-7f3717367000 rw-p 00000000 00:00 0                          [stack:3053]
7f3717367000-7f371736a000 ---p 00000000 00:00 0 
7f371736a000-7f3717468000 rw-p 00000000 00:00 0                          [stack:3052]
7f3717468000-7f371746b000 ---p 00000000 00:00 0 
7f371746b000-7f3717569000 rw-p 00000000 00:00 0                          [stack:3051]
7f3717569000-7f371756c000 ---p 00000000 00:00 0 
7f371756c000-7f371766a000 rw-p 00000000 00:00 0                          [stack:3050]
7f371766a000-7f371766d000 ---p 00000000 00:00 0 
7f371766d000-7f371776b000 rw-p 00000000 00:00 0                          [stack:3049]
7f371776b000-7f37178f9000 r--p 00000000 08:01 1357453                    /usr/lib/locale/locale-archive
7f37178f9000-7f37178fc000 ---p 00000000 00:00 0 
7f37178fc000-7f37179fa000 rw-p 00000000 00:00 0                          [stack:3048]
7f37179fa000-7f37179fd000 ---p 00000000 00:00 0 
7f37179fd000-7f3717afb000 rw-p 00000000 00:00 0                          [stack:3047]
7f3717afb000-7f3717afc000 ---p 00000000 00:00 0 
7f3717afc000-7f3718000000 rw-p 00000000 00:00 0                          [stack:3046]
7f3718000000-7f3718021000 rw-p 00000000 00:00 0 
7f3718021000-7f371c000000 ---p 00000000 00:00 0 
7f371c000000-7f371c002000 r--s 0000d000 08:04 14681092                   /home/morrisseymarr/.m2/repository/avalon-framework/avalon-framework-impl/4.2.0/avalon-framework-impl-4.2.0.jar
7f371c002000-7f371c00a000 r--s 00028000 08:04 11404585                   /home/morrisseymarr/.m2/repository/xml-apis/xml-apis/1.3.02/xml-apis-1.3.02.jar
7f371c00a000-7f371c028000 r-xp 00000000 08:01 1361949                    /usr/lib/libudev.so.1.6.4
7f371c028000-7f371c029000 r--p 0001d000 08:01 1361949                    /usr/lib/libudev.so.1.6.4
7f371c029000-7f371c02a000 rw-p 0001e000 08:01 1361949                    /usr/lib/libudev.so.1.6.4
7f371c02a000-7f371c02b000 r--s 00000000 08:01 1854907                    /var/cache/fontconfig/7ef2298fde41cc6eeb7af42e48b7d293-le64.cache-4
7f371c02b000-7f371c02d000 r--s 00007000 08:04 18219304                   /home/morrisseymarr/.m2/repository/com/fasterxml/jackson/core/jackson-annotations/2.1.4/jackson-annotations-2.1.4.jar
7f371c02d000-7f371c03a000 r--s 00108000 08:04 9176275                    /home/morrisseymarr/.m2/repository/com/lowagie/itext/2.1.7.js2/itext-2.1.7.js2.jar
7f371c03a000-7f371c048000 r--s 0007f000 08:04 13898654                   /home/morrisseymarr/.m2/repository/commons-collections/commons-collections/3.2.1/commons-collections-3.2.1.jar
7f371c048000-7f371c054000 rw-s 11ec9e000 00:06 9207                      /dev/dri/card0
7f371c054000-7f371c064000 rw-s 11eee8000 00:06 9207                      /dev/dri/card0
7f371c064000-7f371c0f9000 r--s 010fb000 08:01 1721262                    /usr/lib/jvm/java-8-jdk/jre/lib/ext/jfxrt.jar
7f371c0f9000-7f371d000000 rw-p 00000000 00:00 0 
7f371d000000-7f371d890000 rwxp 00000000 00:00 0 
7f371d890000-7f372c000000 ---p 00000000 00:00 0 
7f372c000000-7f372c455000 rw-p 00000000 00:00 0 
7f372c455000-7f3730000000 ---p 00000000 00:00 0 
7f3730000000-7f3730006000 r--s 00046000 08:04 9569833                    /home/morrisseymarr/.m2/repository/jfree/jcommon/1.0.15/jcommon-1.0.15.jar
7f3730006000-7f37301b9000 rw-p 00000000 00:00 0 
7f37301b9000-7f3730391000 r--s 03d0c000 08:01 1586771                    /usr/lib/jvm/java-8-jdk/jre/lib/rt.jar
7f3730391000-7f37305b7000 rw-p 00000000 00:00 0 
7f37305b7000-7f37305b8000 ---p 00000000 00:00 0 
7f37305b8000-7f37306b8000 rw-p 00000000 00:00 0                          [stack:3045]
7f37306b8000-7f37306b9000 ---p 00000000 00:00 0 
7f37306b9000-7f37307b9000 rw-p 00000000 00:00 0                          [stack:3044]
7f37307b9000-7f37307ba000 ---p 00000000 00:00 0 
7f37307ba000-7f37308c8000 rw-p 00000000 00:00 0                          [stack:3043]
7f37308c8000-7f37309da000 ---p 00000000 00:00 0 
7f37309da000-7f37309e8000 rw-p 00000000 00:00 0 
7f37309e8000-7f3730afa000 ---p 00000000 00:00 0 
7f3730afa000-7f3730b1a000 rw-p 00000000 00:00 0 
7f3730b1a000-7f3730b8a000 ---p 00000000 00:00 0 
7f3730b8a000-7f3730bae000 rw-p 00000000 00:00 0 
7f3730bae000-7f3730f4b000 ---p 00000000 00:00 0 
7f3730f4b000-7f3730f65000 r-xp 00000000 08:01 919515                     /usr/lib/jvm/java-8-jdk/jre/lib/amd64/libzip.so
7f3730f65000-7f3731165000 ---p 0001a000 08:01 919515                     /usr/lib/jvm/java-8-jdk/jre/lib/amd64/libzip.so
7f3731165000-7f3731166000 rw-p 0001a000 08:01 919515                     /usr/lib/jvm/java-8-jdk/jre/lib/amd64/libzip.so
7f3731166000-7f3731171000 r-xp 00000000 08:01 1313491                    /usr/lib/libnss_files-2.22.so
7f3731171000-7f3731370000 ---p 0000b000 08:01 1313491                    /usr/lib/libnss_files-2.22.so
7f3731370000-7f3731371000 r--p 0000a000 08:01 1313491                    /usr/lib/libnss_files-2.22.so
7f3731371000-7f3731372000 rw-p 0000b000 08:01 1313491                    /usr/lib/libnss_files-2.22.so
7f3731372000-7f3731378000 rw-p 00000000 00:00 0 
7f3731378000-7f37313a2000 r-xp 00000000 08:01 919543                     /usr/lib/jvm/java-8-jdk/jre/lib/amd64/libjava.so
7f37313a2000-7f37315a2000 ---p 0002a000 08:01 919543                     /usr/lib/jvm/java-8-jdk/jre/lib/amd64/libjava.so
7f37315a2000-7f37315a4000 rw-p 0002a000 08:01 919543                     /usr/lib/jvm/java-8-jdk/jre/lib/amd64/libjava.so
7f37315a4000-7f37315b1000 r-xp 00000000 08:01 919526                     /usr/lib/jvm/java-8-jdk/jre/lib/amd64/libverify.so
7f37315b1000-7f37317b1000 ---p 0000d000 08:01 919526                     /usr/lib/jvm/java-8-jdk/jre/lib/amd64/libverify.so
7f37317b1000-7f37317b3000 rw-p 0000d000 08:01 919526                     /usr/lib/jvm/java-8-jdk/jre/lib/amd64/libverify.so
7f37317b3000-7f37317ba000 r-xp 00000000 08:01 1313473                    /usr/lib/librt-2.22.so
7f37317ba000-7f37319b9000 ---p 00007000 08:01 1313473                    /usr/lib/librt-2.22.so
7f37319b9000-7f37319ba000 r--p 00006000 08:01 1313473                    /usr/lib/librt-2.22.so
7f37319ba000-7f37319bb000 rw-p 00007000 08:01 1313473                    /usr/lib/librt-2.22.so
7f37319bb000-7f3731ab8000 r-xp 00000000 08:01 1313477                    /usr/lib/libm-2.22.so
7f3731ab8000-7f3731cb7000 ---p 000fd000 08:01 1313477                    /usr/lib/libm-2.22.so
7f3731cb7000-7f3731cb8000 r--p 000fc000 08:01 1313477                    /usr/lib/libm-2.22.so
7f3731cb8000-7f3731cb9000 rw-p 000fd000 08:01 1313477                    /usr/lib/libm-2.22.so
7f3731cb9000-7f3732967000 r-xp 00000000 08:01 919554                     /usr/lib/jvm/java-8-jdk/jre/lib/amd64/server/libjvm.so
7f3732967000-7f3732b67000 ---p 00cae000 08:01 919554                     /usr/lib/jvm/java-8-jdk/jre/lib/amd64/server/libjvm.so
7f3732b67000-7f3732c3e000 rw-p 00cae000 08:01 919554                     /usr/lib/jvm/java-8-jdk/jre/lib/amd64/server/libjvm.so
7f3732c3e000-7f3732c82000 rw-p 00000000 00:00 0 
7f3732c82000-7f3732e1d000 r-xp 00000000 08:01 1313484                    /usr/lib/libc-2.22.so
7f3732e1d000-7f373301c000 ---p 0019b000 08:01 1313484                    /usr/lib/libc-2.22.so
7f373301c000-7f3733020000 r--p 0019a000 08:01 1313484                    /usr/lib/libc-2.22.so
7f3733020000-7f3733022000 rw-p 0019e000 08:01 1313484                    /usr/lib/libc-2.22.so
7f3733022000-7f3733026000 rw-p 00000000 00:00 0 
7f3733026000-7f3733029000 r-xp 00000000 08:01 1313454                    /usr/lib/libdl-2.22.so
7f3733029000-7f3733228000 ---p 00003000 08:01 1313454                    /usr/lib/libdl-2.22.so
7f3733228000-7f3733229000 r--p 00002000 08:01 1313454                    /usr/lib/libdl-2.22.so
7f3733229000-7f373322a000 rw-p 00003000 08:01 1313454                    /usr/lib/libdl-2.22.so
7f373322a000-7f373323f000 r-xp 00000000 08:01 919553                     /usr/lib/jvm/java-8-jdk/jre/lib/amd64/jli/libjli.so
7f373323f000-7f373343f000 ---p 00015000 08:01 919553                     /usr/lib/jvm/java-8-jdk/jre/lib/amd64/jli/libjli.so
7f373343f000-7f3733440000 rw-p 00015000 08:01 919553                     /usr/lib/jvm/java-8-jdk/jre/lib/amd64/jli/libjli.so
7f3733440000-7f3733458000 r-xp 00000000 08:01 1313490                    /usr/lib/libpthread-2.22.so
7f3733458000-7f3733657000 ---p 00018000 08:01 1313490                    /usr/lib/libpthread-2.22.so
7f3733657000-7f3733658000 r--p 00017000 08:01 1313490                    /usr/lib/libpthread-2.22.so
7f3733658000-7f3733659000 rw-p 00018000 08:01 1313490                    /usr/lib/libpthread-2.22.so
7f3733659000-7f373365d000 rw-p 00000000 00:00 0 
7f373365d000-7f373367f000 r-xp 00000000 08:01 1313451                    /usr/lib/ld-2.22.so
7f373367f000-7f3733680000 r--s 00000000 08:01 1854814                    /var/cache/fontconfig/6ba42ae0000f58711b5caaf10d690066-le64.cache-4
7f3733680000-7f3733684000 r--s 0002f000 08:04 18219300                   /home/morrisseymarr/.m2/repository/com/fasterxml/jackson/core/jackson-core/2.1.4/jackson-core-2.1.4.jar
7f3733684000-7f373368a000 r--s 0002b000 08:04 14681090                   /home/morrisseymarr/.m2/repository/commons-digester/commons-digester/2.1/commons-digester-2.1.jar
7f373368a000-7f373369a000 rw-s 11eec2000 00:06 9207                      /dev/dri/card0
7f373369a000-7f373373e000 rw-p 00000000 00:00 0 
7f373373e000-7f3733741000 ---p 00000000 00:00 0 
7f3733741000-7f3733843000 rw-p 00000000 00:00 0                          [stack:3042]
7f3733843000-7f3733845000 r--s 0000d000 08:04 8521386                    /home/morrisseymarr/.m2/repository/commons-logging/commons-logging/1.1.1/commons-logging-1.1.1.jar
7f3733845000-7f373384a000 r--s 00034000 08:04 14681088                   /home/morrisseymarr/.m2/repository/commons-beanutils/commons-beanutils/1.9.0/commons-beanutils-1.9.0.jar
7f373384a000-7f373384e000 r--s 0002a000 08:04 14552484                   /home/morrisseymarr/.m2/repository/commons-io/commons-io/2.4/commons-io-2.4.jar
7f373384e000-7f373384f000 rw-s 11eefa000 00:06 9207                      /dev/dri/card0
7f373384f000-7f3733850000 rw-s 11eef9000 00:06 9207                      /dev/dri/card0
7f3733850000-7f3733851000 rw-s 11eef8000 00:06 9207                      /dev/dri/card0
7f3733851000-7f3733852000 rw-s 00000000 00:05 54531                      /memfd:xshmfence (deleted)
7f3733852000-7f3733862000 rw-s 11eeb2000 00:06 9207                      /dev/dri/card0
7f3733862000-7f3733873000 rw-p 00000000 00:00 0 
7f3733873000-7f373387b000 rw-s 00000000 00:20 51984                      /tmp/hsperfdata_morrisseymarr/3036
7f373387b000-7f373387c000 rw-p 00000000 00:00 0 
7f373387c000-7f373387d000 r--p 00000000 00:00 0 
7f373387d000-7f373387e000 rw-p 00000000 00:00 0 
7f373387e000-7f373387f000 r--p 00021000 08:01 1313451                    /usr/lib/ld-2.22.so
7f373387f000-7f3733880000 rw-p 00022000 08:01 1313451                    /usr/lib/ld-2.22.so
7f3733880000-7f3733881000 rw-p 00000000 00:00 0 
7ffdf3cd3000-7ffdf3cf5000 rw-p 00000000 00:00 0                          [stack]
7ffdf3d55000-7ffdf3d57000 r--p 00000000 00:00 0                          [vvar]
7ffdf3d57000-7ffdf3d59000 r-xp 00000000 00:00 0                          [vdso]
ffffffffff600000-ffffffffff601000 r-xp 00000000 00:00 0                  [vsyscall]

VM Arguments:
jvm_args: -Dfile.encoding=UTF-8 
java_command: livinglikelarry.lapgas.Lapgas
java_class_path (initial): /home/morrisseymarr/workspace/lapgas/target/classes:/home/morrisseymarr/.m2/repository/commons-io/commons-io/2.4/commons-io-2.4.jar:/home/morrisseymarr/.m2/repository/net/sourceforge/dynamicreports/dynamicreports-core/4.0.1/dynamicreports-core-4.0.1.jar:/home/morrisseymarr/.m2/repository/net/sf/jasperreports/jasperreports/6.1.0/jasperreports-6.1.0.jar:/home/morrisseymarr/.m2/repository/commons-beanutils/commons-beanutils/1.9.0/commons-beanutils-1.9.0.jar:/home/morrisseymarr/.m2/repository/commons-collections/commons-collections/3.2.1/commons-collections-3.2.1.jar:/home/morrisseymarr/.m2/repository/commons-digester/commons-digester/2.1/commons-digester-2.1.jar:/home/morrisseymarr/.m2/repository/commons-logging/commons-logging/1.1.1/commons-logging-1.1.1.jar:/home/morrisseymarr/.m2/repository/com/lowagie/itext/2.1.7.js2/itext-2.1.7.js2.jar:/home/morrisseymarr/.m2/repository/bouncycastle/bcprov-jdk14/138/bcprov-jdk14-138.jar:/home/morrisseymarr/.m2/repository/jfree/jcommon/1.0.15/jcommon-1.0.15.jar:/home/morrisseymarr/.m2/repository/jfree/jfreechart/1.0.12/jfreechart-1.0.12.jar:/home/morrisseymarr/.m2/repository/xml-apis/xml-apis/1.3.02/xml-apis-1.3.02.jar:/home/morrisseymarr/.m2/repository/org/eclipse/jdt/core/compiler/ecj/4.3.1/ecj-4.3.1.jar:/home/morrisseymarr/.m2/repository/com/fasterxml/jackson/core/jackson-core/2.1.4/jackson-core-2.1.4.jar:/home/morrisseymarr/.m2/repository/com/fasterxml/jackson/core/jackson-databind/2.1.4/jackson-databind-2.1.4.jar:/home/morrisseymarr/.m2/repository/com/fasterxml/jackson/core/jackson-annotations/2.1.4/jackson-annotations-2.1.4.jar:/home/morrisseymarr/.m2/repository/org/apache/commons/commons-lang3/3.1/commons-lang3-3.1.jar:/home/morrisseymarr/.m2/repository/net/sf/barcode4j/barcode4j/2.0/barcode4j-2.0.jar:/home/morrisseymarr/.m2/repository/avalon-framework/avalon-framework-impl/4.2.0/avalon-framework-impl-4.2.0.jar:/home/morrisseymarr/.m2/repository/org/javalite/activejdbc/1.4.11/activejdbc-1.4.11.ja
Launcher Type: SUN_STANDARD

Environment Variables:
PATH=/usr/local/sbin:/usr/local/bin:/usr/bin:/usr/lib/jvm/default/bin:/usr/bin/site_perl:/usr/bin/vendor_perl:/usr/bin/core_perl:/opt/staruml/:/home/morrisseymarr/.composer/vendor/bin:/opt/lampp/bin:/home/morrisseymarr/.cabal/bin
SHELL=/bin/bash
DISPLAY=:0.0

Signal Handlers:
SIGSEGV: [libjvm.so+0xaad540], sa_mask[0]=11111111011111111101111111111110, sa_flags=SA_RESTART|SA_SIGINFO
SIGBUS: [libjvm.so+0xaad540], sa_mask[0]=11111111011111111101111111111110, sa_flags=SA_RESTART|SA_SIGINFO
SIGFPE: [libjvm.so+0x90b6b0], sa_mask[0]=11111111011111111101111111111110, sa_flags=SA_RESTART|SA_SIGINFO
SIGPIPE: SIG_IGN, sa_mask[0]=00000000000010000000000000000000, sa_flags=SA_RESTART
SIGXFSZ: [libjvm.so+0x90b6b0], sa_mask[0]=11111111011111111101111111111110, sa_flags=SA_RESTART|SA_SIGINFO
SIGILL: [libjvm.so+0x90b6b0], sa_mask[0]=11111111011111111101111111111110, sa_flags=SA_RESTART|SA_SIGINFO
SIGUSR1: SIG_DFL, sa_mask[0]=00000000000000000000000000000000, sa_flags=none
SIGUSR2: [libjvm.so+0x90ccf0], sa_mask[0]=00100000000000000000000000000000, sa_flags=SA_RESTART|SA_SIGINFO
SIGHUP: [libjvm.so+0x90e040], sa_mask[0]=11111111011111111101111111111110, sa_flags=SA_RESTART|SA_SIGINFO
SIGINT: [libjvm.so+0x90e040], sa_mask[0]=11111111011111111101111111111110, sa_flags=SA_RESTART|SA_SIGINFO
SIGTERM: [libjvm.so+0x90e040], sa_mask[0]=11111111011111111101111111111110, sa_flags=SA_RESTART|SA_SIGINFO
SIGQUIT: [libjvm.so+0x90e040], sa_mask[0]=11111111011111111101111111111110, sa_flags=SA_RESTART|SA_SIGINFO


---------------  S Y S T E M  ---------------

OS:NAME="Arch Linux"
ID=arch
PRETTY_NAME="Arch Linux"
ANSI_COLOR="0;36"
HOME_URL="https://www.archlinux.org/"
SUPPORT_URL="https://bbs.archlinux.org/"
BUG_REPORT_URL="https://bugs.archlinux.org/"


uname:Linux 4.1.6-1-ARCH #1 SMP PREEMPT Mon Aug 17 08:52:28 CEST 2015 x86_64
libc:glibc 2.22 NPTL 2.22 
rlimit: STACK 8192k, CORE 0k, NPROC 13527, NOFILE 4096, AS infinity
load average:0.79 0.58 0.55

/proc/meminfo:
MemTotal:        3534552 kB
MemFree:           32996 kB
MemAvailable:     562232 kB
Buffers:          102336 kB
Cached:           395080 kB
SwapCached:          208 kB
Active:          2337756 kB
Inactive:         982772 kB
Active(anon):    2089540 kB
Inactive(anon):   738120 kB
Active(file):     248216 kB
Inactive(file):   244652 kB
Unevictable:           0 kB
Mlocked:               0 kB
SwapTotal:       4194300 kB
SwapFree:        4184568 kB
Dirty:               264 kB
Writeback:             0 kB
AnonPages:       2822732 kB
Mapped:           232124 kB
Shmem:              4752 kB
Slab:              82504 kB
SReclaimable:      64124 kB
SUnreclaim:        18380 kB
KernelStack:        5376 kB
PageTables:        20156 kB
NFS_Unstable:          0 kB
Bounce:                0 kB
WritebackTmp:          0 kB
CommitLimit:     5961576 kB
Committed_AS:    3448364 kB
VmallocTotal:   34359738367 kB
VmallocUsed:      309724 kB
VmallocChunk:   34358947836 kB
HardwareCorrupted:     0 kB
AnonHugePages:   1685504 kB
HugePages_Total:       0
HugePages_Free:        0
HugePages_Rsvd:        0
HugePages_Surp:        0
Hugepagesize:       2048 kB
DirectMap4k:       76672 kB
DirectMap2M:     2543616 kB
DirectMap1G:     1048576 kB


CPU:total 3 (3 cores per cpu, 1 threads per core) family 16 model 5 stepping 2, cmov, cx8, fxsr, mmx, sse, sse2, sse3, popcnt, mmxext, 3dnowpref, lzcnt, sse4a, tsc, tscinvbit, tscinv

/proc/cpuinfo:
processor	: 0
vendor_id	: AuthenticAMD
cpu family	: 16
model		: 5
model name	: AMD Athlon(tm) II X3 440 Processor
stepping	: 2
microcode	: 0x10000db
cpu MHz		: 2300.000
cache size	: 512 KB
physical id	: 0
siblings	: 3
core id		: 0
cpu cores	: 3
apicid		: 0
initial apicid	: 0
fpu		: yes
fpu_exception	: yes
cpuid level	: 5
wp		: yes
flags		: fpu vme de pse tsc msr pae mce cx8 apic sep mtrr pge mca cmov pat pse36 clflush mmx fxsr sse sse2 ht syscall nx mmxext fxsr_opt pdpe1gb rdtscp lm 3dnowext 3dnow constant_tsc rep_good nopl nonstop_tsc extd_apicid pni monitor cx16 popcnt lahf_lm cmp_legacy svm extapic cr8_legacy abm sse4a misalignsse 3dnowprefetch osvw ibs skinit wdt hw_pstate npt lbrv svm_lock nrip_save vmmcall
bugs		: tlb_mmatch fxsave_leak sysret_ss_attrs
bogomips	: 6092.77
TLB size	: 1024 4K pages
clflush size	: 64
cache_alignment	: 64
address sizes	: 48 bits physical, 48 bits virtual
power management: ts ttp tm stc 100mhzsteps hwpstate

processor	: 1
vendor_id	: AuthenticAMD
cpu family	: 16
model		: 5
model name	: AMD Athlon(tm) II X3 440 Processor
stepping	: 2
microcode	: 0x10000db
cpu MHz		: 2900.000
cache size	: 512 KB
physical id	: 0
siblings	: 3
core id		: 1
cpu cores	: 3
apicid		: 1
initial apicid	: 1
fpu		: yes
fpu_exception	: yes
cpuid level	: 5
wp		: yes
flags		: fpu vme de pse tsc msr pae mce cx8 apic sep mtrr pge mca cmov pat pse36 clflush mmx fxsr sse sse2 ht syscall nx mmxext fxsr_opt pdpe1gb rdtscp lm 3dnowext 3dnow constant_tsc rep_good nopl nonstop_tsc extd_apicid pni monitor cx16 popcnt lahf_lm cmp_legacy svm extapic cr8_legacy abm sse4a misalignsse 3dnowprefetch osvw ibs skinit wdt hw_pstate npt lbrv svm_lock nrip_save vmmcall
bugs		: tlb_mmatch fxsave_leak sysret_ss_attrs
bogomips	: 6092.77
TLB size	: 1024 4K pages
clflush size	: 64
cache_alignment	: 64
address sizes	: 48 bits physical, 48 bits virtual
power management: ts ttp tm stc 100mhzsteps hwpstate

processor	: 2
vendor_id	: AuthenticAMD
cpu family	: 16
model		: 5
model name	: AMD Athlon(tm) II X3 440 Processor
stepping	: 2
microcode	: 0x10000db
cpu MHz		: 2300.000
cache size	: 512 KB
physical id	: 0
siblings	: 3
core id		: 2
cpu cores	: 3
apicid		: 2
initial apicid	: 2
fpu		: yes
fpu_exception	: yes
cpuid level	: 5
wp		: yes
flags		: fpu vme de pse tsc msr pae mce cx8 apic sep mtrr pge mca cmov pat pse36 clflush mmx fxsr sse sse2 ht syscall nx mmxext fxsr_opt pdpe1gb rdtscp lm 3dnowext 3dnow constant_tsc rep_good nopl nonstop_tsc extd_apicid pni monitor cx16 popcnt lahf_lm cmp_legacy svm extapic cr8_legacy abm sse4a misalignsse 3dnowprefetch osvw ibs skinit wdt hw_pstate npt lbrv svm_lock nrip_save vmmcall
bugs		: tlb_mmatch fxsave_leak sysret_ss_attrs
bogomips	: 6092.77
TLB size	: 1024 4K pages
clflush size	: 64
cache_alignment	: 64
address sizes	: 48 bits physical, 48 bits virtual
power management: ts ttp tm stc 100mhzsteps hwpstate



Memory: 4k page, physical 3534552k(32996k free), swap 4194300k(4184568k free)

vm_info: Java HotSpot(TM) 64-Bit Server VM (25.51-b03) for linux-amd64 JRE (1.8.0_51-b16), built on Jun  8 2015 19:28:07 by "java_re" with gcc 4.3.0 20080428 (Red Hat 4.3.0-8)

time: Sat Sep 19 04:16:22 2015
elapsed time: 9 seconds (0d 0h 0m 9s)

