#
# A fatal error has been detected by the Java Runtime Environment:
#
#  SIGSEGV (0xb) at pc=0x00007f889f9a9f48, pid=5722, tid=140223321593600
#
# JRE version: Java(TM) SE Runtime Environment (8.0_51-b16) (build 1.8.0_51-b16)
# Java VM: Java HotSpot(TM) 64-Bit Server VM (25.51-b03 mixed mode linux-amd64 compressed oops)
# Problematic frame:
# V  [libjvm.so+0x6c3f48]  jni_invoke_nonstatic(JNIEnv_*, JavaValue*, _jobject*, JNICallType, _jmethodID*, JNI_ArgumentPusher*, Thread*)+0x38
#
# Failed to write core dump. Core dumps have been disabled. To enable core dumping, try "ulimit -c unlimited" before starting Java again
#
# If you would like to submit a bug report, please visit:
#   http://bugreport.java.com/bugreport/crash.jsp
#

---------------  T H R E A D  ---------------

Current thread (0x00007f8898217800):  JavaThread "JavaFX Application Thread" [_thread_in_vm, id=5743, stack(0x00007f884935d000,0x00007f884945e000)]

siginfo: si_signo: 11 (SIGSEGV), si_code: 1 (SEGV_MAPERR), si_addr: 0xffffffffffffffff

Registers:
RAX=0x00007f884945c130, RBX=0x00007f884945c040, RCX=0x0000000000000001, RDX=0xffffffffffffffff
RSP=0x00007f884945be90, RBP=0x00007f884945c010, RSI=0x00007f884945c0a0, RDI=0x00007f88982179f8
R8 =0x00007f88981d33c8, R9 =0x00007f884945c040, R10=0x0000000000000006, R11=0x00007f88893c8920
R12=0x00007f8898217800, R13=0x00007f88981d33c8, R14=0x0000000000000001, R15=0x00007f88982179f8
RIP=0x00007f889f9a9f48, EFLAGS=0x0000000000010286, CSGSFS=0x002b000000000033, ERR=0x0000000000000005
  TRAPNO=0x000000000000000e

Top of Stack: (sp=0x00007f884945be90)
0x00007f884945be90:   00007f884945c540 00007f8889013768
0x00007f884945bea0:   00007f884945bef0 00007f884945bf70
0x00007f884945beb0:   00007f884945c040 00007f884945c0a0
0x00007f884945bec0:   00007f88982179f8 00007f889f9c97e0
0x00007f884945bed0:   00007f886804d780 00007f886804d790
0x00007f884945bee0:   00007f886804db68 00000000000003d8
0x00007f884945bef0:   00007f8888b39720 00000000efe104c8
0x00007f884945bf00:   00007f880000006f 000000000000000a
0x00007f884945bf10:   00000000ee847760 00007f8800000000
0x00007f884945bf20:   00007f8888bd9cb0 00007f8898217800
0x00007f884945bf30:   000000000000000f 0000000100000100
0x00007f884945bf40:   00007f8888b39720 00007f884945bef8
0x00007f884945bf50:   00007f884945bf39 0000000800000005
0x00007f884945bf60:   00007f8888b39700 00007f8898217800
0x00007f884945bf70:   00007f88a0226530 00007f88a0cee470
0x00007f884945bf80:   00000000efe10520 00007f8888b39720
0x00007f884945bf90:   0000000000000000 00007f8898217800
0x00007f884945bfa0:   00007f8888b43680 00007f8898217800
0x00007f884945bfb0:   00007f8888b43680 00007f8898217800
0x00007f884945bfc0:   00007f884945c010 00007f8888b43680
0x00007f884945bfd0:   00007f8888b43680 00007f8888b43680
0x00007f884945bfe0:   00007f88982179f8 00007f884945c040
0x00007f884945bff0:   00007f8898217800 00007f884945c080
0x00007f884945c000:   00007f88981d33c8 00007f88982179f8
0x00007f884945c010:   00007f884945c100 00007f889f9ae6ef
0x00007f884945c020:   00007f8898217800 00000000000000e8
0x00007f884945c030:   00007f884945c110 ffffffffffffffff
0x00007f884945c040:   00007f88a0227190 00007f88a0cee470
0x00007f884945c050:   0000000000000006 00007f8800000063
0x00007f884945c060:   0000000000000000 0000003000000018
0x00007f884945c070:   00007f884945c1f0 00007f884945c130
0x00007f884945c080:   00007f8898217800 0000000000000000 

Instructions: (pc=0x00007f889f9a9f48)
0x00007f889f9a9f28:   00 00 48 85 d2 48 89 bd b0 fe ff ff 48 89 b5 a8
0x00007f889f9a9f38:   fe ff ff 4c 89 8d a0 fe ff ff 0f 84 10 09 00 00
0x00007f889f9a9f48:   4c 8b 22 4d 85 e4 0f 84 04 09 00 00 48 8b 45 10
0x00007f889f9a9f58:   48 8b 98 38 01 00 00 48 83 7b 18 f7 0f 87 06 06 

Register to memory mapping:

RAX=0x00007f884945c130 is pointing into the stack for thread: 0x00007f8898217800
RBX=0x00007f884945c040 is pointing into the stack for thread: 0x00007f8898217800
RCX=0x0000000000000001 is an unknown value
RDX=0xffffffffffffffff is an unknown value
RSP=0x00007f884945be90 is pointing into the stack for thread: 0x00007f8898217800
RBP=0x00007f884945c010 is pointing into the stack for thread: 0x00007f8898217800
RSI=0x00007f884945c0a0 is pointing into the stack for thread: 0x00007f8898217800
RDI=0x00007f88982179f8 is an unknown value
R8 =0x00007f88981d33c8 is an unknown value
R9 =0x00007f884945c040 is pointing into the stack for thread: 0x00007f8898217800
R10=0x0000000000000006 is an unknown value
R11=0x00007f88893c8920 is at entry_point+32 in (nmethod*)0x00007f88893c8790
R12=0x00007f8898217800 is a thread
R13=0x00007f88981d33c8 is an unknown value
R14=0x0000000000000001 is an unknown value
R15=0x00007f88982179f8 is an unknown value


Stack: [0x00007f884935d000,0x00007f884945e000],  sp=0x00007f884945be90,  free space=1019k
Native frames: (J=compiled Java code, j=interpreted, Vv=VM code, C=native code)
V  [libjvm.so+0x6c3f48]  jni_invoke_nonstatic(JNIEnv_*, JavaValue*, _jobject*, JNICallType, _jmethodID*, JNI_ArgumentPusher*, Thread*)+0x38
V  [libjvm.so+0x6c86ef]  jni_CallVoidMethodV+0x10f
C  [libglass.so+0x1b798]  JNIEnv_::CallVoidMethod(_jobject*, _jmethodID*, ...)+0x98
C  [libglass.so+0x19355]  WindowContextBase::process_key(_GdkEventKey*)+0x225
C  [libglass.so+0x22bf0]  WindowContextBase::im_filter_keypress(_GdkEventKey*)+0x1f0
C  [libglass.so+0x254d4]  process_events(_GdkEvent*, void*)+0x204
C  [libgdk-x11-2.0.so.0+0x5b2cc]

Java frames: (J=compiled Java code, j=interpreted, Vv=VM code)
j  com.sun.glass.ui.gtk.GtkApplication._runLoop(Ljava/lang/Runnable;Z)V+0
j  com.sun.glass.ui.gtk.GtkApplication.lambda$null$48(Ljava/lang/Runnable;Z)V+7
j  com.sun.glass.ui.gtk.GtkApplication$$Lambda$41.run()V+12
j  java.lang.Thread.run()V+11
v  ~StubRoutines::call_stub

---------------  P R O C E S S  ---------------

Java Threads: ( => current thread )
  0x00007f883c4de800 JavaThread "Prism Font Disposer" daemon [_thread_blocked, id=5746, stack(0x00007f883b78c000,0x00007f883b88d000)]
  0x00007f883c21e000 JavaThread "Abandoned connection cleanup thread" daemon [_thread_blocked, id=5745, stack(0x00007f8848ce0000,0x00007f8848de1000)]
  0x00007f889821b000 JavaThread "JavaFX-Launcher" [_thread_blocked, id=5744, stack(0x00007f884925c000,0x00007f884935d000)]
=>0x00007f8898217800 JavaThread "JavaFX Application Thread" [_thread_in_vm, id=5743, stack(0x00007f884935d000,0x00007f884945e000)]
  0x00007f8898213800 JavaThread "Thread-1" daemon [_thread_blocked, id=5742, stack(0x00007f88780a4000,0x00007f88781a5000)]
  0x00007f88981bb000 JavaThread "QuantumRenderer-0" daemon [_thread_blocked, id=5740, stack(0x00007f887accc000,0x00007f887adcd000)]
  0x00007f88980bd000 JavaThread "Service Thread" daemon [_thread_blocked, id=5738, stack(0x00007f887af63000,0x00007f887b064000)]
  0x00007f88980b8800 JavaThread "C1 CompilerThread1" daemon [_thread_blocked, id=5737, stack(0x00007f887b064000,0x00007f887b165000)]
  0x00007f88980b5800 JavaThread "C2 CompilerThread0" daemon [_thread_in_native, id=5736, stack(0x00007f887b165000,0x00007f887b266000)]
  0x00007f88980b4000 JavaThread "Signal Dispatcher" daemon [_thread_blocked, id=5735, stack(0x00007f887b266000,0x00007f887b367000)]
  0x00007f889807c000 JavaThread "Finalizer" daemon [_thread_blocked, id=5734, stack(0x00007f887b4f5000,0x00007f887b5f6000)]
  0x00007f889807a000 JavaThread "Reference Handler" daemon [_thread_blocked, id=5733, stack(0x00007f887b5f6000,0x00007f887b6f7000)]
  0x00007f8898009800 JavaThread "main" [_thread_blocked, id=5724, stack(0x00007f88a0d6b000,0x00007f88a0e6c000)]

Other Threads:
  0x00007f8898075000 VMThread [stack: 0x00007f887b6f7000,0x00007f887b7f8000] [id=5732]
  0x00007f88980c0000 WatcherThread [stack: 0x00007f887ae62000,0x00007f887af63000] [id=5739]

VM state:not at safepoint (normal execution)

VM Mutex/Monitor currently owned by a thread: None

Heap:
 PSYoungGen      total 51200K, used 6110K [0x00000000ee000000, 0x00000000f1c00000, 0x0000000100000000)
  eden space 49152K, 8% used [0x00000000ee000000,0x00000000ee3fbb80,0x00000000f1000000)
  from space 2048K, 99% used [0x00000000f1a00000,0x00000000f1bfc040,0x00000000f1c00000)
  to   space 2048K, 0% used [0x00000000f1800000,0x00000000f1800000,0x00000000f1a00000)
 ParOldGen       total 30720K, used 9502K [0x00000000ca000000, 0x00000000cbe00000, 0x00000000ee000000)
  object space 30720K, 30% used [0x00000000ca000000,0x00000000ca9479e8,0x00000000cbe00000)
 Metaspace       used 24093K, capacity 25688K, committed 25856K, reserved 1071104K
  class space    used 3429K, capacity 3729K, committed 3840K, reserved 1048576K

Card table byte_map: [0x00007f889e007000,0x00007f889e1b8000] byte_map_base: 0x00007f889d9b7000

Marking Bits: (ParMarkBitMap*) 0x00007f88a0284660
 Begin Bits: [0x00007f889c0e4000, 0x00007f889ce64000)
 End Bits:   [0x00007f889ce64000, 0x00007f889dbe4000)

Polling page: 0x00007f88a0ea9000

CodeCache: size=245760Kb used=8168Kb max_used=8168Kb free=237591Kb
 bounds [0x00007f8889000000, 0x00007f8889800000, 0x00007f8898000000]
 total_blobs=3516 nmethods=2786 adapters=644
 compilation: enabled

Compilation events (10 events):
Event: 9.027 Thread 0x00007f88980b8800 2794       2       javafx.scene.text.Text::getFont (24 bytes)
Event: 9.028 Thread 0x00007f88980b8800 nmethod 2794 0x00007f88897fc0d0 code [0x00007f88897fc2c0, 0x00007f88897fc7a8]
Event: 9.028 Thread 0x00007f88980b8800 2795       2       com.sun.javafx.scene.control.skin.LabeledSkinBase::leftLabelPadding (18 bytes)
Event: 9.028 Thread 0x00007f88980b8800 nmethod 2795 0x00007f88897fca50 code [0x00007f88897fcc00, 0x00007f88897fce78]
Event: 9.028 Thread 0x00007f88980b8800 2793       2       javafx.scene.control.Labeled::getText (20 bytes)
Event: 9.028 Thread 0x00007f88980b8800 nmethod 2793 0x00007f88897fd050 code [0x00007f88897fd1c0, 0x00007f88897fd3a8]
Event: 9.028 Thread 0x00007f88980b8800 2792       1       javafx.scene.layout.Region::isResizable (2 bytes)
Event: 9.028 Thread 0x00007f88980b8800 nmethod 2792 0x00007f88897fd490 code [0x00007f88897fd5e0, 0x00007f88897fd6f0]
Event: 9.028 Thread 0x00007f88980b8800 2791       1       javafx.scene.shape.Path::access$100 (5 bytes)
Event: 9.029 Thread 0x00007f88980b8800 nmethod 2791 0x00007f88897fd750 code [0x00007f88897fd8a0, 0x00007f88897fd990]

GC Heap History (10 events):
Event: 0.772 GC heap before
{Heap before GC invocations=1 (full 0):
 PSYoungGen      total 16384K, used 14336K [0x00000000ee000000, 0x00000000ef200000, 0x0000000100000000)
  eden space 14336K, 100% used [0x00000000ee000000,0x00000000eee00000,0x00000000eee00000)
  from space 2048K, 0% used [0x00000000ef000000,0x00000000ef000000,0x00000000ef200000)
  to   space 2048K, 0% used [0x00000000eee00000,0x00000000eee00000,0x00000000ef000000)
 ParOldGen       total 36864K, used 0K [0x00000000ca000000, 0x00000000cc400000, 0x00000000ee000000)
  object space 36864K, 0% used [0x00000000ca000000,0x00000000ca000000,0x00000000cc400000)
 Metaspace       used 9458K, capacity 9764K, committed 9984K, reserved 1058816K
  class space    used 1126K, capacity 1234K, committed 1280K, reserved 1048576K
Event: 0.788 GC heap after
Heap after GC invocations=1 (full 0):
 PSYoungGen      total 16384K, used 2016K [0x00000000ee000000, 0x00000000f0000000, 0x0000000100000000)
  eden space 14336K, 0% used [0x00000000ee000000,0x00000000ee000000,0x00000000eee00000)
  from space 2048K, 98% used [0x00000000eee00000,0x00000000eeff8020,0x00000000ef000000)
  to   space 2048K, 0% used [0x00000000efe00000,0x00000000efe00000,0x00000000f0000000)
 ParOldGen       total 36864K, used 733K [0x00000000ca000000, 0x00000000cc400000, 0x00000000ee000000)
  object space 36864K, 1% used [0x00000000ca000000,0x00000000ca0b7550,0x00000000cc400000)
 Metaspace       used 9458K, capacity 9764K, committed 9984K, reserved 1058816K
  class space    used 1126K, capacity 1234K, committed 1280K, reserved 1048576K
}
Event: 1.453 GC heap before
{Heap before GC invocations=2 (full 0):
 PSYoungGen      total 16384K, used 16352K [0x00000000ee000000, 0x00000000f0000000, 0x0000000100000000)
  eden space 14336K, 100% used [0x00000000ee000000,0x00000000eee00000,0x00000000eee00000)
  from space 2048K, 98% used [0x00000000eee00000,0x00000000eeff8020,0x00000000ef000000)
  to   space 2048K, 0% used [0x00000000efe00000,0x00000000efe00000,0x00000000f0000000)
 ParOldGen       total 36864K, used 733K [0x00000000ca000000, 0x00000000cc400000, 0x00000000ee000000)
  object space 36864K, 1% used [0x00000000ca000000,0x00000000ca0b7550,0x00000000cc400000)
 Metaspace       used 15155K, capacity 15662K, committed 15872K, reserved 1062912K
  class space    used 2012K, capacity 2180K, committed 2304K, reserved 1048576K
Event: 1.462 GC heap after
Heap after GC invocations=2 (full 0):
 PSYoungGen      total 30720K, used 2016K [0x00000000ee000000, 0x00000000f0000000, 0x0000000100000000)
  eden space 28672K, 0% used [0x00000000ee000000,0x00000000ee000000,0x00000000efc00000)
  from space 2048K, 98% used [0x00000000efe00000,0x00000000efff8040,0x00000000f0000000)
  to   space 2048K, 0% used [0x00000000efc00000,0x00000000efc00000,0x00000000efe00000)
 ParOldGen       total 36864K, used 3073K [0x00000000ca000000, 0x00000000cc400000, 0x00000000ee000000)
  object space 36864K, 8% used [0x00000000ca000000,0x00000000ca300458,0x00000000cc400000)
 Metaspace       used 15155K, capacity 15662K, committed 15872K, reserved 1062912K
  class space    used 2012K, capacity 2180K, committed 2304K, reserved 1048576K
}
Event: 7.843 GC heap before
{Heap before GC invocations=3 (full 0):
 PSYoungGen      total 30720K, used 17506K [0x00000000ee000000, 0x00000000f0000000, 0x0000000100000000)
  eden space 28672K, 54% used [0x00000000ee000000,0x00000000eef20968,0x00000000efc00000)
  from space 2048K, 98% used [0x00000000efe00000,0x00000000efff8040,0x00000000f0000000)
  to   space 2048K, 0% used [0x00000000efc00000,0x00000000efc00000,0x00000000efe00000)
 ParOldGen       total 36864K, used 3073K [0x00000000ca000000, 0x00000000cc400000, 0x00000000ee000000)
  object space 36864K, 8% used [0x00000000ca000000,0x00000000ca300458,0x00000000cc400000)
 Metaspace       used 20438K, capacity 21164K, committed 21248K, reserved 1067008K
  class space    used 2805K, capacity 3005K, committed 3072K, reserved 1048576K
Event: 7.853 GC heap after
Heap after GC invocations=3 (full 0):
 PSYoungGen      total 30720K, used 2016K [0x00000000ee000000, 0x00000000f1c00000, 0x0000000100000000)
  eden space 28672K, 0% used [0x00000000ee000000,0x00000000ee000000,0x00000000efc00000)
  from space 2048K, 98% used [0x00000000efc00000,0x00000000efdf8010,0x00000000efe00000)
  to   space 2048K, 0% used [0x00000000f1a00000,0x00000000f1a00000,0x00000000f1c00000)
 ParOldGen       total 36864K, used 6113K [0x00000000ca000000, 0x00000000cc400000, 0x00000000ee000000)
  object space 36864K, 16% used [0x00000000ca000000,0x00000000ca5f87b8,0x00000000cc400000)
 Metaspace       used 20438K, capacity 21164K, committed 21248K, reserved 1067008K
  class space    used 2805K, capacity 3005K, committed 3072K, reserved 1048576K
}
Event: 7.853 GC heap before
{Heap before GC invocations=4 (full 1):
 PSYoungGen      total 30720K, used 2016K [0x00000000ee000000, 0x00000000f1c00000, 0x0000000100000000)
  eden space 28672K, 0% used [0x00000000ee000000,0x00000000ee000000,0x00000000efc00000)
  from space 2048K, 98% used [0x00000000efc00000,0x00000000efdf8010,0x00000000efe00000)
  to   space 2048K, 0% used [0x00000000f1a00000,0x00000000f1a00000,0x00000000f1c00000)
 ParOldGen       total 36864K, used 6113K [0x00000000ca000000, 0x00000000cc400000, 0x00000000ee000000)
  object space 36864K, 16% used [0x00000000ca000000,0x00000000ca5f87b8,0x00000000cc400000)
 Metaspace       used 20438K, capacity 21164K, committed 21248K, reserved 1067008K
  class space    used 2805K, capacity 3005K, committed 3072K, reserved 1048576K
Event: 7.899 GC heap after
Heap after GC invocations=4 (full 1):
 PSYoungGen      total 30720K, used 0K [0x00000000ee000000, 0x00000000f1c00000, 0x0000000100000000)
  eden space 28672K, 0% used [0x00000000ee000000,0x00000000ee000000,0x00000000efc00000)
  from space 2048K, 0% used [0x00000000efc00000,0x00000000efc00000,0x00000000efe00000)
  to   space 2048K, 0% used [0x00000000f1a00000,0x00000000f1a00000,0x00000000f1c00000)
 ParOldGen       total 30720K, used 7291K [0x00000000ca000000, 0x00000000cbe00000, 0x00000000ee000000)
  object space 30720K, 23% used [0x00000000ca000000,0x00000000ca71ec70,0x00000000cbe00000)
 Metaspace       used 20438K, capacity 21164K, committed 21248K, reserved 1067008K
  class space    used 2805K, capacity 3005K, committed 3072K, reserved 1048576K
}
Event: 8.874 GC heap before
{Heap before GC invocations=5 (full 1):
 PSYoungGen      total 30720K, used 28672K [0x00000000ee000000, 0x00000000f1c00000, 0x0000000100000000)
  eden space 28672K, 100% used [0x00000000ee000000,0x00000000efc00000,0x00000000efc00000)
  from space 2048K, 0% used [0x00000000efc00000,0x00000000efc00000,0x00000000efe00000)
  to   space 2048K, 0% used [0x00000000f1a00000,0x00000000f1a00000,0x00000000f1c00000)
 ParOldGen       total 30720K, used 7291K [0x00000000ca000000, 0x00000000cbe00000, 0x00000000ee000000)
  object space 30720K, 23% used [0x00000000ca000000,0x00000000ca71ec70,0x00000000cbe00000)
 Metaspace       used 24006K, capacity 25624K, committed 25856K, reserved 1071104K
  class space    used 3428K, capacity 3729K, committed 3840K, reserved 1048576K
Event: 8.897 GC heap after
Heap after GC invocations=5 (full 1):
 PSYoungGen      total 51200K, used 2032K [0x00000000ee000000, 0x00000000f1c00000, 0x0000000100000000)
  eden space 49152K, 0% used [0x00000000ee000000,0x00000000ee000000,0x00000000f1000000)
  from space 2048K, 99% used [0x00000000f1a00000,0x00000000f1bfc040,0x00000000f1c00000)
  to   space 2048K, 0% used [0x00000000f1800000,0x00000000f1800000,0x00000000f1a00000)
 ParOldGen       total 30720K, used 9502K [0x00000000ca000000, 0x00000000cbe00000, 0x00000000ee000000)
  object space 30720K, 30% used [0x00000000ca000000,0x00000000ca9479e8,0x00000000cbe00000)
 Metaspace       used 24006K, capacity 25624K, committed 25856K, reserved 1071104K
  class space    used 3428K, capacity 3729K, committed 3840K, reserved 1048576K
}

Deoptimization events (10 events):
Event: 8.554 Thread 0x00007f8898217800 Uncommon trap: reason=unstable_if action=reinterpret pc=0x00007f888968d724 method=com.sun.javafx.css.BitSet.add(Ljava/lang/Object;)Z @ 91
Event: 8.590 Thread 0x00007f8898217800 Uncommon trap: reason=array_check action=maybe_recompile pc=0x00007f8889713754 method=com.sun.javafx.css.SimpleSelector.applies(Ljavafx/css/Styleable;[Ljava/util/Set;I)Z @ 37
Event: 8.590 Thread 0x00007f8898217800 Uncommon trap: reason=array_check action=maybe_recompile pc=0x00007f8889713754 method=com.sun.javafx.css.SimpleSelector.applies(Ljavafx/css/Styleable;[Ljava/util/Set;I)Z @ 37
Event: 8.590 Thread 0x00007f8898217800 Uncommon trap: reason=array_check action=maybe_recompile pc=0x00007f8889713754 method=com.sun.javafx.css.SimpleSelector.applies(Ljavafx/css/Styleable;[Ljava/util/Set;I)Z @ 37
Event: 8.591 Thread 0x00007f8898217800 Uncommon trap: reason=array_check action=maybe_recompile pc=0x00007f8889713754 method=com.sun.javafx.css.SimpleSelector.applies(Ljavafx/css/Styleable;[Ljava/util/Set;I)Z @ 37
Event: 8.770 Thread 0x00007f8898217800 Uncommon trap: reason=bimorphic action=maybe_recompile pc=0x00007f8889771330 method=com.sun.javafx.css.CompoundSelector.stateMatches(Ljavafx/css/Styleable;Ljava/util/Set;I)Z @ 181
Event: 8.770 Thread 0x00007f8898217800 Uncommon trap: reason=bimorphic action=maybe_recompile pc=0x00007f8889771330 method=com.sun.javafx.css.CompoundSelector.stateMatches(Ljavafx/css/Styleable;Ljava/util/Set;I)Z @ 181
Event: 8.770 Thread 0x00007f8898217800 Uncommon trap: reason=bimorphic action=maybe_recompile pc=0x00007f8889771330 method=com.sun.javafx.css.CompoundSelector.stateMatches(Ljavafx/css/Styleable;Ljava/util/Set;I)Z @ 181
Event: 8.770 Thread 0x00007f8898217800 Uncommon trap: reason=bimorphic action=maybe_recompile pc=0x00007f8889771330 method=com.sun.javafx.css.CompoundSelector.stateMatches(Ljavafx/css/Styleable;Ljava/util/Set;I)Z @ 181
Event: 8.849 Thread 0x00007f8898217800 Uncommon trap: reason=unstable_if action=reinterpret pc=0x00007f888957e13c method=java.util.Date.normalize()Lsun/util/calendar/BaseCalendar$Date; @ 4

Internal exceptions (10 events):
Event: 7.933 Thread 0x00007f8898217800 Exception <a 'java/lang/ArrayIndexOutOfBoundsException'> (0x00000000ee23ffd8) thrown at [/HUDSON/workspace/8-2-build-linux-amd64/jdk8u51/3951/hotspot/src/share/vm/runtime/sharedRuntime.cpp, line 605]
Event: 7.940 Thread 0x00007f8898217800 Exception <a 'java/lang/ArrayIndexOutOfBoundsException'> (0x00000000ee2d58c8) thrown at [/HUDSON/workspace/8-2-build-linux-amd64/jdk8u51/3951/hotspot/src/share/vm/runtime/sharedRuntime.cpp, line 605]
Event: 8.007 Thread 0x00007f8898217800 Exception <a 'java/lang/ArrayIndexOutOfBoundsException'> (0x00000000ee5fbd68) thrown at [/HUDSON/workspace/8-2-build-linux-amd64/jdk8u51/3951/hotspot/src/share/vm/runtime/sharedRuntime.cpp, line 605]
Event: 8.007 Thread 0x00007f8898217800 Exception <a 'java/lang/ArrayIndexOutOfBoundsException'> (0x00000000ee5fccb8) thrown at [/HUDSON/workspace/8-2-build-linux-amd64/jdk8u51/3951/hotspot/src/share/vm/runtime/sharedRuntime.cpp, line 605]
Event: 8.008 Thread 0x00007f8898217800 Exception <a 'java/lang/ArrayIndexOutOfBoundsException'> (0x00000000ee5fe608) thrown at [/HUDSON/workspace/8-2-build-linux-amd64/jdk8u51/3951/hotspot/src/share/vm/runtime/sharedRuntime.cpp, line 605]
Event: 8.027 Thread 0x00007f8898217800 Exception <a 'java/lang/ArrayIndexOutOfBoundsException'> (0x00000000ee79f918) thrown at [/HUDSON/workspace/8-2-build-linux-amd64/jdk8u51/3951/hotspot/src/share/vm/runtime/sharedRuntime.cpp, line 605]
Event: 8.071 Thread 0x00007f8898217800 Exception <a 'java/lang/ArrayIndexOutOfBoundsException'> (0x00000000ee9a5a30) thrown at [/HUDSON/workspace/8-2-build-linux-amd64/jdk8u51/3951/hotspot/src/share/vm/runtime/sharedRuntime.cpp, line 605]
Event: 8.149 Thread 0x00007f8898217800 Exception <a 'java/lang/ArrayIndexOutOfBoundsException': 70> (0x00000000eed01cf0) thrown at [/HUDSON/workspace/8-2-build-linux-amd64/jdk8u51/3951/hotspot/src/share/vm/interpreter/interpreterRuntime.cpp, line 366]
Event: 8.149 Thread 0x00007f8898217800 Exception <a 'java/lang/ArrayIndexOutOfBoundsException': 66> (0x00000000eed03c68) thrown at [/HUDSON/workspace/8-2-build-linux-amd64/jdk8u51/3951/hotspot/src/share/vm/interpreter/interpreterRuntime.cpp, line 366]
Event: 8.849 Thread 0x00007f8898217800 Implicit null exception at 0x00007f888957ce16 to 0x00007f888957e129

Events (10 events):
Event: 8.900 Executing VM operation: RevokeBias
Event: 8.900 Executing VM operation: RevokeBias done
Event: 8.901 Executing VM operation: RevokeBias
Event: 8.901 Executing VM operation: RevokeBias done
Event: 8.901 Executing VM operation: RevokeBias
Event: 8.901 Executing VM operation: RevokeBias done
Event: 8.901 Executing VM operation: RevokeBias
Event: 8.901 Executing VM operation: RevokeBias done
Event: 9.029 Thread 0x00007f8898217800 DEOPT PACKING pc=0x00007f888947a7d4 sp=0x00007f884945a760
Event: 9.029 Thread 0x00007f8898217800 DEOPT UNPACKING pc=0x00007f8889047233 sp=0x00007f884945a4e8 mode 0


Dynamic libraries:
00400000-00401000 r-xp 00000000 08:01 1595747                            /usr/lib/jvm/java-8-jdk/jre/bin/java
00600000-00601000 rw-p 00000000 08:01 1595747                            /usr/lib/jvm/java-8-jdk/jre/bin/java
006e1000-00702000 rw-p 00000000 00:00 0                                  [heap]
ca000000-cbe00000 rw-p 00000000 00:00 0 
cbe00000-ee000000 ---p 00000000 00:00 0 
ee000000-f1c00000 rw-p 00000000 00:00 0 
f1c00000-100000000 ---p 00000000 00:00 0 
100000000-1003c0000 rw-p 00000000 00:00 0 
1003c0000-140000000 ---p 00000000 00:00 0 
7f8830000000-7f8830021000 rw-p 00000000 00:00 0 
7f8830021000-7f8834000000 ---p 00000000 00:00 0 
7f8834000000-7f8834021000 rw-p 00000000 00:00 0 
7f8834021000-7f8838000000 ---p 00000000 00:00 0 
7f883acbd000-7f883ad67000 r--p 00000000 08:01 1351202                    /usr/share/fonts/TTF/DejaVuSans-Bold.ttf
7f883ad67000-7f883aee7000 rw-p 00000000 00:00 0 
7f883aee7000-7f883af67000 ---p 00000000 00:00 0 
7f883af67000-7f883b167000 rw-p 00000000 00:00 0 
7f883b167000-7f883b367000 rw-p 00000000 00:00 0 
7f883b367000-7f883b368000 rw-s 138197000 00:06 3003                      /dev/dri/card0
7f883b368000-7f883b369000 rw-s 138196000 00:06 3003                      /dev/dri/card0
7f883b387000-7f883b38c000 r--s 002f8000 08:01 1586777                    /usr/lib/jvm/java-8-jdk/jre/lib/charsets.jar
7f883b38c000-7f883b48c000 rw-s 11d9bb000 00:06 3003                      /dev/dri/card0
7f883b48c000-7f883b58c000 rw-s 1375cb000 00:06 3003                      /dev/dri/card0
7f883b58c000-7f883b78c000 rw-p 00000000 00:00 0 
7f883b78c000-7f883b78f000 ---p 00000000 00:00 0 
7f883b78f000-7f883b88d000 rw-p 00000000 00:00 0                          [stack:5746]
7f883b88d000-7f883b943000 r--p 00000000 08:01 1351207                    /usr/share/fonts/TTF/DejaVuSans.ttf
7f883b943000-7f883b9ee000 r--p 00000000 08:01 1586820                    /usr/lib/jvm/java-8-jdk/jre/lib/fonts/LucidaSansRegular.ttf
7f883b9ee000-7f883b9f2000 r-xp 00000000 08:01 919479                     /usr/lib/jvm/java-8-jdk/jre/lib/amd64/libjavafx_font_pango.so
7f883b9f2000-7f883bbf1000 ---p 00004000 08:01 919479                     /usr/lib/jvm/java-8-jdk/jre/lib/amd64/libjavafx_font_pango.so
7f883bbf1000-7f883bbf2000 r--p 00003000 08:01 919479                     /usr/lib/jvm/java-8-jdk/jre/lib/amd64/libjavafx_font_pango.so
7f883bbf2000-7f883bbf3000 rw-p 00004000 08:01 919479                     /usr/lib/jvm/java-8-jdk/jre/lib/amd64/libjavafx_font_pango.so
7f883bbf3000-7f883bbff000 r-xp 00000000 08:01 1361463                    /usr/lib/gtk-2.0/2.10.0/engines/libxfce.so
7f883bbff000-7f883bdfe000 ---p 0000c000 08:01 1361463                    /usr/lib/gtk-2.0/2.10.0/engines/libxfce.so
7f883bdfe000-7f883bdff000 r--p 0000b000 08:01 1361463                    /usr/lib/gtk-2.0/2.10.0/engines/libxfce.so
7f883bdff000-7f883be00000 rw-p 0000c000 08:01 1361463                    /usr/lib/gtk-2.0/2.10.0/engines/libxfce.so
7f883be00000-7f883c000000 rw-p 00000000 00:00 0 
7f883c000000-7f883c9a2000 rw-p 00000000 00:00 0 
7f883c9a2000-7f8840000000 ---p 00000000 00:00 0 
7f8840000000-7f8840021000 rw-p 00000000 00:00 0 
7f8840021000-7f8844000000 ---p 00000000 00:00 0 
7f8844000000-7f8844021000 rw-p 00000000 00:00 0 
7f8844021000-7f8848000000 ---p 00000000 00:00 0 
7f8848000000-7f8848003000 rw-p 00000000 00:00 0 
7f8848003000-7f8848004000 rw-s 138178000 00:06 3003                      /dev/dri/card0
7f8848004000-7f8848005000 rw-s 138177000 00:06 3003                      /dev/dri/card0
7f8848005000-7f8848006000 rw-s 138176000 00:06 3003                      /dev/dri/card0
7f8848006000-7f8848007000 rw-s 138175000 00:06 3003                      /dev/dri/card0
7f8848007000-7f8848008000 rw-s 138174000 00:06 3003                      /dev/dri/card0
7f8848008000-7f8848009000 rw-s 13d190000 00:06 3003                      /dev/dri/card0
7f8848009000-7f884800a000 rw-s 13d18f000 00:06 3003                      /dev/dri/card0
7f884800a000-7f884800b000 rw-s 139b96000 00:06 3003                      /dev/dri/card0
7f884800b000-7f884800c000 rw-s 139d7a000 00:06 3003                      /dev/dri/card0
7f884800c000-7f884800d000 rw-s 13d18c000 00:06 3003                      /dev/dri/card0
7f884800d000-7f884800e000 rw-s 13d18b000 00:06 3003                      /dev/dri/card0
7f884800e000-7f884800f000 rw-s 138173000 00:06 3003                      /dev/dri/card0
7f884800f000-7f8848010000 rw-s 138172000 00:06 3003                      /dev/dri/card0
7f8848010000-7f8848011000 rw-s 11dbe7000 00:06 3003                      /dev/dri/card0
7f8848011000-7f8848012000 rw-s 11dbe6000 00:06 3003                      /dev/dri/card0
7f8848012000-7f8848022000 rw-s 11dbd6000 00:06 3003                      /dev/dri/card0
7f8848022000-7f8848023000 rw-s 139cec000 00:06 3003                      /dev/dri/card0
7f8848023000-7f8848024000 rw-s 139ce9000 00:06 3003                      /dev/dri/card0
7f8848024000-7f8848025000 rw-s 139ce8000 00:06 3003                      /dev/dri/card0
7f8848025000-7f8848026000 rw-s 139c01000 00:06 3003                      /dev/dri/card0
7f8848026000-7f8848027000 rw-s 139c00000 00:06 3003                      /dev/dri/card0
7f8848027000-7f8848028000 rw-s 13d188000 00:06 3003                      /dev/dri/card0
7f8848028000-7f8848029000 rw-s 13d187000 00:06 3003                      /dev/dri/card0
7f8848029000-7f884802b000 rw-s 139b97000 00:06 3003                      /dev/dri/card0
7f884802b000-7f884802c000 rw-s 139b95000 00:06 3003                      /dev/dri/card0
7f884802c000-7f884802d000 rw-s 139b94000 00:06 3003                      /dev/dri/card0
7f884802d000-7f884802e000 rw-s 139b93000 00:06 3003                      /dev/dri/card0
7f884802e000-7f884803e000 rw-s 139b83000 00:06 3003                      /dev/dri/card0
7f884803e000-7f8848040000 rw-s 139b81000 00:06 3003                      /dev/dri/card0
7f8848040000-7f8848041000 rw-s 11dabc000 00:06 3003                      /dev/dri/card0
7f8848041000-7f8848042000 rw-s 11dabb000 00:06 3003                      /dev/dri/card0
7f8848042000-7f8848043000 rw-s 11d9ba000 00:06 3003                      /dev/dri/card0
7f8848043000-7f8848056000 r--s 00344000 08:01 1586764                    /usr/lib/jvm/java-8-jdk/jre/lib/resources.jar
7f8848056000-7f88480a4000 r--p 00000000 08:01 1586817                    /usr/lib/jvm/java-8-jdk/jre/lib/fonts/LucidaSansDemiBold.ttf
7f88480a4000-7f88480de000 r--p 00000000 08:01 1586821                    /usr/lib/jvm/java-8-jdk/jre/lib/fonts/LucidaTypewriterBold.ttf
7f88480de000-7f88480f1000 r--p 00000000 08:01 1586819                    /usr/lib/jvm/java-8-jdk/jre/lib/fonts/LucidaBrightDemiItalic.ttf
7f88480f1000-7f8848104000 r--p 00000000 08:01 1586818                    /usr/lib/jvm/java-8-jdk/jre/lib/fonts/LucidaBrightDemiBold.ttf
7f8848104000-7f8848140000 r--p 00000000 08:01 1586824                    /usr/lib/jvm/java-8-jdk/jre/lib/fonts/LucidaTypewriterRegular.ttf
7f8848140000-7f8848154000 r--p 00000000 08:01 1586823                    /usr/lib/jvm/java-8-jdk/jre/lib/fonts/LucidaBrightItalic.ttf
7f8848154000-7f88481a9000 r--p 00000000 08:01 1586822                    /usr/lib/jvm/java-8-jdk/jre/lib/fonts/LucidaBrightRegular.ttf
7f88481a9000-7f88481ae000 r--s 00083000 08:01 1586770                    /usr/lib/jvm/java-8-jdk/jre/lib/jfr.jar
7f88481ae000-7f88481c7000 r--s 00000000 08:01 1840225                    /var/cache/fontconfig/8d4af663993b81a124ee82e610bb31f9-le64.cache-4
7f88481c7000-7f88481d1000 r--s 00000000 08:01 1855466                    /var/cache/fontconfig/d62e99ef547d1d24cdb1bd22ec1a2976-le64.cache-4
7f88481d1000-7f88481e5000 r--s 00000000 08:01 1854812                    /var/cache/fontconfig/f6b893a7224233d96cb72fd88691c0b4-le64.cache-4
7f88481e5000-7f88481ee000 r--s 00000000 08:01 1844600                    /var/cache/fontconfig/f349e9996a5320f6dd491cedd2b1f964-le64.cache-4
7f88481ee000-7f88481f3000 r-xp 00000000 08:01 919551                     /usr/lib/jvm/java-8-jdk/jre/lib/amd64/libjavafx_font_freetype.so
7f88481f3000-7f88483f2000 ---p 00005000 08:01 919551                     /usr/lib/jvm/java-8-jdk/jre/lib/amd64/libjavafx_font_freetype.so
7f88483f2000-7f88483f3000 r--p 00004000 08:01 919551                     /usr/lib/jvm/java-8-jdk/jre/lib/amd64/libjavafx_font_freetype.so
7f88483f3000-7f88483f4000 rw-p 00005000 08:01 919551                     /usr/lib/jvm/java-8-jdk/jre/lib/amd64/libjavafx_font_freetype.so
7f88483f4000-7f88483f7000 r-xp 00000000 08:01 919547                     /usr/lib/jvm/java-8-jdk/jre/lib/amd64/libjavafx_font.so
7f88483f7000-7f88485f6000 ---p 00003000 08:01 919547                     /usr/lib/jvm/java-8-jdk/jre/lib/amd64/libjavafx_font.so
7f88485f6000-7f88485f7000 r--p 00002000 08:01 919547                     /usr/lib/jvm/java-8-jdk/jre/lib/amd64/libjavafx_font.so
7f88485f7000-7f88485f8000 rw-p 00003000 08:01 919547                     /usr/lib/jvm/java-8-jdk/jre/lib/amd64/libjavafx_font.so
7f88485f8000-7f88487f8000 rw-p 00000000 00:00 0 
7f88487f8000-7f88489f8000 rw-p 00000000 00:00 0 
7f88489f8000-7f8848ab1000 r-xp 00000000 00:1f 146920                     /tmp/sqlite-3.8.11.1-98c3c178-bdde-4ea4-b5fc-b03c5bc357fe-libsqlitejdbc.so
7f8848ab1000-7f8848cb1000 ---p 000b9000 00:1f 146920                     /tmp/sqlite-3.8.11.1-98c3c178-bdde-4ea4-b5fc-b03c5bc357fe-libsqlitejdbc.so
7f8848cb1000-7f8848cb6000 rw-p 000b9000 00:1f 146920                     /tmp/sqlite-3.8.11.1-98c3c178-bdde-4ea4-b5fc-b03c5bc357fe-libsqlitejdbc.so
7f8848cb6000-7f8848cba000 r--s 00095000 08:01 1586768                    /usr/lib/jvm/java-8-jdk/jre/lib/jsse.jar
7f8848cba000-7f8848cd6000 r--s 00393000 08:01 1721261                    /usr/lib/jvm/java-8-jdk/jre/lib/ext/cldrdata.jar
7f8848cd6000-7f8848ce0000 r--s 00116000 08:01 1721273                    /usr/lib/jvm/java-8-jdk/jre/lib/ext/localedata.jar
7f8848ce0000-7f8848ce3000 ---p 00000000 00:00 0 
7f8848ce3000-7f8848de1000 rw-p 00000000 00:00 0                          [stack:5745]
7f8848de1000-7f8848df7000 r-xp 00000000 08:01 919507                     /usr/lib/jvm/java-8-jdk/jre/lib/amd64/libnet.so
7f8848df7000-7f8848ff7000 ---p 00016000 08:01 919507                     /usr/lib/jvm/java-8-jdk/jre/lib/amd64/libnet.so
7f8848ff7000-7f8848ff8000 rw-p 00016000 08:01 919507                     /usr/lib/jvm/java-8-jdk/jre/lib/amd64/libnet.so
7f8848ff8000-7f8849009000 r-xp 00000000 08:01 919474                     /usr/lib/jvm/java-8-jdk/jre/lib/amd64/libnio.so
7f8849009000-7f8849208000 ---p 00011000 08:01 919474                     /usr/lib/jvm/java-8-jdk/jre/lib/amd64/libnio.so
7f8849208000-7f8849209000 rw-p 00010000 08:01 919474                     /usr/lib/jvm/java-8-jdk/jre/lib/amd64/libnio.so
7f8849209000-7f884920e000 r--s 004ef000 08:04 7085425                    /home/morrisseymarr/.m2/repository/org/xerial/sqlite-jdbc/3.8.11.1/sqlite-jdbc-3.8.11.1.jar
7f884920e000-7f884922c000 r--s 00110000 08:04 18352124                   /home/morrisseymarr/.m2/repository/org/mockito/mockito-all/1.10.19/mockito-all-1.10.19.jar
7f884922c000-7f8849236000 r--s 000e4000 08:04 18351496                   /home/morrisseymarr/.m2/repository/mysql/mysql-connector-java/5.1.36/mysql-connector-java-5.1.36.jar
7f8849236000-7f8849238000 r--s 00009000 08:04 6422650                    /home/morrisseymarr/.m2/repository/org/hamcrest/hamcrest-core/1.3/hamcrest-core-1.3.jar
7f8849238000-7f8849240000 r--s 00045000 08:04 7342260                    /home/morrisseymarr/.m2/repository/junit/junit/4.12/junit-4.12.jar
7f8849240000-7f8849242000 r--s 0000d000 08:04 7211995                    /home/morrisseymarr/.m2/repository/org/javalite/javalite-common/1.4.11/javalite-common-1.4.11.jar
7f8849242000-7f8849246000 r--s 00027000 08:04 6688900                    /home/morrisseymarr/.m2/repository/org/javalite/activejdbc/1.4.11/activejdbc-1.4.11.jar
7f8849246000-7f884924b000 r--s 0003a000 08:04 10617489                   /home/morrisseymarr/.m2/repository/net/sf/barcode4j/barcode4j/2.0/barcode4j-2.0.jar
7f884924b000-7f884925c000 r--s 000d2000 08:04 18219302                   /home/morrisseymarr/.m2/repository/com/fasterxml/jackson/core/jackson-databind/2.1.4/jackson-databind-2.1.4.jar
7f884925c000-7f884925f000 ---p 00000000 00:00 0 
7f884925f000-7f884935d000 rw-p 00000000 00:00 0                          [stack:5744]
7f884935d000-7f8849360000 ---p 00000000 00:00 0 
7f8849360000-7f884945e000 rw-p 00000000 00:00 0                          [stack:5743]
7f884945e000-7f8849489000 r-xp 00000000 08:01 919542                     /usr/lib/jvm/java-8-jdk/jre/lib/amd64/libglass.so
7f8849489000-7f8849688000 ---p 0002b000 08:01 919542                     /usr/lib/jvm/java-8-jdk/jre/lib/amd64/libglass.so
7f8849688000-7f884968a000 r--p 0002a000 08:01 919542                     /usr/lib/jvm/java-8-jdk/jre/lib/amd64/libglass.so
7f884968a000-7f884968b000 rw-p 0002c000 08:01 919542                     /usr/lib/jvm/java-8-jdk/jre/lib/amd64/libglass.so
7f884968b000-7f884968c000 rw-p 00000000 00:00 0 
7f884968c000-7f8849690000 r-xp 00000000 08:01 1355554                    /usr/lib/libtxc_dxtn.so
7f8849690000-7f884988f000 ---p 00004000 08:01 1355554                    /usr/lib/libtxc_dxtn.so
7f884988f000-7f8849890000 r--p 00003000 08:01 1355554                    /usr/lib/libtxc_dxtn.so
7f8849890000-7f8849891000 rw-p 00004000 08:01 1355554                    /usr/lib/libtxc_dxtn.so
7f8849891000-7f8849892000 ---p 00000000 00:00 0 
7f8849892000-7f884a092000 rw-p 00000000 00:00 0                          [stack:5741]
7f884a092000-7f884a0f1000 r-xp 00000000 08:01 1314308                    /usr/lib/libncursesw.so.5.9
7f884a0f1000-7f884a2f1000 ---p 0005f000 08:01 1314308                    /usr/lib/libncursesw.so.5.9
7f884a2f1000-7f884a2f5000 r--p 0005f000 08:01 1314308                    /usr/lib/libncursesw.so.5.9
7f884a2f5000-7f884a2f7000 rw-p 00063000 08:01 1314308                    /usr/lib/libncursesw.so.5.9
7f884a2f7000-7f884a32d000 r-xp 00000000 08:01 1361817                    /usr/lib/libedit.so.0.0.53
7f884a32d000-7f884a52d000 ---p 00036000 08:01 1361817                    /usr/lib/libedit.so.0.0.53
7f884a52d000-7f884a52f000 r--p 00036000 08:01 1361817                    /usr/lib/libedit.so.0.0.53
7f884a52f000-7f884a530000 rw-p 00038000 08:01 1361817                    /usr/lib/libedit.so.0.0.53
7f884a530000-7f884a534000 rw-p 00000000 00:00 0 
7f884a534000-7f884c277000 r-xp 00000000 08:01 1364220                    /usr/lib/libLLVM-3.6.so
7f884c277000-7f884c476000 ---p 01d43000 08:01 1364220                    /usr/lib/libLLVM-3.6.so
7f884c476000-7f884c68b000 r--p 01d42000 08:01 1364220                    /usr/lib/libLLVM-3.6.so
7f884c68b000-7f884c6a5000 rw-p 01f57000 08:01 1364220                    /usr/lib/libLLVM-3.6.so
7f884c6a5000-7f884c6ba000 rw-p 00000000 00:00 0 
7f884c6ba000-7f884c6cf000 r-xp 00000000 08:01 1337298                    /usr/lib/libelf-0.163.so
7f884c6cf000-7f884c8ce000 ---p 00015000 08:01 1337298                    /usr/lib/libelf-0.163.so
7f884c8ce000-7f884c8cf000 r--p 00014000 08:01 1337298                    /usr/lib/libelf-0.163.so
7f884c8cf000-7f884c8d0000 rw-p 00015000 08:01 1337298                    /usr/lib/libelf-0.163.so
7f884c8d0000-7f884c8db000 r-xp 00000000 08:01 1332403                    /usr/lib/libdrm_radeon.so.1.0.1
7f884c8db000-7f884cada000 ---p 0000b000 08:01 1332403                    /usr/lib/libdrm_radeon.so.1.0.1
7f884cada000-7f884cadb000 r--p 0000a000 08:01 1332403                    /usr/lib/libdrm_radeon.so.1.0.1
7f884cadb000-7f884cadc000 rw-p 0000b000 08:01 1332403                    /usr/lib/libdrm_radeon.so.1.0.1
7f884cadc000-7f884cae2000 r-xp 00000000 08:01 1332352                    /usr/lib/libdrm_nouveau.so.2.0.0
7f884cae2000-7f884cce1000 ---p 00006000 08:01 1332352                    /usr/lib/libdrm_nouveau.so.2.0.0
7f884cce1000-7f884cce2000 r--p 00005000 08:01 1332352                    /usr/lib/libdrm_nouveau.so.2.0.0
7f884cce2000-7f884cce3000 rw-p 00006000 08:01 1332352                    /usr/lib/libdrm_nouveau.so.2.0.0
7f884cce3000-7f884d47e000 r-xp 00000000 08:01 1357542                    /usr/lib/xorg/modules/dri/r600_dri.so
7f884d47e000-7f884d67e000 ---p 0079b000 08:01 1357542                    /usr/lib/xorg/modules/dri/r600_dri.so
7f884d67e000-7f884d6d4000 r--p 0079b000 08:01 1357542                    /usr/lib/xorg/modules/dri/r600_dri.so
7f884d6d4000-7f884d6dd000 rw-p 007f1000 08:01 1357542                    /usr/lib/xorg/modules/dri/r600_dri.so
7f884d6dd000-7f884d8c2000 rw-p 00000000 00:00 0 
7f884d8c2000-7f884d8c6000 r-xp 00000000 08:01 1321200                    /usr/lib/libattr.so.1.1.0
7f884d8c6000-7f884dac5000 ---p 00004000 08:01 1321200                    /usr/lib/libattr.so.1.1.0
7f884dac5000-7f884dac6000 r--p 00003000 08:01 1321200                    /usr/lib/libattr.so.1.1.0
7f884dac6000-7f884dac7000 rw-p 00004000 08:01 1321200                    /usr/lib/libattr.so.1.1.0
7f884dac7000-7f884dacb000 r-xp 00000000 08:01 1321329                    /usr/lib/libcap.so.2.24
7f884dacb000-7f884dcca000 ---p 00004000 08:01 1321329                    /usr/lib/libcap.so.2.24
7f884dcca000-7f884dccb000 rw-p 00003000 08:01 1321329                    /usr/lib/libcap.so.2.24
7f884dccb000-7f884dcd0000 r-xp 00000000 08:01 1332345                    /usr/lib/libXdmcp.so.6.0.0
7f884dcd0000-7f884decf000 ---p 00005000 08:01 1332345                    /usr/lib/libXdmcp.so.6.0.0
7f884decf000-7f884ded0000 r--p 00004000 08:01 1332345                    /usr/lib/libXdmcp.so.6.0.0
7f884ded0000-7f884ded1000 rw-p 00005000 08:01 1332345                    /usr/lib/libXdmcp.so.6.0.0
7f884ded1000-7f884ded3000 r-xp 00000000 08:01 1332459                    /usr/lib/libXau.so.6.0.0
7f884ded3000-7f884e0d3000 ---p 00002000 08:01 1332459                    /usr/lib/libXau.so.6.0.0
7f884e0d3000-7f884e0d4000 r--p 00002000 08:01 1332459                    /usr/lib/libXau.so.6.0.0
7f884e0d4000-7f884e0d5000 rw-p 00003000 08:01 1332459                    /usr/lib/libXau.so.6.0.0
7f884e0d5000-7f884e0e4000 r-xp 00000000 08:01 1337169                    /usr/lib/libwayland-server.so.0.1.0
7f884e0e4000-7f884e2e4000 ---p 0000f000 08:01 1337169                    /usr/lib/libwayland-server.so.0.1.0
7f884e2e4000-7f884e2e6000 r--p 0000f000 08:01 1337169                    /usr/lib/libwayland-server.so.0.1.0
7f884e2e6000-7f884e2e7000 rw-p 00011000 08:01 1337169                    /usr/lib/libwayland-server.so.0.1.0
7f884e2e7000-7f884e2f3000 r-xp 00000000 08:01 1337170                    /usr/lib/libwayland-client.so.0.3.0
7f884e2f3000-7f884e4f2000 ---p 0000c000 08:01 1337170                    /usr/lib/libwayland-client.so.0.3.0
7f884e4f2000-7f884e4f4000 r--p 0000b000 08:01 1337170                    /usr/lib/libwayland-client.so.0.3.0
7f884e4f4000-7f884e4f5000 rw-p 0000d000 08:01 1337170                    /usr/lib/libwayland-client.so.0.3.0
7f884e4f5000-7f884e501000 r-xp 00000000 08:01 1337363                    /usr/lib/libgbm.so.1.0.0
7f884e501000-7f884e701000 ---p 0000c000 08:01 1337363                    /usr/lib/libgbm.so.1.0.0
7f884e701000-7f884e702000 r--p 0000c000 08:01 1337363                    /usr/lib/libgbm.so.1.0.0
7f884e702000-7f884e703000 rw-p 0000d000 08:01 1337363                    /usr/lib/libgbm.so.1.0.0
7f884e703000-7f884e72e000 r-xp 00000000 08:01 1332369                    /usr/lib/libgraphite2.so.3.0.1
7f884e72e000-7f884e92e000 ---p 0002b000 08:01 1332369                    /usr/lib/libgraphite2.so.3.0.1
7f884e92e000-7f884e930000 r--p 0002b000 08:01 1332369                    /usr/lib/libgraphite2.so.3.0.1
7f884e930000-7f884e931000 rw-p 0002d000 08:01 1332369                    /usr/lib/libgraphite2.so.3.0.1
7f884e931000-7f884e93e000 r-xp 00000000 08:01 1330964                    /usr/lib/libdrm.so.2.4.0
7f884e93e000-7f884eb3d000 ---p 0000d000 08:01 1330964                    /usr/lib/libdrm.so.2.4.0
7f884eb3d000-7f884eb3e000 r--p 0000c000 08:01 1330964                    /usr/lib/libdrm.so.2.4.0
7f884eb3e000-7f884eb3f000 rw-p 0000d000 08:01 1330964                    /usr/lib/libdrm.so.2.4.0
7f884eb3f000-7f884eb40000 r-xp 00000000 08:01 1336456                    /usr/lib/libxshmfence.so.1.0.0
7f884eb40000-7f884ed40000 ---p 00001000 08:01 1336456                    /usr/lib/libxshmfence.so.1.0.0
7f884ed40000-7f884ed41000 r--p 00001000 08:01 1336456                    /usr/lib/libxshmfence.so.1.0.0
7f884ed41000-7f884ed42000 rw-p 00002000 08:01 1336456                    /usr/lib/libxshmfence.so.1.0.0
7f884ed42000-7f884ed47000 r-xp 00000000 08:01 1334847                    /usr/lib/libxcb-sync.so.1.0.0
7f884ed47000-7f884ef47000 ---p 00005000 08:01 1334847                    /usr/lib/libxcb-sync.so.1.0.0
7f884ef47000-7f884ef48000 r--p 00005000 08:01 1334847                    /usr/lib/libxcb-sync.so.1.0.0
7f884ef48000-7f884ef49000 rw-p 00006000 08:01 1334847                    /usr/lib/libxcb-sync.so.1.0.0
7f884ef49000-7f884ef4c000 r-xp 00000000 08:01 1334816                    /usr/lib/libxcb-shape.so.0.0.0
7f884ef4c000-7f884f14b000 ---p 00003000 08:01 1334816                    /usr/lib/libxcb-shape.so.0.0.0
7f884f14b000-7f884f14c000 r--p 00002000 08:01 1334816                    /usr/lib/libxcb-shape.so.0.0.0
7f884f14c000-7f884f14d000 rw-p 00003000 08:01 1334816                    /usr/lib/libxcb-shape.so.0.0.0
7f884f14d000-7f884f153000 r-xp 00000000 08:01 1334798                    /usr/lib/libxcb-xfixes.so.0.0.0
7f884f153000-7f884f353000 ---p 00006000 08:01 1334798                    /usr/lib/libxcb-xfixes.so.0.0.0
7f884f353000-7f884f354000 r--p 00006000 08:01 1334798                    /usr/lib/libxcb-xfixes.so.0.0.0
7f884f354000-7f884f355000 rw-p 00007000 08:01 1334798                    /usr/lib/libxcb-xfixes.so.0.0.0
7f884f355000-7f884f362000 r-xp 00000000 08:01 1334855                    /usr/lib/libxcb-randr.so.0.1.0
7f884f362000-7f884f561000 ---p 0000d000 08:01 1334855                    /usr/lib/libxcb-randr.so.0.1.0
7f884f561000-7f884f562000 r--p 0000c000 08:01 1334855                    /usr/lib/libxcb-randr.so.0.1.0
7f884f562000-7f884f563000 rw-p 0000d000 08:01 1334855                    /usr/lib/libxcb-randr.so.0.1.0
7f884f563000-7f884f565000 r-xp 00000000 08:01 1334834                    /usr/lib/libxcb-present.so.0.0.0
7f884f565000-7f884f764000 ---p 00002000 08:01 1334834                    /usr/lib/libxcb-present.so.0.0.0
7f884f764000-7f884f765000 r--p 00001000 08:01 1334834                    /usr/lib/libxcb-present.so.0.0.0
7f884f765000-7f884f766000 rw-p 00002000 08:01 1334834                    /usr/lib/libxcb-present.so.0.0.0
7f884f766000-7f884f768000 r-xp 00000000 08:01 1334806                    /usr/lib/libxcb-dri3.so.0.0.0
7f884f768000-7f884f967000 ---p 00002000 08:01 1334806                    /usr/lib/libxcb-dri3.so.0.0.0
7f884f967000-7f884f968000 r--p 00001000 08:01 1334806                    /usr/lib/libxcb-dri3.so.0.0.0
7f884f968000-7f884f969000 rw-p 00002000 08:01 1334806                    /usr/lib/libxcb-dri3.so.0.0.0
7f884f969000-7f884f96d000 r-xp 00000000 08:01 1334831                    /usr/lib/libxcb-dri2.so.0.0.0
7f884f96d000-7f884fb6c000 ---p 00004000 08:01 1334831                    /usr/lib/libxcb-dri2.so.0.0.0
7f884fb6c000-7f884fb6d000 r--p 00003000 08:01 1334831                    /usr/lib/libxcb-dri2.so.0.0.0
7f884fb6d000-7f884fb6e000 rw-p 00004000 08:01 1334831                    /usr/lib/libxcb-dri2.so.0.0.0
7f884fb6e000-7f884fb85000 r-xp 00000000 08:01 1334805                    /usr/lib/libxcb-glx.so.0.0.0
7f884fb85000-7f884fd85000 ---p 00017000 08:01 1334805                    /usr/lib/libxcb-glx.so.0.0.0
7f884fd85000-7f884fd87000 r--p 00017000 08:01 1334805                    /usr/lib/libxcb-glx.so.0.0.0
7f884fd87000-7f884fd88000 rw-p 00019000 08:01 1334805                    /usr/lib/libxcb-glx.so.0.0.0
7f884fd88000-7f884fd89000 r-xp 00000000 08:01 1334901                    /usr/lib/libX11-xcb.so.1.0.0
7f884fd89000-7f884ff88000 ---p 00001000 08:01 1334901                    /usr/lib/libX11-xcb.so.1.0.0
7f884ff88000-7f884ff89000 r--p 00000000 08:01 1334901                    /usr/lib/libX11-xcb.so.1.0.0
7f884ff89000-7f884ff8a000 rw-p 00001000 08:01 1334901                    /usr/lib/libX11-xcb.so.1.0.0
7f884ff8a000-7f884ffb2000 r-xp 00000000 08:01 1337396                    /usr/lib/libglapi.so.0.0.0
7f884ffb2000-7f88501b2000 ---p 00028000 08:01 1337396                    /usr/lib/libglapi.so.0.0.0
7f88501b2000-7f88501b6000 r--p 00028000 08:01 1337396                    /usr/lib/libglapi.so.0.0.0
7f88501b6000-7f88501b7000 rw-p 0002c000 08:01 1337396                    /usr/lib/libglapi.so.0.0.0
7f88501b7000-7f88501b8000 rw-p 00000000 00:00 0 
7f88501b8000-7f88501df000 r-xp 00000000 08:01 1321596                    /usr/lib/libexpat.so.1.6.0
7f88501df000-7f88503de000 ---p 00027000 08:01 1321596                    /usr/lib/libexpat.so.1.6.0
7f88503de000-7f88503e1000 r--p 00026000 08:01 1321596                    /usr/lib/libexpat.so.1.6.0
7f88503e1000-7f88503e2000 rw-p 00029000 08:01 1321596                    /usr/lib/libexpat.so.1.6.0
7f88503e2000-7f88503f1000 r-xp 00000000 08:01 1316978                    /usr/lib/libbz2.so.1.0.6
7f88503f1000-7f88505f0000 ---p 0000f000 08:01 1316978                    /usr/lib/libbz2.so.1.0.6
7f88505f0000-7f88505f2000 rw-p 0000e000 08:01 1316978                    /usr/lib/libbz2.so.1.0.6
7f88505f2000-7f8850613000 r-xp 00000000 08:01 1334819                    /usr/lib/libxcb.so.1.1.0
7f8850613000-7f8850812000 ---p 00021000 08:01 1334819                    /usr/lib/libxcb.so.1.1.0
7f8850812000-7f8850813000 r--p 00020000 08:01 1334819                    /usr/lib/libxcb.so.1.1.0
7f8850813000-7f8850814000 rw-p 00021000 08:01 1334819                    /usr/lib/libxcb.so.1.1.0
7f8850814000-7f885081d000 r-xp 00000000 08:01 1334801                    /usr/lib/libxcb-render.so.0.0.0
7f885081d000-7f8850a1c000 ---p 00009000 08:01 1334801                    /usr/lib/libxcb-render.so.0.0.0
7f8850a1c000-7f8850a1d000 r--p 00008000 08:01 1334801                    /usr/lib/libxcb-render.so.0.0.0
7f8850a1d000-7f8850a1e000 rw-p 00009000 08:01 1334801                    /usr/lib/libxcb-render.so.0.0.0
7f8850a1e000-7f8850a20000 r-xp 00000000 08:01 1334828                    /usr/lib/libxcb-shm.so.0.0.0
7f8850a20000-7f8850c20000 ---p 00002000 08:01 1334828                    /usr/lib/libxcb-shm.so.0.0.0
7f8850c20000-7f8850c21000 r--p 00002000 08:01 1334828                    /usr/lib/libxcb-shm.so.0.0.0
7f8850c21000-7f8850c22000 rw-p 00003000 08:01 1334828                    /usr/lib/libxcb-shm.so.0.0.0
7f8850c22000-7f8850c48000 r-xp 00000000 08:01 1444774                    /usr/lib/mesa/libEGL.so.1.0.0
7f8850c48000-7f8850e47000 ---p 00026000 08:01 1444774                    /usr/lib/mesa/libEGL.so.1.0.0
7f8850e47000-7f8850e48000 r--p 00025000 08:01 1444774                    /usr/lib/mesa/libEGL.so.1.0.0
7f8850e48000-7f8850e49000 rw-p 00026000 08:01 1444774                    /usr/lib/mesa/libEGL.so.1.0.0
7f8850e49000-7f8850eee000 r-xp 00000000 08:01 1332456                    /usr/lib/libpixman-1.so.0.32.6
7f8850eee000-7f88510ed000 ---p 000a5000 08:01 1332456                    /usr/lib/libpixman-1.so.0.32.6
7f88510ed000-7f88510f5000 r--p 000a4000 08:01 1332456                    /usr/lib/libpixman-1.so.0.32.6
7f88510f5000-7f88510f6000 rw-p 000ac000 08:01 1332456                    /usr/lib/libpixman-1.so.0.32.6
7f88510f6000-7f885112a000 r-xp 00000000 08:01 1332355                    /usr/lib/libpng16.so.16.18.0
7f885112a000-7f8851329000 ---p 00034000 08:01 1332355                    /usr/lib/libpng16.so.16.18.0
7f8851329000-7f885132a000 r--p 00033000 08:01 1332355                    /usr/lib/libpng16.so.16.18.0
7f885132a000-7f885132b000 rw-p 00034000 08:01 1332355                    /usr/lib/libpng16.so.16.18.0
7f885132b000-7f8851388000 r-xp 00000000 08:01 1349414                    /usr/lib/libharfbuzz.so.0.10000.1
7f8851388000-7f8851588000 ---p 0005d000 08:01 1349414                    /usr/lib/libharfbuzz.so.0.10000.1
7f8851588000-7f8851589000 r--p 0005d000 08:01 1349414                    /usr/lib/libharfbuzz.so.0.10000.1
7f8851589000-7f885158a000 rw-p 0005e000 08:01 1349414                    /usr/lib/libharfbuzz.so.0.10000.1
7f885158a000-7f885159e000 r-xp 00000000 08:01 1313475                    /usr/lib/libresolv-2.22.so
7f885159e000-7f885179d000 ---p 00014000 08:01 1313475                    /usr/lib/libresolv-2.22.so
7f885179d000-7f885179e000 r--p 00013000 08:01 1313475                    /usr/lib/libresolv-2.22.so
7f885179e000-7f885179f000 rw-p 00014000 08:01 1313475                    /usr/lib/libresolv-2.22.so
7f885179f000-7f88517a1000 rw-p 00000000 00:00 0 
7f88517a1000-7f88517b6000 r-xp 00000000 08:01 1316982                    /usr/lib/libz.so.1.2.8
7f88517b6000-7f88519b5000 ---p 00015000 08:01 1316982                    /usr/lib/libz.so.1.2.8
7f88519b5000-7f88519b6000 r--p 00014000 08:01 1316982                    /usr/lib/libz.so.1.2.8
7f88519b6000-7f88519b7000 rw-p 00015000 08:01 1316982                    /usr/lib/libz.so.1.2.8
7f88519b7000-7f8851a26000 r-xp 00000000 08:01 1321636                    /usr/lib/libpcre.so.1.2.5
7f8851a26000-7f8851c25000 ---p 0006f000 08:01 1321636                    /usr/lib/libpcre.so.1.2.5
7f8851c25000-7f8851c26000 r--p 0006e000 08:01 1321636                    /usr/lib/libpcre.so.1.2.5
7f8851c26000-7f8851c27000 rw-p 0006f000 08:01 1321636                    /usr/lib/libpcre.so.1.2.5
7f8851c27000-7f8851c2f000 r-xp 00000000 08:01 1330339                    /usr/lib/libffi.so.6.0.4
7f8851c2f000-7f8851e2e000 ---p 00008000 08:01 1330339                    /usr/lib/libffi.so.6.0.4
7f8851e2e000-7f8851e2f000 r--p 00007000 08:01 1330339                    /usr/lib/libffi.so.6.0.4
7f8851e2f000-7f8851e30000 rw-p 00008000 08:01 1330339                    /usr/lib/libffi.so.6.0.4
7f8851e30000-7f8851e41000 r-xp 00000000 08:01 1336564                    /usr/lib/libXext.so.6.4.0
7f8851e41000-7f8852040000 ---p 00011000 08:01 1336564                    /usr/lib/libXext.so.6.4.0
7f8852040000-7f8852041000 r--p 00010000 08:01 1336564                    /usr/lib/libXext.so.6.4.0
7f8852041000-7f8852042000 rw-p 00011000 08:01 1336564                    /usr/lib/libXext.so.6.4.0
7f8852042000-7f8852044000 r-xp 00000000 08:01 1337282                    /usr/lib/libXdamage.so.1.1.0
7f8852044000-7f8852243000 ---p 00002000 08:01 1337282                    /usr/lib/libXdamage.so.1.1.0
7f8852243000-7f8852244000 r--p 00001000 08:01 1337282                    /usr/lib/libXdamage.so.1.1.0
7f8852244000-7f8852245000 rw-p 00002000 08:01 1337282                    /usr/lib/libXdamage.so.1.1.0
7f8852245000-7f8852247000 r-xp 00000000 08:01 1337140                    /usr/lib/libXcomposite.so.1.0.0
7f8852247000-7f8852446000 ---p 00002000 08:01 1337140                    /usr/lib/libXcomposite.so.1.0.0
7f8852446000-7f8852447000 r--p 00001000 08:01 1337140                    /usr/lib/libXcomposite.so.1.0.0
7f8852447000-7f8852448000 rw-p 00002000 08:01 1337140                    /usr/lib/libXcomposite.so.1.0.0
7f8852448000-7f8852452000 r-xp 00000000 08:01 1337057                    /usr/lib/libXcursor.so.1.0.2
7f8852452000-7f8852651000 ---p 0000a000 08:01 1337057                    /usr/lib/libXcursor.so.1.0.2
7f8852651000-7f8852652000 r--p 00009000 08:01 1337057                    /usr/lib/libXcursor.so.1.0.2
7f8852652000-7f8852653000 rw-p 0000a000 08:01 1337057                    /usr/lib/libXcursor.so.1.0.2
7f8852653000-7f885265d000 r-xp 00000000 08:01 1336984                    /usr/lib/libXrandr.so.2.2.0
7f885265d000-7f885285c000 ---p 0000a000 08:01 1336984                    /usr/lib/libXrandr.so.2.2.0
7f885285c000-7f885285d000 r--p 00009000 08:01 1336984                    /usr/lib/libXrandr.so.2.2.0
7f885285d000-7f885285e000 rw-p 0000a000 08:01 1336984                    /usr/lib/libXrandr.so.2.2.0
7f885285e000-7f885286d000 r-xp 00000000 08:01 1336958                    /usr/lib/libXi.so.6.1.0
7f885286d000-7f8852a6d000 ---p 0000f000 08:01 1336958                    /usr/lib/libXi.so.6.1.0
7f8852a6d000-7f8852a6e000 r--p 0000f000 08:01 1336958                    /usr/lib/libXi.so.6.1.0
7f8852a6e000-7f8852a6f000 rw-p 00010000 08:01 1336958                    /usr/lib/libXi.so.6.1.0
7f8852a6f000-7f8852a71000 r-xp 00000000 08:01 1336988                    /usr/lib/libXinerama.so.1.0.0
7f8852a71000-7f8852c70000 ---p 00002000 08:01 1336988                    /usr/lib/libXinerama.so.1.0.0
7f8852c70000-7f8852c71000 r--p 00001000 08:01 1336988                    /usr/lib/libXinerama.so.1.0.0
7f8852c71000-7f8852c72000 rw-p 00002000 08:01 1336988                    /usr/lib/libXinerama.so.1.0.0
7f8852c72000-7f8852c7b000 r-xp 00000000 08:01 1336962                    /usr/lib/libXrender.so.1.3.0
7f8852c7b000-7f8852e7a000 ---p 00009000 08:01 1336962                    /usr/lib/libXrender.so.1.3.0
7f8852e7a000-7f8852e7b000 r--p 00008000 08:01 1336962                    /usr/lib/libXrender.so.1.3.0
7f8852e7b000-7f8852e7c000 rw-p 00009000 08:01 1336962                    /usr/lib/libXrender.so.1.3.0
7f8852e7c000-7f8852e81000 r-xp 00000000 08:01 1337017                    /usr/lib/libXfixes.so.3.1.0
7f8852e81000-7f8853080000 ---p 00005000 08:01 1337017                    /usr/lib/libXfixes.so.3.1.0
7f8853080000-7f8853081000 r--p 00004000 08:01 1337017                    /usr/lib/libXfixes.so.3.1.0
7f8853081000-7f8853082000 rw-p 00005000 08:01 1337017                    /usr/lib/libXfixes.so.3.1.0
7f8853082000-7f8853098000 r-xp 00000000 08:01 1317226                    /usr/lib/libgcc_s.so.1
7f8853098000-7f8853297000 ---p 00016000 08:01 1317226                    /usr/lib/libgcc_s.so.1
7f8853297000-7f8853298000 rw-p 00015000 08:01 1317226                    /usr/lib/libgcc_s.so.1
7f8853298000-7f885340a000 r-xp 00000000 08:01 1339391                    /usr/lib/libstdc++.so.6.0.21
7f885340a000-7f885360a000 ---p 00172000 08:01 1339391                    /usr/lib/libstdc++.so.6.0.21
7f885360a000-7f8853614000 r--p 00172000 08:01 1339391                    /usr/lib/libstdc++.so.6.0.21
7f8853614000-7f8853616000 rw-p 0017c000 08:01 1339391                    /usr/lib/libstdc++.so.6.0.21
7f8853616000-7f885361a000 rw-p 00000000 00:00 0 
7f885361a000-7f88536ae000 r-xp 00000000 08:01 1444761                    /usr/lib/mesa/libGL.so.1.2.0
7f88536ae000-7f88538ad000 ---p 00094000 08:01 1444761                    /usr/lib/mesa/libGL.so.1.2.0
7f88538ad000-7f88538b0000 r--p 00093000 08:01 1444761                    /usr/lib/mesa/libGL.so.1.2.0
7f88538b0000-7f88538b1000 rw-p 00096000 08:01 1444761                    /usr/lib/mesa/libGL.so.1.2.0
7f88538b1000-7f88538b2000 rw-p 00000000 00:00 0 
7f88538b2000-7f88538b7000 r-xp 00000000 08:01 1359639                    /usr/lib/libXxf86vm.so.1.0.0
7f88538b7000-7f8853ab6000 ---p 00005000 08:01 1359639                    /usr/lib/libXxf86vm.so.1.0.0
7f8853ab6000-7f8853ab7000 r--p 00004000 08:01 1359639                    /usr/lib/libXxf86vm.so.1.0.0
7f8853ab7000-7f8853ab8000 rw-p 00005000 08:01 1359639                    /usr/lib/libXxf86vm.so.1.0.0
7f8853ab8000-7f8853bf3000 r-xp 00000000 08:01 1334900                    /usr/lib/libX11.so.6.3.0
7f8853bf3000-7f8853df2000 ---p 0013b000 08:01 1334900                    /usr/lib/libX11.so.6.3.0
7f8853df2000-7f8853df4000 r--p 0013a000 08:01 1334900                    /usr/lib/libX11.so.6.3.0
7f8853df4000-7f8853df9000 rw-p 0013c000 08:01 1334900                    /usr/lib/libX11.so.6.3.0
7f8853df9000-7f8853dfa000 rw-p 00000000 00:00 0 
7f8853dfa000-7f8853dff000 r-xp 00000000 08:01 1337099                    /usr/lib/libXtst.so.6.1.0
7f8853dff000-7f8853ffe000 ---p 00005000 08:01 1337099                    /usr/lib/libXtst.so.6.1.0
7f8853ffe000-7f8853fff000 r--p 00004000 08:01 1337099                    /usr/lib/libXtst.so.6.1.0
7f8853fff000-7f8854000000 rw-p 00005000 08:01 1337099                    /usr/lib/libXtst.so.6.1.0
7f8854000000-7f8854021000 rw-p 00000000 00:00 0 
7f8854021000-7f8858000000 ---p 00000000 00:00 0 
7f8858000000-7f885878c000 rw-p 00000000 00:00 0 
7f885878c000-7f885c000000 ---p 00000000 00:00 0 
7f885c000000-7f885c536000 rw-p 00000000 00:00 0 
7f885c536000-7f8860000000 ---p 00000000 00:00 0 
7f8860000000-7f8860021000 rw-p 00000000 00:00 0 
7f8860021000-7f8864000000 ---p 00000000 00:00 0 
7f8864000000-7f8864021000 rw-p 00000000 00:00 0 
7f8864021000-7f8868000000 ---p 00000000 00:00 0 
7f8868000000-7f886870f000 rw-p 00000000 00:00 0 
7f886870f000-7f886c000000 ---p 00000000 00:00 0 
7f886c000000-7f886c021000 rw-p 00000000 00:00 0 
7f886c021000-7f8870000000 ---p 00000000 00:00 0 
7f8870000000-7f8870021000 rw-p 00000000 00:00 0 
7f8870021000-7f8874000000 ---p 00000000 00:00 0 
7f8874000000-7f8874021000 rw-p 00000000 00:00 0 
7f8874021000-7f8878000000 ---p 00000000 00:00 0 
7f8878000000-7f8878001000 rw-s 1376cd000 00:06 3003                      /dev/dri/card0
7f8878001000-7f8878003000 r--s 00005000 08:04 7343397                    /home/morrisseymarr/.m2/repository/org/slf4j/slf4j-api/1.7.5/slf4j-api-1.7.5.jar
7f8878003000-7f8878009000 r--s 00048000 08:04 13898749                   /home/morrisseymarr/.m2/repository/org/apache/commons/commons-lang3/3.1/commons-lang3-3.1.jar
7f8878009000-7f8878018000 r--s 001b0000 08:04 13893687                   /home/morrisseymarr/.m2/repository/org/eclipse/jdt/core/compiler/ecj/4.3.1/ecj-4.3.1.jar
7f8878018000-7f8878028000 r--s 0013f000 08:04 9569835                    /home/morrisseymarr/.m2/repository/jfree/jfreechart/1.0.12/jfreechart-1.0.12.jar
7f8878028000-7f8878049000 r--s 0015a000 08:04 9176272                    /home/morrisseymarr/.m2/repository/bouncycastle/bcprov-jdk14/138/bcprov-jdk14-138.jar
7f8878049000-7f88780a4000 r--s 0049b000 08:04 10617487                   /home/morrisseymarr/.m2/repository/net/sf/jasperreports/jasperreports/6.1.0/jasperreports-6.1.0.jar
7f88780a4000-7f88780a7000 ---p 00000000 00:00 0 
7f88780a7000-7f88781a5000 rw-p 00000000 00:00 0                          [stack:5742]
7f88781a5000-7f88781c3000 r-xp 00000000 08:01 1361949                    /usr/lib/libudev.so.1.6.4
7f88781c3000-7f88781c4000 r--p 0001d000 08:01 1361949                    /usr/lib/libudev.so.1.6.4
7f88781c4000-7f88781c5000 rw-p 0001e000 08:01 1361949                    /usr/lib/libudev.so.1.6.4
7f88781c5000-7f88782d1000 r-xp 00000000 08:01 1321859                    /usr/lib/libglib-2.0.so.0.4400.1
7f88782d1000-7f88784d0000 ---p 0010c000 08:01 1321859                    /usr/lib/libglib-2.0.so.0.4400.1
7f88784d0000-7f88784d1000 r--p 0010b000 08:01 1321859                    /usr/lib/libglib-2.0.so.0.4400.1
7f88784d1000-7f88784d2000 rw-p 0010c000 08:01 1321859                    /usr/lib/libglib-2.0.so.0.4400.1
7f88784d2000-7f88784d3000 rw-p 00000000 00:00 0 
7f88784d3000-7f88784d4000 r-xp 00000000 08:01 1321861                    /usr/lib/libgthread-2.0.so.0.4400.1
7f88784d4000-7f88786d3000 ---p 00001000 08:01 1321861                    /usr/lib/libgthread-2.0.so.0.4400.1
7f88786d3000-7f88786d4000 r--p 00000000 08:01 1321861                    /usr/lib/libgthread-2.0.so.0.4400.1
7f88786d4000-7f88786d5000 rw-p 00001000 08:01 1321861                    /usr/lib/libgthread-2.0.so.0.4400.1
7f88786d5000-7f88786d8000 r-xp 00000000 08:01 1321860                    /usr/lib/libgmodule-2.0.so.0.4400.1
7f88786d8000-7f88788d7000 ---p 00003000 08:01 1321860                    /usr/lib/libgmodule-2.0.so.0.4400.1
7f88788d7000-7f88788d8000 r--p 00002000 08:01 1321860                    /usr/lib/libgmodule-2.0.so.0.4400.1
7f88788d8000-7f88788d9000 rw-p 00003000 08:01 1321860                    /usr/lib/libgmodule-2.0.so.0.4400.1
7f88788d9000-7f8878928000 r-xp 00000000 08:01 1321862                    /usr/lib/libgobject-2.0.so.0.4400.1
7f8878928000-7f8878b28000 ---p 0004f000 08:01 1321862                    /usr/lib/libgobject-2.0.so.0.4400.1
7f8878b28000-7f8878b29000 r--p 0004f000 08:01 1321862                    /usr/lib/libgobject-2.0.so.0.4400.1
7f8878b29000-7f8878b2a000 rw-p 00050000 08:01 1321862                    /usr/lib/libgobject-2.0.so.0.4400.1
7f8878b2a000-7f8878b67000 r-xp 00000000 08:01 1336006                    /usr/lib/libfontconfig.so.1.8.0
7f8878b67000-7f8878d66000 ---p 0003d000 08:01 1336006                    /usr/lib/libfontconfig.so.1.8.0
7f8878d66000-7f8878d68000 r--p 0003c000 08:01 1336006                    /usr/lib/libfontconfig.so.1.8.0
7f8878d68000-7f8878d69000 rw-p 0003e000 08:01 1336006                    /usr/lib/libfontconfig.so.1.8.0
7f8878d69000-7f8878e1e000 r-xp 00000000 08:01 1353413                    /usr/lib/libfreetype.so.6.12.0
7f8878e1e000-7f887901d000 ---p 000b5000 08:01 1353413                    /usr/lib/libfreetype.so.6.12.0
7f887901d000-7f8879023000 r--p 000b4000 08:01 1353413                    /usr/lib/libfreetype.so.6.12.0
7f8879023000-7f8879024000 rw-p 000ba000 08:01 1353413                    /usr/lib/libfreetype.so.6.12.0
7f8879024000-7f887906d000 r-xp 00000000 08:01 1337658                    /usr/lib/libpango-1.0.so.0.3600.8
7f887906d000-7f887926d000 ---p 00049000 08:01 1337658                    /usr/lib/libpango-1.0.so.0.3600.8
7f887926d000-7f887926f000 r--p 00049000 08:01 1337658                    /usr/lib/libpango-1.0.so.0.3600.8
7f887926f000-7f8879270000 rw-p 0004b000 08:01 1337658                    /usr/lib/libpango-1.0.so.0.3600.8
7f8879270000-7f887939a000 r-xp 00000000 08:01 1337614                    /usr/lib/libcairo.so.2.11400.2
7f887939a000-7f887959a000 ---p 0012a000 08:01 1337614                    /usr/lib/libcairo.so.2.11400.2
7f887959a000-7f887959d000 r--p 0012a000 08:01 1337614                    /usr/lib/libcairo.so.2.11400.2
7f887959d000-7f887959f000 rw-p 0012d000 08:01 1337614                    /usr/lib/libcairo.so.2.11400.2
7f887959f000-7f88795a0000 rw-p 00000000 00:00 0 
7f88795a0000-7f88795ac000 r-xp 00000000 08:01 1337662                    /usr/lib/libpangocairo-1.0.so.0.3600.8
7f88795ac000-7f88797ab000 ---p 0000c000 08:01 1337662                    /usr/lib/libpangocairo-1.0.so.0.3600.8
7f88797ab000-7f88797ac000 r--p 0000b000 08:01 1337662                    /usr/lib/libpangocairo-1.0.so.0.3600.8
7f88797ac000-7f88797ad000 rw-p 0000c000 08:01 1337662                    /usr/lib/libpangocairo-1.0.so.0.3600.8
7f88797ad000-7f88797d1000 r-xp 00000000 08:01 1338409                    /usr/lib/libgdk_pixbuf-2.0.so.0.3100.6
7f88797d1000-7f88799d1000 ---p 00024000 08:01 1338409                    /usr/lib/libgdk_pixbuf-2.0.so.0.3100.6
7f88799d1000-7f88799d2000 r--p 00024000 08:01 1338409                    /usr/lib/libgdk_pixbuf-2.0.so.0.3100.6
7f88799d2000-7f88799d3000 rw-p 00025000 08:01 1338409                    /usr/lib/libgdk_pixbuf-2.0.so.0.3100.6
7f88799d3000-7f88799e7000 r-xp 00000000 08:01 1337660                    /usr/lib/libpangoft2-1.0.so.0.3600.8
7f88799e7000-7f8879be7000 ---p 00014000 08:01 1337660                    /usr/lib/libpangoft2-1.0.so.0.3600.8
7f8879be7000-7f8879be8000 r--p 00014000 08:01 1337660                    /usr/lib/libpangoft2-1.0.so.0.3600.8
7f8879be8000-7f8879be9000 rw-p 00015000 08:01 1337660                    /usr/lib/libpangoft2-1.0.so.0.3600.8
7f8879be9000-7f8879d5f000 r-xp 00000000 08:01 1322067                    /usr/lib/libgio-2.0.so.0.4400.1
7f8879d5f000-7f8879f5f000 ---p 00176000 08:01 1322067                    /usr/lib/libgio-2.0.so.0.4400.1
7f8879f5f000-7f8879f63000 r--p 00176000 08:01 1322067                    /usr/lib/libgio-2.0.so.0.4400.1
7f8879f63000-7f8879f65000 rw-p 0017a000 08:01 1322067                    /usr/lib/libgio-2.0.so.0.4400.1
7f8879f65000-7f8879f67000 rw-p 00000000 00:00 0 
7f8879f67000-7f8879f8a000 r-xp 00000000 08:01 1339841                    /usr/lib/libatk-1.0.so.0.21609.1
7f8879f8a000-7f887a189000 ---p 00023000 08:01 1339841                    /usr/lib/libatk-1.0.so.0.21609.1
7f887a189000-7f887a18c000 r--p 00022000 08:01 1339841                    /usr/lib/libatk-1.0.so.0.21609.1
7f887a18c000-7f887a18d000 rw-p 00025000 08:01 1339841                    /usr/lib/libatk-1.0.so.0.21609.1
7f887a18d000-7f887a23d000 r-xp 00000000 08:01 1338445                    /usr/lib/libgdk-x11-2.0.so.0.2400.28
7f887a23d000-7f887a43d000 ---p 000b0000 08:01 1338445                    /usr/lib/libgdk-x11-2.0.so.0.2400.28
7f887a43d000-7f887a441000 r--p 000b0000 08:01 1338445                    /usr/lib/libgdk-x11-2.0.so.0.2400.28
7f887a441000-7f887a443000 rw-p 000b4000 08:01 1338445                    /usr/lib/libgdk-x11-2.0.so.0.2400.28
7f887a443000-7f887a877000 r-xp 00000000 08:01 1338449                    /usr/lib/libgtk-x11-2.0.so.0.2400.28
7f887a877000-7f887aa77000 ---p 00434000 08:01 1338449                    /usr/lib/libgtk-x11-2.0.so.0.2400.28
7f887aa77000-7f887aa7e000 r--p 00434000 08:01 1338449                    /usr/lib/libgtk-x11-2.0.so.0.2400.28
7f887aa7e000-7f887aa82000 rw-p 0043b000 08:01 1338449                    /usr/lib/libgtk-x11-2.0.so.0.2400.28
7f887aa82000-7f887aa85000 rw-p 00000000 00:00 0 
7f887aa85000-7f887aa8d000 r--s 00028000 08:04 11404585                   /home/morrisseymarr/.m2/repository/xml-apis/xml-apis/1.3.02/xml-apis-1.3.02.jar
7f887aa8d000-7f887aa93000 r--s 00046000 08:04 9569833                    /home/morrisseymarr/.m2/repository/jfree/jcommon/1.0.15/jcommon-1.0.15.jar
7f887aa93000-7f887aaa0000 r--s 00108000 08:04 9176275                    /home/morrisseymarr/.m2/repository/com/lowagie/itext/2.1.7.js2/itext-2.1.7.js2.jar
7f887aaa0000-7f887aabf000 r--s 00110000 08:04 10748449                   /home/morrisseymarr/.m2/repository/net/sourceforge/dynamicreports/dynamicreports-core/4.0.1/dynamicreports-core-4.0.1.jar
7f887aabf000-7f887aacb000 r-xp 00000000 08:01 919487                     /usr/lib/jvm/java-8-jdk/jre/lib/amd64/libprism_es2.so
7f887aacb000-7f887acca000 ---p 0000c000 08:01 919487                     /usr/lib/jvm/java-8-jdk/jre/lib/amd64/libprism_es2.so
7f887acca000-7f887accb000 r--p 0000b000 08:01 919487                     /usr/lib/jvm/java-8-jdk/jre/lib/amd64/libprism_es2.so
7f887accb000-7f887accc000 rw-p 0000c000 08:01 919487                     /usr/lib/jvm/java-8-jdk/jre/lib/amd64/libprism_es2.so
7f887accc000-7f887accf000 ---p 00000000 00:00 0 
7f887accf000-7f887adcd000 rw-p 00000000 00:00 0                          [stack:5740]
7f887adcd000-7f887ae62000 r--s 010fb000 08:01 1721262                    /usr/lib/jvm/java-8-jdk/jre/lib/ext/jfxrt.jar
7f887ae62000-7f887ae63000 ---p 00000000 00:00 0 
7f887ae63000-7f887af63000 rw-p 00000000 00:00 0                          [stack:5739]
7f887af63000-7f887af66000 ---p 00000000 00:00 0 
7f887af66000-7f887b064000 rw-p 00000000 00:00 0                          [stack:5738]
7f887b064000-7f887b067000 ---p 00000000 00:00 0 
7f887b067000-7f887b165000 rw-p 00000000 00:00 0                          [stack:5737]
7f887b165000-7f887b168000 ---p 00000000 00:00 0 
7f887b168000-7f887b266000 rw-p 00000000 00:00 0                          [stack:5736]
7f887b266000-7f887b269000 ---p 00000000 00:00 0 
7f887b269000-7f887b367000 rw-p 00000000 00:00 0                          [stack:5735]
7f887b367000-7f887b4f5000 r--p 00000000 08:01 1357453                    /usr/lib/locale/locale-archive
7f887b4f5000-7f887b4f8000 ---p 00000000 00:00 0 
7f887b4f8000-7f887b5f6000 rw-p 00000000 00:00 0                          [stack:5734]
7f887b5f6000-7f887b5f9000 ---p 00000000 00:00 0 
7f887b5f9000-7f887b6f7000 rw-p 00000000 00:00 0                          [stack:5733]
7f887b6f7000-7f887b6f8000 ---p 00000000 00:00 0 
7f887b6f8000-7f887c000000 rw-p 00000000 00:00 0                          [stack:5732]
7f887c000000-7f887c021000 rw-p 00000000 00:00 0 
7f887c021000-7f8880000000 ---p 00000000 00:00 0 
7f8880000000-7f8880021000 rw-p 00000000 00:00 0 
7f8880021000-7f8884000000 ---p 00000000 00:00 0 
7f8884000000-7f8884021000 rw-p 00000000 00:00 0 
7f8884021000-7f8888000000 ---p 00000000 00:00 0 
7f8888000000-7f8888001000 rw-s 1376cc000 00:06 3003                      /dev/dri/card0
7f8888001000-7f8888003000 r--s 0000d000 08:04 14681092                   /home/morrisseymarr/.m2/repository/avalon-framework/avalon-framework-impl/4.2.0/avalon-framework-impl-4.2.0.jar
7f8888003000-7f8888011000 r--s 0007f000 08:04 13898654                   /home/morrisseymarr/.m2/repository/commons-collections/commons-collections/3.2.1/commons-collections-3.2.1.jar
7f8888011000-7f8888478000 rw-p 00000000 00:00 0 
7f8888478000-7f8888650000 r--s 03d0c000 08:01 1586771                    /usr/lib/jvm/java-8-jdk/jre/lib/rt.jar
7f8888650000-7f8889000000 rw-p 00000000 00:00 0 
7f8889000000-7f8889800000 rwxp 00000000 00:00 0 
7f8889800000-7f8898000000 ---p 00000000 00:00 0 
7f8898000000-7f8898406000 rw-p 00000000 00:00 0 
7f8898406000-7f889c000000 ---p 00000000 00:00 0 
7f889c000000-7f889c001000 r--s 00000000 08:01 1854907                    /var/cache/fontconfig/7ef2298fde41cc6eeb7af42e48b7d293-le64.cache-4
7f889c001000-7f889c003000 r--s 00007000 08:04 18219304                   /home/morrisseymarr/.m2/repository/com/fasterxml/jackson/core/jackson-annotations/2.1.4/jackson-annotations-2.1.4.jar
7f889c003000-7f889c00f000 rw-s 137d31000 00:06 3003                      /dev/dri/card0
7f889c00f000-7f889c01f000 rw-s 13cb9f000 00:06 3003                      /dev/dri/card0
7f889c01f000-7f889dbe4000 rw-p 00000000 00:00 0 
7f889dbe4000-7f889dbe5000 ---p 00000000 00:00 0 
7f889dbe5000-7f889dce5000 rw-p 00000000 00:00 0                          [stack:5731]
7f889dce5000-7f889dce6000 ---p 00000000 00:00 0 
7f889dce6000-7f889dde6000 rw-p 00000000 00:00 0                          [stack:5730]
7f889dde6000-7f889dde7000 ---p 00000000 00:00 0 
7f889dde7000-7f889def6000 rw-p 00000000 00:00 0                          [stack:5729]
7f889def6000-7f889e007000 ---p 00000000 00:00 0 
7f889e007000-7f889e016000 rw-p 00000000 00:00 0 
7f889e016000-7f889e127000 ---p 00000000 00:00 0 
7f889e127000-7f889e145000 rw-p 00000000 00:00 0 
7f889e145000-7f889e1b7000 ---p 00000000 00:00 0 
7f889e1b7000-7f889e1d8000 rw-p 00000000 00:00 0 
7f889e1d8000-7f889e578000 ---p 00000000 00:00 0 
7f889e578000-7f889e592000 r-xp 00000000 08:01 919515                     /usr/lib/jvm/java-8-jdk/jre/lib/amd64/libzip.so
7f889e592000-7f889e792000 ---p 0001a000 08:01 919515                     /usr/lib/jvm/java-8-jdk/jre/lib/amd64/libzip.so
7f889e792000-7f889e793000 rw-p 0001a000 08:01 919515                     /usr/lib/jvm/java-8-jdk/jre/lib/amd64/libzip.so
7f889e793000-7f889e79e000 r-xp 00000000 08:01 1313491                    /usr/lib/libnss_files-2.22.so
7f889e79e000-7f889e99d000 ---p 0000b000 08:01 1313491                    /usr/lib/libnss_files-2.22.so
7f889e99d000-7f889e99e000 r--p 0000a000 08:01 1313491                    /usr/lib/libnss_files-2.22.so
7f889e99e000-7f889e99f000 rw-p 0000b000 08:01 1313491                    /usr/lib/libnss_files-2.22.so
7f889e99f000-7f889e9a5000 rw-p 00000000 00:00 0 
7f889e9a5000-7f889e9cf000 r-xp 00000000 08:01 919543                     /usr/lib/jvm/java-8-jdk/jre/lib/amd64/libjava.so
7f889e9cf000-7f889ebcf000 ---p 0002a000 08:01 919543                     /usr/lib/jvm/java-8-jdk/jre/lib/amd64/libjava.so
7f889ebcf000-7f889ebd1000 rw-p 0002a000 08:01 919543                     /usr/lib/jvm/java-8-jdk/jre/lib/amd64/libjava.so
7f889ebd1000-7f889ebde000 r-xp 00000000 08:01 919526                     /usr/lib/jvm/java-8-jdk/jre/lib/amd64/libverify.so
7f889ebde000-7f889edde000 ---p 0000d000 08:01 919526                     /usr/lib/jvm/java-8-jdk/jre/lib/amd64/libverify.so
7f889edde000-7f889ede0000 rw-p 0000d000 08:01 919526                     /usr/lib/jvm/java-8-jdk/jre/lib/amd64/libverify.so
7f889ede0000-7f889ede7000 r-xp 00000000 08:01 1313473                    /usr/lib/librt-2.22.so
7f889ede7000-7f889efe6000 ---p 00007000 08:01 1313473                    /usr/lib/librt-2.22.so
7f889efe6000-7f889efe7000 r--p 00006000 08:01 1313473                    /usr/lib/librt-2.22.so
7f889efe7000-7f889efe8000 rw-p 00007000 08:01 1313473                    /usr/lib/librt-2.22.so
7f889efe8000-7f889f0e5000 r-xp 00000000 08:01 1313477                    /usr/lib/libm-2.22.so
7f889f0e5000-7f889f2e4000 ---p 000fd000 08:01 1313477                    /usr/lib/libm-2.22.so
7f889f2e4000-7f889f2e5000 r--p 000fc000 08:01 1313477                    /usr/lib/libm-2.22.so
7f889f2e5000-7f889f2e6000 rw-p 000fd000 08:01 1313477                    /usr/lib/libm-2.22.so
7f889f2e6000-7f889ff94000 r-xp 00000000 08:01 919554                     /usr/lib/jvm/java-8-jdk/jre/lib/amd64/server/libjvm.so
7f889ff94000-7f88a0194000 ---p 00cae000 08:01 919554                     /usr/lib/jvm/java-8-jdk/jre/lib/amd64/server/libjvm.so
7f88a0194000-7f88a026b000 rw-p 00cae000 08:01 919554                     /usr/lib/jvm/java-8-jdk/jre/lib/amd64/server/libjvm.so
7f88a026b000-7f88a02af000 rw-p 00000000 00:00 0 
7f88a02af000-7f88a044a000 r-xp 00000000 08:01 1313484                    /usr/lib/libc-2.22.so
7f88a044a000-7f88a0649000 ---p 0019b000 08:01 1313484                    /usr/lib/libc-2.22.so
7f88a0649000-7f88a064d000 r--p 0019a000 08:01 1313484                    /usr/lib/libc-2.22.so
7f88a064d000-7f88a064f000 rw-p 0019e000 08:01 1313484                    /usr/lib/libc-2.22.so
7f88a064f000-7f88a0653000 rw-p 00000000 00:00 0 
7f88a0653000-7f88a0656000 r-xp 00000000 08:01 1313454                    /usr/lib/libdl-2.22.so
7f88a0656000-7f88a0855000 ---p 00003000 08:01 1313454                    /usr/lib/libdl-2.22.so
7f88a0855000-7f88a0856000 r--p 00002000 08:01 1313454                    /usr/lib/libdl-2.22.so
7f88a0856000-7f88a0857000 rw-p 00003000 08:01 1313454                    /usr/lib/libdl-2.22.so
7f88a0857000-7f88a086c000 r-xp 00000000 08:01 919553                     /usr/lib/jvm/java-8-jdk/jre/lib/amd64/jli/libjli.so
7f88a086c000-7f88a0a6c000 ---p 00015000 08:01 919553                     /usr/lib/jvm/java-8-jdk/jre/lib/amd64/jli/libjli.so
7f88a0a6c000-7f88a0a6d000 rw-p 00015000 08:01 919553                     /usr/lib/jvm/java-8-jdk/jre/lib/amd64/jli/libjli.so
7f88a0a6d000-7f88a0a85000 r-xp 00000000 08:01 1313490                    /usr/lib/libpthread-2.22.so
7f88a0a85000-7f88a0c84000 ---p 00018000 08:01 1313490                    /usr/lib/libpthread-2.22.so
7f88a0c84000-7f88a0c85000 r--p 00017000 08:01 1313490                    /usr/lib/libpthread-2.22.so
7f88a0c85000-7f88a0c86000 rw-p 00018000 08:01 1313490                    /usr/lib/libpthread-2.22.so
7f88a0c86000-7f88a0c8a000 rw-p 00000000 00:00 0 
7f88a0c8a000-7f88a0cac000 r-xp 00000000 08:01 1313451                    /usr/lib/ld-2.22.so
7f88a0cac000-7f88a0cad000 r--s 00000000 08:01 1854814                    /var/cache/fontconfig/6ba42ae0000f58711b5caaf10d690066-le64.cache-4
7f88a0cad000-7f88a0cb1000 r--s 0002f000 08:04 18219300                   /home/morrisseymarr/.m2/repository/com/fasterxml/jackson/core/jackson-core/2.1.4/jackson-core-2.1.4.jar
7f88a0cb1000-7f88a0cb7000 r--s 0002b000 08:04 14681090                   /home/morrisseymarr/.m2/repository/commons-digester/commons-digester/2.1/commons-digester-2.1.jar
7f88a0cb7000-7f88a0cc7000 rw-s 1382cb000 00:06 3003                      /dev/dri/card0
7f88a0cc7000-7f88a0d6b000 rw-p 00000000 00:00 0 
7f88a0d6b000-7f88a0d6e000 ---p 00000000 00:00 0 
7f88a0d6e000-7f88a0e70000 rw-p 00000000 00:00 0                          [stack:5724]
7f88a0e70000-7f88a0e72000 r--s 0000d000 08:04 8521386                    /home/morrisseymarr/.m2/repository/commons-logging/commons-logging/1.1.1/commons-logging-1.1.1.jar
7f88a0e72000-7f88a0e77000 r--s 00034000 08:04 14681088                   /home/morrisseymarr/.m2/repository/commons-beanutils/commons-beanutils/1.9.0/commons-beanutils-1.9.0.jar
7f88a0e77000-7f88a0e7b000 r--s 0002a000 08:04 14552484                   /home/morrisseymarr/.m2/repository/commons-io/commons-io/2.4/commons-io-2.4.jar
7f88a0e7b000-7f88a0e7c000 rw-s 13cbb1000 00:06 3003                      /dev/dri/card0
7f88a0e7c000-7f88a0e7d000 rw-s 13cbb0000 00:06 3003                      /dev/dri/card0
7f88a0e7d000-7f88a0e7e000 rw-s 13cbaf000 00:06 3003                      /dev/dri/card0
7f88a0e7e000-7f88a0e7f000 rw-s 00000000 00:05 147016                     /memfd:xshmfence (deleted)
7f88a0e7f000-7f88a0e8f000 rw-s 1382bb000 00:06 3003                      /dev/dri/card0
7f88a0e8f000-7f88a0ea0000 rw-p 00000000 00:00 0 
7f88a0ea0000-7f88a0ea8000 rw-s 00000000 00:1f 146901                     /tmp/hsperfdata_morrisseymarr/5722
7f88a0ea8000-7f88a0ea9000 rw-p 00000000 00:00 0 
7f88a0ea9000-7f88a0eaa000 r--p 00000000 00:00 0 
7f88a0eaa000-7f88a0eab000 rw-p 00000000 00:00 0 
7f88a0eab000-7f88a0eac000 r--p 00021000 08:01 1313451                    /usr/lib/ld-2.22.so
7f88a0eac000-7f88a0ead000 rw-p 00022000 08:01 1313451                    /usr/lib/ld-2.22.so
7f88a0ead000-7f88a0eae000 rw-p 00000000 00:00 0 
7ffcffeb6000-7ffcffed8000 rw-p 00000000 00:00 0                          [stack]
7ffcfffa0000-7ffcfffa2000 r--p 00000000 00:00 0                          [vvar]
7ffcfffa2000-7ffcfffa4000 r-xp 00000000 00:00 0                          [vdso]
ffffffffff600000-ffffffffff601000 r-xp 00000000 00:00 0                  [vsyscall]

VM Arguments:
jvm_args: -Dfile.encoding=UTF-8 
java_command: livinglikelarry.lapgas.Lapgas
java_class_path (initial): /home/morrisseymarr/workspace/lapgas/target/classes:/home/morrisseymarr/.m2/repository/commons-io/commons-io/2.4/commons-io-2.4.jar:/home/morrisseymarr/.m2/repository/net/sourceforge/dynamicreports/dynamicreports-core/4.0.1/dynamicreports-core-4.0.1.jar:/home/morrisseymarr/.m2/repository/net/sf/jasperreports/jasperreports/6.1.0/jasperreports-6.1.0.jar:/home/morrisseymarr/.m2/repository/commons-beanutils/commons-beanutils/1.9.0/commons-beanutils-1.9.0.jar:/home/morrisseymarr/.m2/repository/commons-collections/commons-collections/3.2.1/commons-collections-3.2.1.jar:/home/morrisseymarr/.m2/repository/commons-digester/commons-digester/2.1/commons-digester-2.1.jar:/home/morrisseymarr/.m2/repository/commons-logging/commons-logging/1.1.1/commons-logging-1.1.1.jar:/home/morrisseymarr/.m2/repository/com/lowagie/itext/2.1.7.js2/itext-2.1.7.js2.jar:/home/morrisseymarr/.m2/repository/bouncycastle/bcprov-jdk14/138/bcprov-jdk14-138.jar:/home/morrisseymarr/.m2/repository/jfree/jcommon/1.0.15/jcommon-1.0.15.jar:/home/morrisseymarr/.m2/repository/jfree/jfreechart/1.0.12/jfreechart-1.0.12.jar:/home/morrisseymarr/.m2/repository/xml-apis/xml-apis/1.3.02/xml-apis-1.3.02.jar:/home/morrisseymarr/.m2/repository/org/eclipse/jdt/core/compiler/ecj/4.3.1/ecj-4.3.1.jar:/home/morrisseymarr/.m2/repository/com/fasterxml/jackson/core/jackson-core/2.1.4/jackson-core-2.1.4.jar:/home/morrisseymarr/.m2/repository/com/fasterxml/jackson/core/jackson-databind/2.1.4/jackson-databind-2.1.4.jar:/home/morrisseymarr/.m2/repository/com/fasterxml/jackson/core/jackson-annotations/2.1.4/jackson-annotations-2.1.4.jar:/home/morrisseymarr/.m2/repository/org/apache/commons/commons-lang3/3.1/commons-lang3-3.1.jar:/home/morrisseymarr/.m2/repository/net/sf/barcode4j/barcode4j/2.0/barcode4j-2.0.jar:/home/morrisseymarr/.m2/repository/avalon-framework/avalon-framework-impl/4.2.0/avalon-framework-impl-4.2.0.jar:/home/morrisseymarr/.m2/repository/org/javalite/activejdbc/1.4.11/activejdbc-1.4.11.ja
Launcher Type: SUN_STANDARD

Environment Variables:
PATH=/usr/local/sbin:/usr/local/bin:/usr/bin:/usr/lib/jvm/default/bin:/usr/bin/site_perl:/usr/bin/vendor_perl:/usr/bin/core_perl:/opt/staruml/:/home/morrisseymarr/.composer/vendor/bin:/opt/lampp/bin:/home/morrisseymarr/.cabal/bin
SHELL=/bin/bash
DISPLAY=:0.0

Signal Handlers:
SIGSEGV: [libjvm.so+0xaad540], sa_mask[0]=11111111011111111101111111111110, sa_flags=SA_RESTART|SA_SIGINFO
SIGBUS: [libjvm.so+0xaad540], sa_mask[0]=11111111011111111101111111111110, sa_flags=SA_RESTART|SA_SIGINFO
SIGFPE: [libjvm.so+0x90b6b0], sa_mask[0]=11111111011111111101111111111110, sa_flags=SA_RESTART|SA_SIGINFO
SIGPIPE: SIG_IGN, sa_mask[0]=00000000000010000000000000000000, sa_flags=SA_RESTART
SIGXFSZ: [libjvm.so+0x90b6b0], sa_mask[0]=11111111011111111101111111111110, sa_flags=SA_RESTART|SA_SIGINFO
SIGILL: [libjvm.so+0x90b6b0], sa_mask[0]=11111111011111111101111111111110, sa_flags=SA_RESTART|SA_SIGINFO
SIGUSR1: SIG_DFL, sa_mask[0]=00000000000000000000000000000000, sa_flags=none
SIGUSR2: [libjvm.so+0x90ccf0], sa_mask[0]=00100000000000000000000000000000, sa_flags=SA_RESTART|SA_SIGINFO
SIGHUP: [libjvm.so+0x90e040], sa_mask[0]=11111111011111111101111111111110, sa_flags=SA_RESTART|SA_SIGINFO
SIGINT: [libjvm.so+0x90e040], sa_mask[0]=11111111011111111101111111111110, sa_flags=SA_RESTART|SA_SIGINFO
SIGTERM: [libjvm.so+0x90e040], sa_mask[0]=11111111011111111101111111111110, sa_flags=SA_RESTART|SA_SIGINFO
SIGQUIT: [libjvm.so+0x90e040], sa_mask[0]=11111111011111111101111111111110, sa_flags=SA_RESTART|SA_SIGINFO


---------------  S Y S T E M  ---------------

OS:NAME="Arch Linux"
ID=arch
PRETTY_NAME="Arch Linux"
ANSI_COLOR="0;36"
HOME_URL="https://www.archlinux.org/"
SUPPORT_URL="https://bbs.archlinux.org/"
BUG_REPORT_URL="https://bugs.archlinux.org/"


uname:Linux 4.1.6-1-ARCH #1 SMP PREEMPT Mon Aug 17 08:52:28 CEST 2015 x86_64
libc:glibc 2.22 NPTL 2.22 
rlimit: STACK 8192k, CORE 0k, NPROC 13527, NOFILE 4096, AS infinity
load average:0.66 0.54 0.55

/proc/meminfo:
MemTotal:        3534552 kB
MemFree:          126828 kB
MemAvailable:    1103800 kB
Buffers:           80076 kB
Cached:           905260 kB
SwapCached:         1260 kB
Active:          2171656 kB
Inactive:        1024756 kB
Active(anon):    1563968 kB
Inactive(anon):   697436 kB
Active(file):     607688 kB
Inactive(file):   327320 kB
Unevictable:          32 kB
Mlocked:              32 kB
SwapTotal:       4194300 kB
SwapFree:        4165892 kB
Dirty:               288 kB
Writeback:             0 kB
AnonPages:       2210200 kB
Mapped:           351300 kB
Shmem:             50264 kB
Slab:              93756 kB
SReclaimable:      69720 kB
SUnreclaim:        24036 kB
KernelStack:        7440 kB
PageTables:        30772 kB
NFS_Unstable:          0 kB
Bounce:                0 kB
WritebackTmp:          0 kB
CommitLimit:     5961576 kB
Committed_AS:    4985832 kB
VmallocTotal:   34359738367 kB
VmallocUsed:      309896 kB
VmallocChunk:   34358947836 kB
HardwareCorrupted:     0 kB
AnonHugePages:   1382400 kB
HugePages_Total:       0
HugePages_Free:        0
HugePages_Rsvd:        0
HugePages_Surp:        0
Hugepagesize:       2048 kB
DirectMap4k:      134016 kB
DirectMap2M:     3534848 kB
DirectMap1G:           0 kB


CPU:total 3 (3 cores per cpu, 1 threads per core) family 16 model 5 stepping 2, cmov, cx8, fxsr, mmx, sse, sse2, sse3, popcnt, mmxext, 3dnowpref, lzcnt, sse4a, tsc, tscinvbit, tscinv

/proc/cpuinfo:
processor	: 0
vendor_id	: AuthenticAMD
cpu family	: 16
model		: 5
model name	: AMD Athlon(tm) II X3 440 Processor
stepping	: 2
microcode	: 0x10000db
cpu MHz		: 2900.000
cache size	: 512 KB
physical id	: 0
siblings	: 3
core id		: 0
cpu cores	: 3
apicid		: 0
initial apicid	: 0
fpu		: yes
fpu_exception	: yes
cpuid level	: 5
wp		: yes
flags		: fpu vme de pse tsc msr pae mce cx8 apic sep mtrr pge mca cmov pat pse36 clflush mmx fxsr sse sse2 ht syscall nx mmxext fxsr_opt pdpe1gb rdtscp lm 3dnowext 3dnow constant_tsc rep_good nopl nonstop_tsc extd_apicid pni monitor cx16 popcnt lahf_lm cmp_legacy svm extapic cr8_legacy abm sse4a misalignsse 3dnowprefetch osvw ibs skinit wdt hw_pstate npt lbrv svm_lock nrip_save vmmcall
bugs		: tlb_mmatch fxsave_leak sysret_ss_attrs
bogomips	: 6092.40
TLB size	: 1024 4K pages
clflush size	: 64
cache_alignment	: 64
address sizes	: 48 bits physical, 48 bits virtual
power management: ts ttp tm stc 100mhzsteps hwpstate

processor	: 1
vendor_id	: AuthenticAMD
cpu family	: 16
model		: 5
model name	: AMD Athlon(tm) II X3 440 Processor
stepping	: 2
microcode	: 0x10000db
cpu MHz		: 2900.000
cache size	: 512 KB
physical id	: 0
siblings	: 3
core id		: 1
cpu cores	: 3
apicid		: 1
initial apicid	: 1
fpu		: yes
fpu_exception	: yes
cpuid level	: 5
wp		: yes
flags		: fpu vme de pse tsc msr pae mce cx8 apic sep mtrr pge mca cmov pat pse36 clflush mmx fxsr sse sse2 ht syscall nx mmxext fxsr_opt pdpe1gb rdtscp lm 3dnowext 3dnow constant_tsc rep_good nopl nonstop_tsc extd_apicid pni monitor cx16 popcnt lahf_lm cmp_legacy svm extapic cr8_legacy abm sse4a misalignsse 3dnowprefetch osvw ibs skinit wdt hw_pstate npt lbrv svm_lock nrip_save vmmcall
bugs		: tlb_mmatch fxsave_leak sysret_ss_attrs
bogomips	: 6092.40
TLB size	: 1024 4K pages
clflush size	: 64
cache_alignment	: 64
address sizes	: 48 bits physical, 48 bits virtual
power management: ts ttp tm stc 100mhzsteps hwpstate

processor	: 2
vendor_id	: AuthenticAMD
cpu family	: 16
model		: 5
model name	: AMD Athlon(tm) II X3 440 Processor
stepping	: 2
microcode	: 0x10000db
cpu MHz		: 2300.000
cache size	: 512 KB
physical id	: 0
siblings	: 3
core id		: 2
cpu cores	: 3
apicid		: 2
initial apicid	: 2
fpu		: yes
fpu_exception	: yes
cpuid level	: 5
wp		: yes
flags		: fpu vme de pse tsc msr pae mce cx8 apic sep mtrr pge mca cmov pat pse36 clflush mmx fxsr sse sse2 ht syscall nx mmxext fxsr_opt pdpe1gb rdtscp lm 3dnowext 3dnow constant_tsc rep_good nopl nonstop_tsc extd_apicid pni monitor cx16 popcnt lahf_lm cmp_legacy svm extapic cr8_legacy abm sse4a misalignsse 3dnowprefetch osvw ibs skinit wdt hw_pstate npt lbrv svm_lock nrip_save vmmcall
bugs		: tlb_mmatch fxsave_leak sysret_ss_attrs
bogomips	: 6092.40
TLB size	: 1024 4K pages
clflush size	: 64
cache_alignment	: 64
address sizes	: 48 bits physical, 48 bits virtual
power management: ts ttp tm stc 100mhzsteps hwpstate



Memory: 4k page, physical 3534552k(126828k free), swap 4194300k(4165892k free)

vm_info: Java HotSpot(TM) 64-Bit Server VM (25.51-b03) for linux-amd64 JRE (1.8.0_51-b16), built on Jun  8 2015 19:28:07 by "java_re" with gcc 4.3.0 20080428 (Red Hat 4.3.0-8)

time: Sun Sep 20 07:13:13 2015
elapsed time: 9 seconds (0d 0h 0m 9s)

